2020-11-16 10:32:35 17788 [Note] Plugin 'FEDERATED' is disabled.
2020-11-16 10:32:35 17788 [Note] InnoDB: The InnoDB memory heap is disabled
2020-11-16 10:32:35 17788 [Note] InnoDB: Mutexes and rw_locks use Windows interlocked functions
2020-11-16 10:32:35 17788 [Note] InnoDB: Compressed tables use zlib 1.2.3
2020-11-16 10:32:35 17788 [Note] InnoDB: Not using CPU crc32 instructions
2020-11-16 10:32:35 17788 [Note] InnoDB: Initializing buffer pool, size = 128.0M
2020-11-16 10:32:35 17788 [Note] InnoDB: Completed initialization of buffer pool
2020-11-16 10:32:35 17788 [Note] InnoDB: Highest supported file format is Barracuda.
2020-11-16 10:32:35 17788 [Note] InnoDB: The log sequence numbers 1769550 and 1769550 in ibdata files do not match the log sequence number 1769580 in the ib_logfiles!
2020-11-16 10:32:35 17788 [Note] InnoDB: Database was not shutdown normally!
2020-11-16 10:32:35 17788 [Note] InnoDB: Starting crash recovery.
2020-11-16 10:32:35 17788 [Note] InnoDB: Reading tablespace information from the .ibd files...
2020-11-16 10:32:35 17788 [Note] InnoDB: Restoring possible half-written data pages 
2020-11-16 10:32:35 17788 [Note] InnoDB: from the doublewrite buffer...
2020-11-16 10:32:36 17788 [Note] InnoDB: 128 rollback segment(s) are active.
2020-11-16 10:32:36 17788 [Note] InnoDB: Waiting for purge to start
2020-11-16 10:32:36 17788 [Note] InnoDB: 5.6.13 started; log sequence number 1769580
2020-11-16 10:32:36 17788 [Note] Server hostname (bind-address): '*'; port: 3307
2020-11-16 10:32:36 17788 [Note] IPv6 is available.
2020-11-16 10:32:36 17788 [Note]   - '::' resolves to '::';
2020-11-16 10:32:36 17788 [Note] Server socket created on IP: '::'.
2020-11-16 10:32:36 17788 [ERROR] Can't start server: Bind on TCP/IP port: No such file or directory
2020-11-16 10:32:36 17788 [ERROR] Do you already have another mysqld server running on port: 3307 ?
2020-11-16 10:32:36 17788 [ERROR] Aborting

2020-11-16 10:32:36 17788 [Note] Binlog end
2020-11-16 10:32:36 17788 [Note] Shutting down plugin 'partition'
2020-11-16 10:32:36 17788 [Note] Shutting down plugin 'PERFORMANCE_SCHEMA'
2020-11-16 10:32:36 17788 [Note] Shutting down plugin 'INNODB_SYS_DATAFILES'
2020-11-16 10:32:36 17788 [Note] Shutting down plugin 'INNODB_SYS_TABLESPACES'
2020-11-16 10:32:36 17788 [Note] Shutting down plugin 'INNODB_SYS_FOREIGN_COLS'
2020-11-16 10:32:36 17788 [Note] Shutting down plugin 'INNODB_SYS_FOREIGN'
2020-11-16 10:32:36 17788 [Note] Shutting down plugin 'INNODB_SYS_FIELDS'
2020-11-16 10:32:36 17788 [Note] Shutting down plugin 'INNODB_SYS_COLUMNS'
2020-11-16 10:32:36 17788 [Note] Shutting down plugin 'INNODB_SYS_INDEXES'
2020-11-16 10:32:36 17788 [Note] Shutting down plugin 'INNODB_SYS_TABLESTATS'
2020-11-16 10:32:36 17788 [Note] Shutting down plugin 'INNODB_SYS_TABLES'
2020-11-16 10:32:36 17788 [Note] Shutting down plugin 'INNODB_FT_INDEX_TABLE'
2020-11-16 10:32:36 17788 [Note] Shutting down plugin 'INNODB_FT_INDEX_CACHE'
2020-11-16 10:32:36 17788 [Note] Shutting down plugin 'INNODB_FT_CONFIG'
2020-11-16 10:32:36 17788 [Note] Shutting down plugin 'INNODB_FT_BEING_DELETED'
2020-11-16 10:32:36 17788 [Note] Shutting down plugin 'INNODB_FT_DELETED'
2020-11-16 10:32:36 17788 [Note] Shutting down plugin 'INNODB_FT_DEFAULT_STOPWORD'
2020-11-16 10:32:36 17788 [Note] Shutting down plugin 'INNODB_METRICS'
2020-11-16 10:32:36 17788 [Note] Shutting down plugin 'INNODB_BUFFER_POOL_STATS'
2020-11-16 10:32:36 17788 [Note] Shutting down plugin 'INNODB_BUFFER_PAGE_LRU'
2020-11-16 10:32:36 17788 [Note] Shutting down plugin 'INNODB_BUFFER_PAGE'
2020-11-16 10:32:36 17788 [Note] Shutting down plugin 'INNODB_CMP_PER_INDEX_RESET'
2020-11-16 10:32:36 17788 [Note] Shutting down plugin 'INNODB_CMP_PER_INDEX'
2020-11-16 10:32:36 17788 [Note] Shutting down plugin 'INNODB_CMPMEM_RESET'
2020-11-16 10:32:36 17788 [Note] Shutting down plugin 'INNODB_CMPMEM'
2020-11-16 10:32:36 17788 [Note] Shutting down plugin 'INNODB_CMP_RESET'
2020-11-16 10:32:36 17788 [Note] Shutting down plugin 'INNODB_CMP'
2020-11-16 10:32:36 17788 [Note] Shutting down plugin 'INNODB_LOCK_WAITS'
2020-11-16 10:32:36 17788 [Note] Shutting down plugin 'INNODB_LOCKS'
2020-11-16 10:32:36 17788 [Note] Shutting down plugin 'INNODB_TRX'
2020-11-16 10:32:36 17788 [Note] Shutting down plugin 'InnoDB'
2020-11-16 10:32:36 17788 [Note] InnoDB: FTS optimize thread exiting.
2020-11-16 10:32:36 17788 [Note] InnoDB: Starting shutdown...
2020-11-16 10:32:37 17788 [Note] InnoDB: Shutdown completed; log sequence number 1769590
2020-11-16 10:32:37 17788 [Note] Shutting down plugin 'BLACKHOLE'
2020-11-16 10:32:37 17788 [Note] Shutting down plugin 'ARCHIVE'
2020-11-16 10:32:37 17788 [Note] Shutting down plugin 'MRG_MYISAM'
2020-11-16 10:32:37 17788 [Note] Shutting down plugin 'MyISAM'
2020-11-16 10:32:37 17788 [Note] Shutting down plugin 'MEMORY'
2020-11-16 10:32:37 17788 [Note] Shutting down plugin 'CSV'
2020-11-16 10:32:37 17788 [Note] Shutting down plugin 'sha256_password'
2020-11-16 10:32:37 17788 [Note] Shutting down plugin 'mysql_old_password'
2020-11-16 10:32:37 17788 [Note] Shutting down plugin 'mysql_native_password'
2020-11-16 10:32:37 17788 [Note] Shutting down plugin 'binlog'
2020-11-16 10:32:37 17788 [Note] C:\Users\DanGa\OneDrive\Documents\FDSE\Year 2\Software_Testing\Assignment\USBWebserver v8.7/mysql/bin/mysqld_usbwv8.exe: Shutdown complete

2020-11-30 13:31:36 14960 [Note] Plugin 'FEDERATED' is disabled.
2020-11-30 13:31:36 14960 [Note] InnoDB: The InnoDB memory heap is disabled
2020-11-30 13:31:36 14960 [Note] InnoDB: Mutexes and rw_locks use Windows interlocked functions
2020-11-30 13:31:36 14960 [Note] InnoDB: Compressed tables use zlib 1.2.3
2020-11-30 13:31:36 14960 [Note] InnoDB: Not using CPU crc32 instructions
2020-11-30 13:31:36 14960 [Note] InnoDB: Initializing buffer pool, size = 128.0M
2020-11-30 13:31:37 14960 [Note] InnoDB: Completed initialization of buffer pool
2020-11-30 13:31:37 14960 [Note] InnoDB: Highest supported file format is Barracuda.
2020-11-30 13:31:37 14960 [Note] InnoDB: 128 rollback segment(s) are active.
2020-11-30 13:31:37 14960 [Note] InnoDB: Waiting for purge to start
2020-11-30 13:31:37 14960 [Note] InnoDB: 5.6.13 started; log sequence number 1769590
2020-11-30 13:31:37 14960 [Note] Server hostname (bind-address): '*'; port: 3307
2020-11-30 13:31:37 14960 [Note] IPv6 is available.
2020-11-30 13:31:37 14960 [Note]   - '::' resolves to '::';
2020-11-30 13:31:37 14960 [Note] Server socket created on IP: '::'.
2020-11-30 13:35:02 7084 [Note] Plugin 'FEDERATED' is disabled.
2020-11-30 13:35:02 7084 [Note] InnoDB: The InnoDB memory heap is disabled
2020-11-30 13:35:02 7084 [Note] InnoDB: Mutexes and rw_locks use Windows interlocked functions
2020-11-30 13:35:02 7084 [Note] InnoDB: Compressed tables use zlib 1.2.3
2020-11-30 13:35:02 7084 [Note] InnoDB: Not using CPU crc32 instructions
2020-11-30 13:35:02 7084 [Note] InnoDB: Initializing buffer pool, size = 128.0M
2020-11-30 13:35:02 7084 [Note] InnoDB: Completed initialization of buffer pool
2020-11-30 13:35:02 7084 [Note] InnoDB: Highest supported file format is Barracuda.
2020-11-30 13:35:02 7084 [Note] InnoDB: The log sequence numbers 1769590 and 1769590 in ibdata files do not match the log sequence number 1769600 in the ib_logfiles!
2020-11-30 13:35:02 7084 [Note] InnoDB: Database was not shutdown normally!
2020-11-30 13:35:02 7084 [Note] InnoDB: Starting crash recovery.
2020-11-30 13:35:02 7084 [Note] InnoDB: Reading tablespace information from the .ibd files...
2020-11-30 13:35:02 7084 [Note] InnoDB: Restoring possible half-written data pages 
2020-11-30 13:35:02 7084 [Note] InnoDB: from the doublewrite buffer...
2020-11-30 13:35:02 7084 [Note] InnoDB: 128 rollback segment(s) are active.
2020-11-30 13:35:02 7084 [Note] InnoDB: Waiting for purge to start
2020-11-30 13:35:02 7084 [Note] InnoDB: 5.6.13 started; log sequence number 1769600
2020-11-30 13:35:02 7084 [Note] Server hostname (bind-address): '*'; port: 3307
2020-11-30 13:35:02 7084 [Note] IPv6 is available.
2020-11-30 13:35:02 7084 [Note]   - '::' resolves to '::';
2020-11-30 13:35:02 7084 [Note] Server socket created on IP: '::'.
2020-11-30 13:35:58 19252 [Note] Plugin 'FEDERATED' is disabled.
2020-11-30 13:35:58 19252 [Note] InnoDB: The InnoDB memory heap is disabled
2020-11-30 13:35:58 19252 [Note] InnoDB: Mutexes and rw_locks use Windows interlocked functions
2020-11-30 13:35:58 19252 [Note] InnoDB: Compressed tables use zlib 1.2.3
2020-11-30 13:35:58 19252 [Note] InnoDB: Not using CPU crc32 instructions
2020-11-30 13:35:58 19252 [Note] InnoDB: Initializing buffer pool, size = 128.0M
2020-11-30 13:35:58 19252 [Note] InnoDB: Completed initialization of buffer pool
2020-11-30 13:35:58 19252 [Note] InnoDB: Highest supported file format is Barracuda.
2020-11-30 13:35:58 19252 [Note] InnoDB: The log sequence numbers 1769590 and 1769590 in ibdata files do not match the log sequence number 1769610 in the ib_logfiles!
2020-11-30 13:35:58 19252 [Note] InnoDB: Database was not shutdown normally!
2020-11-30 13:35:58 19252 [Note] InnoDB: Starting crash recovery.
2020-11-30 13:35:58 19252 [Note] InnoDB: Reading tablespace information from the .ibd files...
2020-11-30 13:35:58 19252 [Note] InnoDB: Restoring possible half-written data pages 
2020-11-30 13:35:58 19252 [Note] InnoDB: from the doublewrite buffer...
2020-11-30 13:35:59 19252 [Note] InnoDB: 128 rollback segment(s) are active.
2020-11-30 13:35:59 19252 [Note] InnoDB: Waiting for purge to start
2020-11-30 13:35:59 19252 [Note] InnoDB: 5.6.13 started; log sequence number 1769610
2020-11-30 13:35:59 19252 [Note] Server hostname (bind-address): '*'; port: 3307
2020-11-30 13:35:59 19252 [Note] IPv6 is available.
2020-11-30 13:35:59 19252 [Note]   - '::' resolves to '::';
2020-11-30 13:35:59 19252 [Note] Server socket created on IP: '::'.
