2023-09-29 16:27:14 11004 [Note] Plugin 'FEDERATED' is disabled.
2023-09-29 16:27:14 11004 [Note] InnoDB: The InnoDB memory heap is disabled
2023-09-29 16:27:14 11004 [Note] InnoDB: Mutexes and rw_locks use Windows interlocked functions
2023-09-29 16:27:14 11004 [Note] InnoDB: Compressed tables use zlib 1.2.3
2023-09-29 16:27:14 11004 [Note] InnoDB: Not using CPU crc32 instructions
2023-09-29 16:27:14 11004 [Note] InnoDB: Initializing buffer pool, size = 128.0M
2023-09-29 16:27:14 11004 [Note] InnoDB: Completed initialization of buffer pool
2023-09-29 16:27:14 11004 [Note] InnoDB: Highest supported file format is Barracuda.
2023-09-29 16:27:14 11004 [Note] InnoDB: The log sequence numbers 1769590 and 1769590 in ibdata files do not match the log sequence number 1769620 in the ib_logfiles!
2023-09-29 16:27:14 11004 [Note] InnoDB: Database was not shutdown normally!
2023-09-29 16:27:14 11004 [Note] InnoDB: Starting crash recovery.
2023-09-29 16:27:14 11004 [Note] InnoDB: Reading tablespace information from the .ibd files...
2023-09-29 16:27:15 11004 [Note] InnoDB: Restoring possible half-written data pages 
2023-09-29 16:27:15 11004 [Note] InnoDB: from the doublewrite buffer...
2023-09-29 16:27:15 11004 [Note] InnoDB: 128 rollback segment(s) are active.
2023-09-29 16:27:15 11004 [Note] InnoDB: Waiting for purge to start
2023-09-29 16:27:15 11004 [Note] InnoDB: 5.6.13 started; log sequence number 1769620
2023-09-29 16:27:15 11004 [Note] Server hostname (bind-address): '*'; port: 3307
2023-09-29 16:27:15 11004 [Note] IPv6 is available.
2023-09-29 16:27:15 11004 [Note]   - '::' resolves to '::';
2023-09-29 16:27:15 11004 [Note] Server socket created on IP: '::'.
2023-09-29 16:28:20 13788 [Note] Plugin 'FEDERATED' is disabled.
2023-09-29 16:28:20 13788 [Note] InnoDB: The InnoDB memory heap is disabled
2023-09-29 16:28:20 13788 [Note] InnoDB: Mutexes and rw_locks use Windows interlocked functions
2023-09-29 16:28:20 13788 [Note] InnoDB: Compressed tables use zlib 1.2.3
2023-09-29 16:28:20 13788 [Note] InnoDB: Not using CPU crc32 instructions
2023-09-29 16:28:20 13788 [Note] InnoDB: Initializing buffer pool, size = 128.0M
2023-09-29 16:28:20 13788 [Note] InnoDB: Completed initialization of buffer pool
2023-09-29 16:28:20 13788 [Note] InnoDB: Highest supported file format is Barracuda.
2023-09-29 16:28:20 13788 [Note] InnoDB: The log sequence numbers 1769590 and 1769590 in ibdata files do not match the log sequence number 1769630 in the ib_logfiles!
2023-09-29 16:28:20 13788 [Note] InnoDB: Database was not shutdown normally!
2023-09-29 16:28:20 13788 [Note] InnoDB: Starting crash recovery.
2023-09-29 16:28:20 13788 [Note] InnoDB: Reading tablespace information from the .ibd files...
2023-09-29 16:28:21 13788 [Note] InnoDB: Restoring possible half-written data pages 
2023-09-29 16:28:21 13788 [Note] InnoDB: from the doublewrite buffer...
2023-09-29 16:28:21 13788 [Note] InnoDB: 128 rollback segment(s) are active.
2023-09-29 16:28:21 13788 [Note] InnoDB: Waiting for purge to start
2023-09-29 16:28:21 13788 [Note] InnoDB: 5.6.13 started; log sequence number 1769630
2023-09-29 16:28:21 13788 [Note] Server hostname (bind-address): '*'; port: 3307
2023-09-29 16:28:21 13788 [Note] IPv6 is available.
2023-09-29 16:28:21 13788 [Note]   - '::' resolves to '::';
2023-09-29 16:28:21 13788 [Note] Server socket created on IP: '::'.
