2020-09-02 12:49:08 2976 [Note] Plugin 'FEDERATED' is disabled.
2020-09-02 12:49:09 2976 [Note] InnoDB: The InnoDB memory heap is disabled
2020-09-02 12:49:09 2976 [Note] InnoDB: Mutexes and rw_locks use Windows interlocked functions
2020-09-02 12:49:09 2976 [Note] InnoDB: Compressed tables use zlib 1.2.3
2020-09-02 12:49:09 2976 [Note] InnoDB: Not using CPU crc32 instructions
2020-09-02 12:49:09 2976 [Note] InnoDB: Initializing buffer pool, size = 128.0M
2020-09-02 12:49:09 2976 [Note] InnoDB: Completed initialization of buffer pool
2020-09-02 12:49:10 2976 [Note] InnoDB: Highest supported file format is Barracuda.
2020-09-02 12:49:10 2976 [Note] InnoDB: The log sequence numbers 1626134 and 1626134 in ibdata files do not match the log sequence number 1649098 in the ib_logfiles!
2020-09-02 12:49:10 2976 [Note] InnoDB: Database was not shutdown normally!
2020-09-02 12:49:10 2976 [Note] InnoDB: Starting crash recovery.
2020-09-02 12:49:10 2976 [Note] InnoDB: Reading tablespace information from the .ibd files...
2020-09-02 12:49:10 2976 [Note] InnoDB: Restoring possible half-written data pages 
2020-09-02 12:49:10 2976 [Note] InnoDB: from the doublewrite buffer...
2020-09-02 12:49:12 2976 [Note] InnoDB: 128 rollback segment(s) are active.
2020-09-02 12:49:12 2976 [Note] InnoDB: Waiting for purge to start
2020-09-02 12:49:12 2976 [Note] InnoDB: 5.6.13 started; log sequence number 1649098
2020-09-02 12:49:12 2976 [Note] Server hostname (bind-address): '*'; port: 3307
2020-09-02 12:49:12 2976 [Note] IPv6 is available.
2020-09-02 12:49:12 2976 [Note]   - '::' resolves to '::';
2020-09-02 12:49:12 2976 [Note] Server socket created on IP: '::'.
2020-09-02 12:49:24 2976 [Note] Event Scheduler: Loaded 0 events
2020-09-02 12:49:26 2976 [Note] D:\USBWebserver v8.6/mysql/bin/mysqld_usbwv8.exe: ready for connections.
Version: '5.6.13'  socket: ''  port: 3307  MySQL Community Server (GPL)
2020-09-02 13:28:16 3500 [Note] Plugin 'FEDERATED' is disabled.
2020-09-02 13:28:16 3500 [Note] InnoDB: The InnoDB memory heap is disabled
2020-09-02 13:28:16 3500 [Note] InnoDB: Mutexes and rw_locks use Windows interlocked functions
2020-09-02 13:28:16 3500 [Note] InnoDB: Compressed tables use zlib 1.2.3
2020-09-02 13:28:16 3500 [Note] InnoDB: Not using CPU crc32 instructions
2020-09-02 13:28:16 3500 [Note] InnoDB: Initializing buffer pool, size = 128.0M
2020-09-02 13:28:16 3500 [Note] InnoDB: Completed initialization of buffer pool
2020-09-02 13:28:16 3500 [ERROR] InnoDB: D:\USBWebserver v8.6\mysql\data\ibdata1 can't be opened in read-write mode
2020-09-02 13:28:16 3500 [ERROR] InnoDB: The system tablespace must be writable!
2020-09-02 13:28:16 3500 [ERROR] Plugin 'InnoDB' init function returned error.
2020-09-02 13:28:16 3500 [ERROR] Plugin 'InnoDB' registration as a STORAGE ENGINE failed.
2020-09-02 13:28:16 3500 [ERROR] Unknown/unsupported storage engine: InnoDB
2020-09-02 13:28:16 3500 [ERROR] Aborting

2020-09-02 13:28:16 3500 [Note] Binlog end
2020-09-02 13:28:16 3500 [Note] Shutting down plugin 'partition'
2020-09-02 13:28:16 3500 [Note] Shutting down plugin 'PERFORMANCE_SCHEMA'
2020-09-02 13:28:16 3500 [Note] Shutting down plugin 'INNODB_SYS_DATAFILES'
2020-09-02 13:28:16 3500 [Note] Shutting down plugin 'INNODB_SYS_TABLESPACES'
2020-09-02 13:28:16 3500 [Note] Shutting down plugin 'INNODB_SYS_FOREIGN_COLS'
2020-09-02 13:28:16 3500 [Note] Shutting down plugin 'INNODB_SYS_FOREIGN'
2020-09-02 13:28:16 3500 [Note] Shutting down plugin 'INNODB_SYS_FIELDS'
2020-09-02 13:28:16 3500 [Note] Shutting down plugin 'INNODB_SYS_COLUMNS'
2020-09-02 13:28:16 3500 [Note] Shutting down plugin 'INNODB_SYS_INDEXES'
2020-09-02 13:28:16 3500 [Note] Shutting down plugin 'INNODB_SYS_TABLESTATS'
2020-09-02 13:28:16 3500 [Note] Shutting down plugin 'INNODB_SYS_TABLES'
2020-09-02 13:28:16 3500 [Note] Shutting down plugin 'INNODB_FT_INDEX_TABLE'
2020-09-02 13:28:16 3500 [Note] Shutting down plugin 'INNODB_FT_INDEX_CACHE'
2020-09-02 13:28:16 3500 [Note] Shutting down plugin 'INNODB_FT_CONFIG'
2020-09-02 13:28:17 3500 [Note] Shutting down plugin 'INNODB_FT_BEING_DELETED'
2020-09-02 13:28:17 3500 [Note] Shutting down plugin 'INNODB_FT_DELETED'
2020-09-02 13:28:17 3500 [Note] Shutting down plugin 'INNODB_FT_DEFAULT_STOPWORD'
2020-09-02 13:28:17 3500 [Note] Shutting down plugin 'INNODB_METRICS'
2020-09-02 13:28:17 3500 [Note] Shutting down plugin 'INNODB_BUFFER_POOL_STATS'
2020-09-02 13:28:17 3500 [Note] Shutting down plugin 'INNODB_BUFFER_PAGE_LRU'
2020-09-02 13:28:17 3500 [Note] Shutting down plugin 'INNODB_BUFFER_PAGE'
2020-09-02 13:28:17 3500 [Note] Shutting down plugin 'INNODB_CMP_PER_INDEX_RESET'
2020-09-02 13:28:17 3500 [Note] Shutting down plugin 'INNODB_CMP_PER_INDEX'
2020-09-02 13:28:17 3500 [Note] Shutting down plugin 'INNODB_CMPMEM_RESET'
2020-09-02 13:28:17 3500 [Note] Shutting down plugin 'INNODB_CMPMEM'
2020-09-02 13:28:17 3500 [Note] Shutting down plugin 'INNODB_CMP_RESET'
2020-09-02 13:28:17 3500 [Note] Shutting down plugin 'INNODB_CMP'
2020-09-02 13:28:17 3500 [Note] Shutting down plugin 'INNODB_LOCK_WAITS'
2020-09-02 13:28:17 3500 [Note] Shutting down plugin 'INNODB_LOCKS'
2020-09-02 13:28:17 3500 [Note] Shutting down plugin 'INNODB_TRX'
2020-09-02 13:28:17 3500 [Note] Shutting down plugin 'BLACKHOLE'
2020-09-02 13:28:17 3500 [Note] Shutting down plugin 'ARCHIVE'
2020-09-02 13:28:17 3500 [Note] Shutting down plugin 'MRG_MYISAM'
2020-09-02 13:28:17 3500 [Note] Shutting down plugin 'MyISAM'
2020-09-02 13:28:17 3500 [Note] Shutting down plugin 'MEMORY'
2020-09-02 13:28:17 3500 [Note] Shutting down plugin 'CSV'
2020-09-02 13:28:17 3500 [Note] Shutting down plugin 'sha256_password'
2020-09-02 13:28:17 3500 [Note] Shutting down plugin 'mysql_old_password'
2020-09-02 13:28:17 3500 [Note] Shutting down plugin 'mysql_native_password'
2020-09-02 13:28:17 3500 [Note] Shutting down plugin 'binlog'
2020-09-02 13:28:17 3500 [Note] D:\USBWebserver v8.6/mysql/bin/mysqld_usbwv8.exe: Shutdown complete

2020-09-02 13:58:04 18500 [Note] Plugin 'FEDERATED' is disabled.
2020-09-02 13:58:04 18500 [Note] InnoDB: The InnoDB memory heap is disabled
2020-09-02 13:58:04 18500 [Note] InnoDB: Mutexes and rw_locks use Windows interlocked functions
2020-09-02 13:58:04 18500 [Note] InnoDB: Compressed tables use zlib 1.2.3
2020-09-02 13:58:04 18500 [Note] InnoDB: Not using CPU crc32 instructions
2020-09-02 13:58:04 18500 [Note] InnoDB: Initializing buffer pool, size = 128.0M
2020-09-02 13:58:04 18500 [Note] InnoDB: Completed initialization of buffer pool
2020-09-02 13:58:04 18500 [Note] InnoDB: Highest supported file format is Barracuda.
2020-09-02 13:58:04 18500 [Note] InnoDB: The log sequence numbers 1626134 and 1626134 in ibdata files do not match the log sequence number 1649108 in the ib_logfiles!
2020-09-02 13:58:04 18500 [Note] InnoDB: Database was not shutdown normally!
2020-09-02 13:58:04 18500 [Note] InnoDB: Starting crash recovery.
2020-09-02 13:58:04 18500 [Note] InnoDB: Reading tablespace information from the .ibd files...
2020-09-02 13:58:04 18500 [Note] InnoDB: Restoring possible half-written data pages 
2020-09-02 13:58:04 18500 [Note] InnoDB: from the doublewrite buffer...
2020-09-02 13:58:04 18500 [Note] InnoDB: 128 rollback segment(s) are active.
2020-09-02 13:58:04 18500 [Note] InnoDB: Waiting for purge to start
2020-09-02 13:58:04 18500 [Note] InnoDB: 5.6.13 started; log sequence number 1649108
2020-09-02 13:58:04 18500 [Note] Server hostname (bind-address): '*'; port: 3307
2020-09-02 13:58:04 18500 [Note] IPv6 is available.
2020-09-02 13:58:04 18500 [Note]   - '::' resolves to '::';
2020-09-02 13:58:04 18500 [Note] Server socket created on IP: '::'.
2020-09-02 13:58:04 18500 [Note] Event Scheduler: Loaded 0 events
2020-09-02 13:58:04 18500 [Note] D:\USBWebserver v8.6/mysql/bin/mysqld_usbwv8.exe: ready for connections.
Version: '5.6.13'  socket: ''  port: 3307  MySQL Community Server (GPL)
2020-09-02 14:54:49 26380 [Note] Plugin 'FEDERATED' is disabled.
2020-09-02 14:54:49 26380 [Note] InnoDB: The InnoDB memory heap is disabled
2020-09-02 14:54:49 26380 [Note] InnoDB: Mutexes and rw_locks use Windows interlocked functions
2020-09-02 14:54:49 26380 [Note] InnoDB: Compressed tables use zlib 1.2.3
2020-09-02 14:54:49 26380 [Note] InnoDB: Not using CPU crc32 instructions
2020-09-02 14:54:49 26380 [Note] InnoDB: Initializing buffer pool, size = 128.0M
2020-09-02 14:54:49 26380 [Note] InnoDB: Completed initialization of buffer pool
2020-09-02 14:54:49 26380 [Note] InnoDB: Highest supported file format is Barracuda.
2020-09-02 14:54:49 26380 [Note] InnoDB: The log sequence numbers 1626134 and 1626134 in ibdata files do not match the log sequence number 1677512 in the ib_logfiles!
2020-09-02 14:54:49 26380 [Note] InnoDB: Database was not shutdown normally!
2020-09-02 14:54:49 26380 [Note] InnoDB: Starting crash recovery.
2020-09-02 14:54:49 26380 [Note] InnoDB: Reading tablespace information from the .ibd files...
2020-09-02 14:54:49 26380 [Note] InnoDB: Restoring possible half-written data pages 
2020-09-02 14:54:49 26380 [Note] InnoDB: from the doublewrite buffer...
2020-09-02 14:54:50 26380 [Note] InnoDB: 128 rollback segment(s) are active.
2020-09-02 14:54:50 26380 [Note] InnoDB: Waiting for purge to start
2020-09-02 14:54:50 26380 [Note] InnoDB: 5.6.13 started; log sequence number 1677512
2020-09-02 14:54:50 26380 [Note] Server hostname (bind-address): '*'; port: 3307
2020-09-02 14:54:50 26380 [Note] IPv6 is available.
2020-09-02 14:54:50 26380 [Note]   - '::' resolves to '::';
2020-09-02 14:54:50 26380 [Note] Server socket created on IP: '::'.
2020-09-02 14:54:50 26380 [Note] Event Scheduler: Loaded 0 events
2020-09-02 14:54:50 26380 [Note] D:\USBWebserver v8.6/mysql/bin/mysqld_usbwv8.exe: ready for connections.
Version: '5.6.13'  socket: ''  port: 3307  MySQL Community Server (GPL)
2020-09-15 15:06:13 19676 [Note] Plugin 'FEDERATED' is disabled.
2020-09-15 15:06:13 19676 [Note] InnoDB: The InnoDB memory heap is disabled
2020-09-15 15:06:13 19676 [Note] InnoDB: Mutexes and rw_locks use Windows interlocked functions
2020-09-15 15:06:13 19676 [Note] InnoDB: Compressed tables use zlib 1.2.3
2020-09-15 15:06:13 19676 [Note] InnoDB: Not using CPU crc32 instructions
2020-09-15 15:06:13 19676 [Note] InnoDB: Initializing buffer pool, size = 128.0M
2020-09-15 15:06:14 19676 [Note] InnoDB: Completed initialization of buffer pool
2020-09-15 15:06:14 19676 [Note] InnoDB: Highest supported file format is Barracuda.
2020-09-15 15:06:14 19676 [Note] InnoDB: The log sequence numbers 1626134 and 1626134 in ibdata files do not match the log sequence number 1677522 in the ib_logfiles!
2020-09-15 15:06:14 19676 [Note] InnoDB: Database was not shutdown normally!
2020-09-15 15:06:14 19676 [Note] InnoDB: Starting crash recovery.
2020-09-15 15:06:14 19676 [Note] InnoDB: Reading tablespace information from the .ibd files...
2020-09-15 15:06:18 19676 [Note] InnoDB: Restoring possible half-written data pages 
2020-09-15 15:06:18 19676 [Note] InnoDB: from the doublewrite buffer...
2020-09-15 15:06:22 19676 [Note] InnoDB: 128 rollback segment(s) are active.
2020-09-15 15:06:22 19676 [Note] InnoDB: Waiting for purge to start
2020-09-15 15:06:22 19676 [Note] InnoDB: 5.6.13 started; log sequence number 1677522
2020-09-15 15:06:22 19676 [Note] Server hostname (bind-address): '*'; port: 3307
2020-09-15 15:06:22 19676 [Note] IPv6 is available.
2020-09-15 15:06:22 19676 [Note]   - '::' resolves to '::';
2020-09-15 15:06:22 19676 [Note] Server socket created on IP: '::'.
2020-09-15 15:06:26 19676 [Note] Event Scheduler: Loaded 0 events
2020-09-15 15:06:26 19676 [Note] D:\USBWebserver v8.6/mysql/bin/mysqld_usbwv8.exe: ready for connections.
Version: '5.6.13'  socket: ''  port: 3307  MySQL Community Server (GPL)
2020-09-15 15:09:47 20312 [Note] Plugin 'FEDERATED' is disabled.
2020-09-15 15:09:47 20312 [Note] InnoDB: The InnoDB memory heap is disabled
2020-09-15 15:09:47 20312 [Note] InnoDB: Mutexes and rw_locks use Windows interlocked functions
2020-09-15 15:09:47 20312 [Note] InnoDB: Compressed tables use zlib 1.2.3
2020-09-15 15:09:47 20312 [Note] InnoDB: Not using CPU crc32 instructions
2020-09-15 15:09:47 20312 [Note] InnoDB: Initializing buffer pool, size = 128.0M
2020-09-15 15:09:47 20312 [Note] InnoDB: Completed initialization of buffer pool
2020-09-15 15:09:47 20312 [ERROR] InnoDB: D:\USBWebserver v8.6\mysql\data\ibdata1 can't be opened in read-write mode
2020-09-15 15:09:47 20312 [ERROR] InnoDB: The system tablespace must be writable!
2020-09-15 15:09:47 20312 [ERROR] Plugin 'InnoDB' init function returned error.
2020-09-15 15:09:47 20312 [ERROR] Plugin 'InnoDB' registration as a STORAGE ENGINE failed.
2020-09-15 15:09:47 20312 [ERROR] Unknown/unsupported storage engine: InnoDB
2020-09-15 15:09:48 20312 [ERROR] Aborting

2020-09-15 15:09:48 20312 [Note] Binlog end
2020-09-15 15:09:48 20312 [Note] Shutting down plugin 'partition'
2020-09-15 15:09:48 20312 [Note] Shutting down plugin 'PERFORMANCE_SCHEMA'
2020-09-15 15:09:48 20312 [Note] Shutting down plugin 'INNODB_SYS_DATAFILES'
2020-09-15 15:09:48 20312 [Note] Shutting down plugin 'INNODB_SYS_TABLESPACES'
2020-09-15 15:09:48 20312 [Note] Shutting down plugin 'INNODB_SYS_FOREIGN_COLS'
2020-09-15 15:09:48 20312 [Note] Shutting down plugin 'INNODB_SYS_FOREIGN'
2020-09-15 15:09:48 20312 [Note] Shutting down plugin 'INNODB_SYS_FIELDS'
2020-09-15 15:09:48 20312 [Note] Shutting down plugin 'INNODB_SYS_COLUMNS'
2020-09-15 15:09:48 20312 [Note] Shutting down plugin 'INNODB_SYS_INDEXES'
2020-09-15 15:09:48 20312 [Note] Shutting down plugin 'INNODB_SYS_TABLESTATS'
2020-09-15 15:09:48 20312 [Note] Shutting down plugin 'INNODB_SYS_TABLES'
2020-09-15 15:09:48 20312 [Note] Shutting down plugin 'INNODB_FT_INDEX_TABLE'
2020-09-15 15:09:48 20312 [Note] Shutting down plugin 'INNODB_FT_INDEX_CACHE'
2020-09-15 15:09:48 20312 [Note] Shutting down plugin 'INNODB_FT_CONFIG'
2020-09-15 15:09:48 20312 [Note] Shutting down plugin 'INNODB_FT_BEING_DELETED'
2020-09-15 15:09:48 20312 [Note] Shutting down plugin 'INNODB_FT_DELETED'
2020-09-15 15:09:48 20312 [Note] Shutting down plugin 'INNODB_FT_DEFAULT_STOPWORD'
2020-09-15 15:09:48 20312 [Note] Shutting down plugin 'INNODB_METRICS'
2020-09-15 15:09:48 20312 [Note] Shutting down plugin 'INNODB_BUFFER_POOL_STATS'
2020-09-15 15:09:48 20312 [Note] Shutting down plugin 'INNODB_BUFFER_PAGE_LRU'
2020-09-15 15:09:48 20312 [Note] Shutting down plugin 'INNODB_BUFFER_PAGE'
2020-09-15 15:09:48 20312 [Note] Shutting down plugin 'INNODB_CMP_PER_INDEX_RESET'
2020-09-15 15:09:48 20312 [Note] Shutting down plugin 'INNODB_CMP_PER_INDEX'
2020-09-15 15:09:48 20312 [Note] Shutting down plugin 'INNODB_CMPMEM_RESET'
2020-09-15 15:09:48 20312 [Note] Shutting down plugin 'INNODB_CMPMEM'
2020-09-15 15:09:48 20312 [Note] Shutting down plugin 'INNODB_CMP_RESET'
2020-09-15 15:09:48 20312 [Note] Shutting down plugin 'INNODB_CMP'
2020-09-15 15:09:48 20312 [Note] Shutting down plugin 'INNODB_LOCK_WAITS'
2020-09-15 15:09:48 20312 [Note] Shutting down plugin 'INNODB_LOCKS'
2020-09-15 15:09:48 20312 [Note] Shutting down plugin 'INNODB_TRX'
2020-09-15 15:09:48 20312 [Note] Shutting down plugin 'BLACKHOLE'
2020-09-15 15:09:48 20312 [Note] Shutting down plugin 'ARCHIVE'
2020-09-15 15:09:48 20312 [Note] Shutting down plugin 'MRG_MYISAM'
2020-09-15 15:09:48 20312 [Note] Shutting down plugin 'MyISAM'
2020-09-15 15:09:48 20312 [Note] Shutting down plugin 'MEMORY'
2020-09-15 15:09:48 20312 [Note] Shutting down plugin 'CSV'
2020-09-15 15:09:48 20312 [Note] Shutting down plugin 'sha256_password'
2020-09-15 15:09:48 20312 [Note] Shutting down plugin 'mysql_old_password'
2020-09-15 15:09:48 20312 [Note] Shutting down plugin 'mysql_native_password'
2020-09-15 15:09:48 20312 [Note] Shutting down plugin 'binlog'
2020-09-15 15:09:48 20312 [Note] D:\USBWebserver v8.6/mysql/bin/mysqld_usbwv8.exe: Shutdown complete

2020-10-12 19:57:05 19156 [Note] Plugin 'FEDERATED' is disabled.
2020-10-12 19:57:05 19156 [Note] InnoDB: The InnoDB memory heap is disabled
2020-10-12 19:57:05 19156 [Note] InnoDB: Mutexes and rw_locks use Windows interlocked functions
2020-10-12 19:57:05 19156 [Note] InnoDB: Compressed tables use zlib 1.2.3
2020-10-12 19:57:05 19156 [Note] InnoDB: Not using CPU crc32 instructions
2020-10-12 19:57:05 19156 [Note] InnoDB: Initializing buffer pool, size = 128.0M
2020-10-12 19:57:05 19156 [Note] InnoDB: Completed initialization of buffer pool
2020-10-12 19:57:05 19156 [Note] InnoDB: Highest supported file format is Barracuda.
2020-10-12 19:57:05 19156 [Note] InnoDB: The log sequence numbers 1626134 and 1626134 in ibdata files do not match the log sequence number 1677532 in the ib_logfiles!
2020-10-12 19:57:05 19156 [Note] InnoDB: Database was not shutdown normally!
2020-10-12 19:57:05 19156 [Note] InnoDB: Starting crash recovery.
2020-10-12 19:57:05 19156 [Note] InnoDB: Reading tablespace information from the .ibd files...
2020-10-12 19:57:06 19156 [Note] InnoDB: Restoring possible half-written data pages 
2020-10-12 19:57:06 19156 [Note] InnoDB: from the doublewrite buffer...
2020-10-12 19:57:10 19156 [Note] InnoDB: 128 rollback segment(s) are active.
2020-10-12 19:57:11 19156 [Note] InnoDB: Waiting for purge to start
2020-10-12 19:57:11 19156 [Note] InnoDB: 5.6.13 started; log sequence number 1677532
2020-10-12 19:57:11 19156 [Note] Server hostname (bind-address): '*'; port: 3307
2020-10-12 19:57:11 19156 [Note] IPv6 is available.
2020-10-12 19:57:11 19156 [Note]   - '::' resolves to '::';
2020-10-12 19:57:11 19156 [Note] Server socket created on IP: '::'.
2020-10-18 14:36:22 21060 [Note] Plugin 'FEDERATED' is disabled.
2020-10-18 14:36:22 21060 [Note] InnoDB: The InnoDB memory heap is disabled
2020-10-18 14:36:22 21060 [Note] InnoDB: Mutexes and rw_locks use Windows interlocked functions
2020-10-18 14:36:22 21060 [Note] InnoDB: Compressed tables use zlib 1.2.3
2020-10-18 14:36:22 21060 [Note] InnoDB: Not using CPU crc32 instructions
2020-10-18 14:36:22 21060 [Note] InnoDB: Initializing buffer pool, size = 128.0M
2020-10-18 14:36:22 21060 [Note] InnoDB: Completed initialization of buffer pool
2020-10-18 14:36:22 21060 [Note] InnoDB: Highest supported file format is Barracuda.
2020-10-18 14:36:22 21060 [Note] InnoDB: The log sequence numbers 1626134 and 1626134 in ibdata files do not match the log sequence number 1677542 in the ib_logfiles!
2020-10-18 14:36:22 21060 [Note] InnoDB: Database was not shutdown normally!
2020-10-18 14:36:22 21060 [Note] InnoDB: Starting crash recovery.
2020-10-18 14:36:22 21060 [Note] InnoDB: Reading tablespace information from the .ibd files...
2020-10-18 14:36:23 21060 [Note] InnoDB: Restoring possible half-written data pages 
2020-10-18 14:36:23 21060 [Note] InnoDB: from the doublewrite buffer...
2020-10-18 14:36:24 21060 [Note] InnoDB: 128 rollback segment(s) are active.
2020-10-18 14:36:25 21060 [Note] InnoDB: Waiting for purge to start
2020-10-18 14:36:25 21060 [Note] InnoDB: 5.6.13 started; log sequence number 1677542
2020-10-18 14:36:25 21060 [Note] Server hostname (bind-address): '*'; port: 3307
2020-10-18 14:36:25 21060 [Note] IPv6 is available.
2020-10-18 14:36:25 21060 [Note]   - '::' resolves to '::';
2020-10-18 14:36:25 21060 [Note] Server socket created on IP: '::'.
2020-10-18 14:54:16 9360 [Note] Plugin 'FEDERATED' is disabled.
2020-10-18 14:54:16 9360 [Note] InnoDB: The InnoDB memory heap is disabled
2020-10-18 14:54:16 9360 [Note] InnoDB: Mutexes and rw_locks use Windows interlocked functions
2020-10-18 14:54:16 9360 [Note] InnoDB: Compressed tables use zlib 1.2.3
2020-10-18 14:54:16 9360 [Note] InnoDB: Not using CPU crc32 instructions
2020-10-18 14:54:16 9360 [Note] InnoDB: Initializing buffer pool, size = 128.0M
2020-10-18 14:54:16 9360 [Note] InnoDB: Completed initialization of buffer pool
2020-10-18 14:54:16 9360 [ERROR] InnoDB: D:\USBWebserver v8.6\mysql\data\ibdata1 can't be opened in read-write mode
2020-10-18 14:54:16 9360 [ERROR] InnoDB: The system tablespace must be writable!
2020-10-18 14:54:16 9360 [ERROR] Plugin 'InnoDB' init function returned error.
2020-10-18 14:54:16 9360 [ERROR] Plugin 'InnoDB' registration as a STORAGE ENGINE failed.
2020-10-18 14:54:16 9360 [ERROR] Unknown/unsupported storage engine: InnoDB
2020-10-18 14:54:16 9360 [ERROR] Aborting

2020-10-18 14:54:16 9360 [Note] Binlog end
2020-10-18 14:54:16 9360 [Note] Shutting down plugin 'partition'
2020-10-18 14:54:16 9360 [Note] Shutting down plugin 'PERFORMANCE_SCHEMA'
2020-10-18 14:54:16 9360 [Note] Shutting down plugin 'INNODB_SYS_DATAFILES'
2020-10-18 14:54:16 9360 [Note] Shutting down plugin 'INNODB_SYS_TABLESPACES'
2020-10-18 14:54:16 9360 [Note] Shutting down plugin 'INNODB_SYS_FOREIGN_COLS'
2020-10-18 14:54:16 9360 [Note] Shutting down plugin 'INNODB_SYS_FOREIGN'
2020-10-18 14:54:16 9360 [Note] Shutting down plugin 'INNODB_SYS_FIELDS'
2020-10-18 14:54:16 9360 [Note] Shutting down plugin 'INNODB_SYS_COLUMNS'
2020-10-18 14:54:16 9360 [Note] Shutting down plugin 'INNODB_SYS_INDEXES'
2020-10-18 14:54:16 9360 [Note] Shutting down plugin 'INNODB_SYS_TABLESTATS'
2020-10-18 14:54:16 9360 [Note] Shutting down plugin 'INNODB_SYS_TABLES'
2020-10-18 14:54:16 9360 [Note] Shutting down plugin 'INNODB_FT_INDEX_TABLE'
2020-10-18 14:54:16 9360 [Note] Shutting down plugin 'INNODB_FT_INDEX_CACHE'
2020-10-18 14:54:16 9360 [Note] Shutting down plugin 'INNODB_FT_CONFIG'
2020-10-18 14:54:16 9360 [Note] Shutting down plugin 'INNODB_FT_BEING_DELETED'
2020-10-18 14:54:16 9360 [Note] Shutting down plugin 'INNODB_FT_DELETED'
2020-10-18 14:54:16 9360 [Note] Shutting down plugin 'INNODB_FT_DEFAULT_STOPWORD'
2020-10-18 14:54:16 9360 [Note] Shutting down plugin 'INNODB_METRICS'
2020-10-18 14:54:16 9360 [Note] Shutting down plugin 'INNODB_BUFFER_POOL_STATS'
2020-10-18 14:54:16 9360 [Note] Shutting down plugin 'INNODB_BUFFER_PAGE_LRU'
2020-10-18 14:54:16 9360 [Note] Shutting down plugin 'INNODB_BUFFER_PAGE'
2020-10-18 14:54:16 9360 [Note] Shutting down plugin 'INNODB_CMP_PER_INDEX_RESET'
2020-10-18 14:54:16 9360 [Note] Shutting down plugin 'INNODB_CMP_PER_INDEX'
2020-10-18 14:54:16 9360 [Note] Shutting down plugin 'INNODB_CMPMEM_RESET'
2020-10-18 14:54:16 9360 [Note] Shutting down plugin 'INNODB_CMPMEM'
2020-10-18 14:54:16 9360 [Note] Shutting down plugin 'INNODB_CMP_RESET'
2020-10-18 14:54:16 9360 [Note] Shutting down plugin 'INNODB_CMP'
2020-10-18 14:54:16 9360 [Note] Shutting down plugin 'INNODB_LOCK_WAITS'
2020-10-18 14:54:16 9360 [Note] Shutting down plugin 'INNODB_LOCKS'
2020-10-18 14:54:16 9360 [Note] Shutting down plugin 'INNODB_TRX'
2020-10-18 14:54:16 9360 [Note] Shutting down plugin 'BLACKHOLE'
2020-10-18 14:54:16 9360 [Note] Shutting down plugin 'ARCHIVE'
2020-10-18 14:54:16 9360 [Note] Shutting down plugin 'MRG_MYISAM'
2020-10-18 14:54:16 9360 [Note] Shutting down plugin 'MyISAM'
2020-10-18 14:54:16 9360 [Note] Shutting down plugin 'MEMORY'
2020-10-18 14:54:16 9360 [Note] Shutting down plugin 'CSV'
2020-10-18 14:54:16 9360 [Note] Shutting down plugin 'sha256_password'
2020-10-18 14:54:16 9360 [Note] Shutting down plugin 'mysql_old_password'
2020-10-18 14:54:16 9360 [Note] Shutting down plugin 'mysql_native_password'
2020-10-18 14:54:16 9360 [Note] Shutting down plugin 'binlog'
2020-10-18 14:54:16 9360 [Note] D:\USBWebserver v8.6/mysql/bin/mysqld_usbwv8.exe: Shutdown complete

2020-10-18 14:54:49 13712 [Note] Plugin 'FEDERATED' is disabled.
2020-10-18 14:54:49 13712 [Note] InnoDB: The InnoDB memory heap is disabled
2020-10-18 14:54:49 13712 [Note] InnoDB: Mutexes and rw_locks use Windows interlocked functions
2020-10-18 14:54:49 13712 [Note] InnoDB: Compressed tables use zlib 1.2.3
2020-10-18 14:54:49 13712 [Note] InnoDB: Not using CPU crc32 instructions
2020-10-18 14:54:49 13712 [Note] InnoDB: Initializing buffer pool, size = 128.0M
2020-10-18 14:54:49 13712 [Note] InnoDB: Completed initialization of buffer pool
2020-10-18 14:54:49 13712 [Note] InnoDB: Highest supported file format is Barracuda.
2020-10-18 14:54:49 13712 [Note] InnoDB: The log sequence numbers 1626134 and 1626134 in ibdata files do not match the log sequence number 1677552 in the ib_logfiles!
2020-10-18 14:54:49 13712 [Note] InnoDB: Database was not shutdown normally!
2020-10-18 14:54:49 13712 [Note] InnoDB: Starting crash recovery.
2020-10-18 14:54:49 13712 [Note] InnoDB: Reading tablespace information from the .ibd files...
2020-10-18 14:54:49 13712 [Note] InnoDB: Restoring possible half-written data pages 
2020-10-18 14:54:49 13712 [Note] InnoDB: from the doublewrite buffer...
2020-10-18 14:54:50 13712 [Note] InnoDB: 128 rollback segment(s) are active.
2020-10-18 14:54:50 13712 [Note] InnoDB: Waiting for purge to start
2020-10-18 14:54:50 13712 [Note] InnoDB: 5.6.13 started; log sequence number 1677552
2020-10-18 14:54:50 13712 [Note] Server hostname (bind-address): '*'; port: 3307
2020-10-18 14:54:50 13712 [Note] IPv6 is available.
2020-10-18 14:54:50 13712 [Note]   - '::' resolves to '::';
2020-10-18 14:54:50 13712 [Note] Server socket created on IP: '::'.
2020-10-18 14:54:51 13712 [Note] Event Scheduler: Loaded 0 events
2020-10-18 14:54:51 13712 [Note] D:\USBWebserver v8.6/mysql/bin/mysqld_usbwv8.exe: ready for connections.
Version: '5.6.13'  socket: ''  port: 3307  MySQL Community Server (GPL)
2020-10-18 16:05:49 12572 [Note] Plugin 'FEDERATED' is disabled.
2020-10-18 16:05:49 12572 [Note] InnoDB: The InnoDB memory heap is disabled
2020-10-18 16:05:49 12572 [Note] InnoDB: Mutexes and rw_locks use Windows interlocked functions
2020-10-18 16:05:49 12572 [Note] InnoDB: Compressed tables use zlib 1.2.3
2020-10-18 16:05:49 12572 [Note] InnoDB: Not using CPU crc32 instructions
2020-10-18 16:05:50 12572 [Note] InnoDB: Initializing buffer pool, size = 128.0M
2020-10-18 16:05:50 12572 [Note] InnoDB: Completed initialization of buffer pool
2020-10-18 16:05:50 12572 [Note] InnoDB: Highest supported file format is Barracuda.
2020-10-18 16:05:50 12572 [Note] InnoDB: The log sequence numbers 1626134 and 1626134 in ibdata files do not match the log sequence number 1677562 in the ib_logfiles!
2020-10-18 16:05:50 12572 [Note] InnoDB: Database was not shutdown normally!
2020-10-18 16:05:50 12572 [Note] InnoDB: Starting crash recovery.
2020-10-18 16:05:50 12572 [Note] InnoDB: Reading tablespace information from the .ibd files...
2020-10-18 16:05:50 12572 [Note] InnoDB: Restoring possible half-written data pages 
2020-10-18 16:05:50 12572 [Note] InnoDB: from the doublewrite buffer...
2020-10-18 16:05:51 12572 [Note] InnoDB: 128 rollback segment(s) are active.
2020-10-18 16:05:51 12572 [Note] InnoDB: Waiting for purge to start
2020-10-18 16:05:51 12572 [Note] InnoDB: 5.6.13 started; log sequence number 1677562
2020-10-18 16:05:51 12572 [Note] Server hostname (bind-address): '*'; port: 3307
2020-10-18 16:05:51 12572 [Note] IPv6 is available.
2020-10-18 16:05:51 12572 [Note]   - '::' resolves to '::';
2020-10-18 16:05:51 12572 [Note] Server socket created on IP: '::'.
2020-10-18 16:34:27 22372 [Note] Plugin 'FEDERATED' is disabled.
2020-10-18 16:34:27 22372 [Note] InnoDB: The InnoDB memory heap is disabled
2020-10-18 16:34:27 22372 [Note] InnoDB: Mutexes and rw_locks use Windows interlocked functions
2020-10-18 16:34:27 22372 [Note] InnoDB: Compressed tables use zlib 1.2.3
2020-10-18 16:34:27 22372 [Note] InnoDB: Not using CPU crc32 instructions
2020-10-18 16:34:27 22372 [Note] InnoDB: Initializing buffer pool, size = 128.0M
2020-10-18 16:34:27 22372 [Note] InnoDB: Completed initialization of buffer pool
2020-10-18 16:34:27 22372 [Note] InnoDB: Highest supported file format is Barracuda.
2020-10-18 16:34:27 22372 [Note] InnoDB: The log sequence numbers 1626134 and 1626134 in ibdata files do not match the log sequence number 1677572 in the ib_logfiles!
2020-10-18 16:34:27 22372 [Note] InnoDB: Database was not shutdown normally!
2020-10-18 16:34:27 22372 [Note] InnoDB: Starting crash recovery.
2020-10-18 16:34:27 22372 [Note] InnoDB: Reading tablespace information from the .ibd files...
2020-10-18 16:34:28 22372 [Note] InnoDB: Restoring possible half-written data pages 
2020-10-18 16:34:28 22372 [Note] InnoDB: from the doublewrite buffer...
2020-10-18 16:34:28 22372 [Note] InnoDB: 128 rollback segment(s) are active.
2020-10-18 16:34:28 22372 [Note] InnoDB: Waiting for purge to start
2020-10-18 16:34:28 22372 [Note] InnoDB: 5.6.13 started; log sequence number 1677572
2020-10-18 16:34:28 22372 [Note] Server hostname (bind-address): '*'; port: 3307
2020-10-18 16:34:28 22372 [Note] IPv6 is available.
2020-10-18 16:34:28 22372 [Note]   - '::' resolves to '::';
2020-10-18 16:34:28 22372 [Note] Server socket created on IP: '::'.
2020-10-18 16:38:16 20700 [Note] Plugin 'FEDERATED' is disabled.
2020-10-18 16:38:16 20700 [Note] InnoDB: The InnoDB memory heap is disabled
2020-10-18 16:38:16 20700 [Note] InnoDB: Mutexes and rw_locks use Windows interlocked functions
2020-10-18 16:38:16 20700 [Note] InnoDB: Compressed tables use zlib 1.2.3
2020-10-18 16:38:16 20700 [Note] InnoDB: Not using CPU crc32 instructions
2020-10-18 16:38:16 20700 [Note] InnoDB: Initializing buffer pool, size = 128.0M
2020-10-18 16:38:16 20700 [Note] InnoDB: Completed initialization of buffer pool
2020-10-18 16:38:16 20700 [Note] InnoDB: Highest supported file format is Barracuda.
2020-10-18 16:38:16 20700 [Note] InnoDB: The log sequence numbers 1626134 and 1626134 in ibdata files do not match the log sequence number 1677582 in the ib_logfiles!
2020-10-18 16:38:16 20700 [Note] InnoDB: Database was not shutdown normally!
2020-10-18 16:38:16 20700 [Note] InnoDB: Starting crash recovery.
2020-10-18 16:38:16 20700 [Note] InnoDB: Reading tablespace information from the .ibd files...
2020-10-18 16:38:16 20700 [Note] InnoDB: Restoring possible half-written data pages 
2020-10-18 16:38:16 20700 [Note] InnoDB: from the doublewrite buffer...
2020-10-18 16:38:18 20700 [Note] InnoDB: 128 rollback segment(s) are active.
2020-10-18 16:38:18 20700 [Note] InnoDB: Waiting for purge to start
2020-10-18 16:38:18 20700 [Note] InnoDB: 5.6.13 started; log sequence number 1677582
2020-10-18 16:38:18 20700 [Note] Server hostname (bind-address): '*'; port: 3307
2020-10-18 16:38:18 20700 [Note] IPv6 is available.
2020-10-18 16:38:18 20700 [Note]   - '::' resolves to '::';
2020-10-18 16:38:18 20700 [Note] Server socket created on IP: '::'.
22020-10-26 22:25:08 19260 [Note] Plugin 'FEDERATED' is disabled.
2020-10-26 22:25:08 19260 [Note] InnoDB: The InnoDB memory heap is disabled
2020-10-26 22:25:08 19260 [Note] InnoDB: Mutexes and rw_locks use Windows interlocked functions
2020-10-26 22:25:08 19260 [Note] InnoDB: Compressed tables use zlib 1.2.3
2020-10-26 22:25:08 19260 [Note] InnoDB: Not using CPU crc32 instructions
2020-10-26 22:25:08 19260 [Note] InnoDB: Initializing buffer pool, size = 128.0M
2020-10-26 22:25:08 19260 [Note] InnoDB: Completed initialization of buffer pool
2020-10-26 22:25:08 19260 [Note] InnoDB: Highest supported file format is Barracuda.
2020-10-26 22:25:08 19260 [Note] InnoDB: The log sequence numbers 1626134 and 1626134 in ibdata files do not match the log sequence number 1677592 in the ib_logfiles!
2020-10-26 22:25:08 19260 [Note] InnoDB: Database was not shutdown normally!
2020-10-26 22:25:08 19260 [Note] InnoDB: Starting crash recovery.
2020-10-26 22:25:08 19260 [Note] InnoDB: Reading tablespace information from the .ibd files...
2020-10-26 22:25:09 19260 [Note] InnoDB: Restoring possible half-written data pages 
2020-10-26 22:25:09 19260 [Note] InnoDB: from the doublewrite buffer...
2020-10-26 22:25:11 19260 [Note] InnoDB: 128 rollback segment(s) are active.
2020-10-26 22:25:11 19260 [Note] InnoDB: Waiting for purge to start
2020-10-26 22:25:11 19260 [Note] InnoDB: 5.6.13 started; log sequence number 1677592
2020-10-26 22:25:11 19260 [Note] Server hostname (bind-address): '*'; port: 3307
2020-10-26 22:25:11 19260 [Note] IPv6 is available.
2020-10-26 22:25:11 19260 [Note]   - '::' resolves to '::';
2020-10-26 22:25:11 19260 [Note] Server socket created on IP: '::'.
2020-10-26 22:27:11 5280 [Note] Plugin 'FEDERATED' is disabled.
2020-10-26 22:27:11 5280 [Note] InnoDB: The InnoDB memory heap is disabled
2020-10-26 22:27:11 5280 [Note] InnoDB: Mutexes and rw_locks use Windows interlocked functions
2020-10-26 22:27:11 5280 [Note] InnoDB: Compressed tables use zlib 1.2.3
2020-10-26 22:27:11 5280 [Note] InnoDB: Not using CPU crc32 instructions
2020-10-26 22:27:11 5280 [Note] InnoDB: Initializing buffer pool, size = 128.0M
2020-10-26 22:27:11 5280 [Note] InnoDB: Completed initialization of buffer pool
2020-10-26 22:27:11 5280 [ERROR] InnoDB: D:\USBWebserver v8.6\mysql\data\ibdata1 can't be opened in read-write mode
2020-10-26 22:27:11 5280 [ERROR] InnoDB: The system tablespace must be writable!
2020-10-26 22:27:11 5280 [ERROR] Plugin 'InnoDB' init function returned error.
2020-10-26 22:27:11 5280 [ERROR] Plugin 'InnoDB' registration as a STORAGE ENGINE failed.
2020-10-26 22:27:11 5280 [ERROR] Unknown/unsupported storage engine: InnoDB
2020-10-26 22:27:11 5280 [ERROR] Aborting

2020-10-26 22:27:11 5280 [Note] Binlog end
2020-10-26 22:27:11 5280 [Note] Shutting down plugin 'partition'
2020-10-26 22:27:11 5280 [Note] Shutting down plugin 'PERFORMANCE_SCHEMA'
2020-10-26 22:27:11 5280 [Note] Shutting down plugin 'INNODB_SYS_DATAFILES'
2020-10-26 22:27:11 5280 [Note] Shutting down plugin 'INNODB_SYS_TABLESPACES'
2020-10-26 22:27:11 5280 [Note] Shutting down plugin 'INNODB_SYS_FOREIGN_COLS'
2020-10-26 22:27:11 5280 [Note] Shutting down plugin 'INNODB_SYS_FOREIGN'
2020-10-26 22:27:11 5280 [Note] Shutting down plugin 'INNODB_SYS_FIELDS'
2020-10-26 22:27:11 5280 [Note] Shutting down plugin 'INNODB_SYS_COLUMNS'
2020-10-26 22:27:11 5280 [Note] Shutting down plugin 'INNODB_SYS_INDEXES'
2020-10-26 22:27:11 5280 [Note] Shutting down plugin 'INNODB_SYS_TABLESTATS'
2020-10-26 22:27:11 5280 [Note] Shutting down plugin 'INNODB_SYS_TABLES'
2020-10-26 22:27:11 5280 [Note] Shutting down plugin 'INNODB_FT_INDEX_TABLE'
2020-10-26 22:27:11 5280 [Note] Shutting down plugin 'INNODB_FT_INDEX_CACHE'
2020-10-26 22:27:11 5280 [Note] Shutting down plugin 'INNODB_FT_CONFIG'
2020-10-26 22:27:11 5280 [Note] Shutting down plugin 'INNODB_FT_BEING_DELETED'
2020-10-26 22:27:11 5280 [Note] Shutting down plugin 'INNODB_FT_DELETED'
2020-10-26 22:27:11 5280 [Note] Shutting down plugin 'INNODB_FT_DEFAULT_STOPWORD'
2020-10-26 22:27:11 5280 [Note] Shutting down plugin 'INNODB_METRICS'
2020-10-26 22:27:11 5280 [Note] Shutting down plugin 'INNODB_BUFFER_POOL_STATS'
2020-10-26 22:27:11 5280 [Note] Shutting down plugin 'INNODB_BUFFER_PAGE_LRU'
2020-10-26 22:27:11 5280 [Note] Shutting down plugin 'INNODB_BUFFER_PAGE'
2020-10-26 22:27:11 5280 [Note] Shutting down plugin 'INNODB_CMP_PER_INDEX_RESET'
2020-10-26 22:27:11 5280 [Note] Shutting down plugin 'INNODB_CMP_PER_INDEX'
2020-10-26 22:27:11 5280 [Note] Shutting down plugin 'INNODB_CMPMEM_RESET'
2020-10-26 22:27:11 5280 [Note] Shutting down plugin 'INNODB_CMPMEM'
2020-10-26 22:27:11 5280 [Note] Shutting down plugin 'INNODB_CMP_RESET'
2020-10-26 22:27:11 5280 [Note] Shutting down plugin 'INNODB_CMP'
2020-10-26 22:27:11 5280 [Note] Shutting down plugin 'INNODB_LOCK_WAITS'
2020-10-26 22:27:11 5280 [Note] Shutting down plugin 'INNODB_LOCKS'
2020-10-26 22:27:11 5280 [Note] Shutting down plugin 'INNODB_TRX'
2020-10-26 22:27:11 5280 [Note] Shutting down plugin 'BLACKHOLE'
2020-10-26 22:27:11 5280 [Note] Shutting down plugin 'ARCHIVE'
2020-10-26 22:27:11 5280 [Note] Shutting down plugin 'MRG_MYISAM'
2020-10-26 22:27:11 5280 [Note] Shutting down plugin 'MyISAM'
2020-10-26 22:27:11 5280 [Note] Shutting down plugin 'MEMORY'
2020-10-26 22:27:11 5280 [Note] Shutting down plugin 'CSV'
2020-10-26 22:27:11 5280 [Note] Shutting down plugin 'sha256_password'
2020-10-26 22:27:11 5280 [Note] Shutting down plugin 'mysql_old_password'
2020-10-26 22:27:11 5280 [Note] Shutting down plugin 'mysql_native_password'
2020-10-26 22:27:11 5280 [Note] Shutting down plugin 'binlog'
2020-10-26 22:27:11 5280 [Note] D:\USBWebserver v8.6/mysql/bin/mysqld_usbwv8.exe: Shutdown complete

2020-10-27 08:53:19 20056 [Note] Plugin 'FEDERATED' is disabled.
2020-10-27 08:53:19 20056 [Note] InnoDB: The InnoDB memory heap is disabled
2020-10-27 08:53:19 20056 [Note] InnoDB: Mutexes and rw_locks use Windows interlocked functions
2020-10-27 08:53:19 20056 [Note] InnoDB: Compressed tables use zlib 1.2.3
2020-10-27 08:53:19 20056 [Note] InnoDB: Not using CPU crc32 instructions
2020-10-27 08:53:19 20056 [Note] InnoDB: Initializing buffer pool, size = 128.0M
2020-10-27 08:53:19 20056 [Note] InnoDB: Completed initialization of buffer pool
2020-10-27 08:53:20 20056 [Note] InnoDB: Highest supported file format is Barracuda.
2020-10-27 08:53:20 20056 [Note] InnoDB: The log sequence numbers 1626134 and 1626134 in ibdata files do not match the log sequence number 1677602 in the ib_logfiles!
2020-10-27 08:53:20 20056 [Note] InnoDB: Database was not shutdown normally!
2020-10-27 08:53:20 20056 [Note] InnoDB: Starting crash recovery.
2020-10-27 08:53:20 20056 [Note] InnoDB: Reading tablespace information from the .ibd files...
2020-10-27 08:53:21 20056 [Note] InnoDB: Restoring possible half-written data pages 
2020-10-27 08:53:21 20056 [Note] InnoDB: from the doublewrite buffer...
2020-10-27 08:53:28 20056 [Note] InnoDB: 128 rollback segment(s) are active.
2020-10-27 08:53:28 20056 [Note] InnoDB: Waiting for purge to start
2020-10-27 08:53:28 20056 [Note] InnoDB: 5.6.13 started; log sequence number 1677602
2020-10-27 08:53:28 20056 [Note] Server hostname (bind-address): '*'; port: 3307
2020-10-27 08:53:28 20056 [Note] IPv6 is available.
2020-10-27 08:53:28 20056 [Note]   - '::' resolves to '::';
2020-10-27 08:53:28 20056 [Note] Server socket created on IP: '::'.
2020-10-27 09:16:48 18920 [Note] Plugin 'FEDERATED' is disabled.
2020-10-27 09:16:48 18920 [Note] InnoDB: The InnoDB memory heap is disabled
2020-10-27 09:16:48 18920 [Note] InnoDB: Mutexes and rw_locks use Windows interlocked functions
2020-10-27 09:16:48 18920 [Note] InnoDB: Compressed tables use zlib 1.2.3
2020-10-27 09:16:48 18920 [Note] InnoDB: Not using CPU crc32 instructions
2020-10-27 09:16:48 18920 [Note] InnoDB: Initializing buffer pool, size = 128.0M
2020-10-27 09:16:48 18920 [Note] InnoDB: Completed initialization of buffer pool
2020-10-27 09:16:48 18920 [ERROR] InnoDB: D:\USBWebserver v8.6\mysql\data\ibdata1 can't be opened in read-write mode
2020-10-27 09:16:48 18920 [ERROR] InnoDB: The system tablespace must be writable!
2020-10-27 09:16:48 18920 [ERROR] Plugin 'InnoDB' init function returned error.
2020-10-27 09:16:48 18920 [ERROR] Plugin 'InnoDB' registration as a STORAGE ENGINE failed.
2020-10-27 09:16:48 18920 [ERROR] Unknown/unsupported storage engine: InnoDB
2020-10-27 09:16:48 18920 [ERROR] Aborting

2020-10-27 09:16:48 18920 [Note] Binlog end
2020-10-27 09:16:48 18920 [Note] Shutting down plugin 'partition'
2020-10-27 09:16:48 18920 [Note] Shutting down plugin 'PERFORMANCE_SCHEMA'
2020-10-27 09:16:48 18920 [Note] Shutting down plugin 'INNODB_SYS_DATAFILES'
2020-10-27 09:16:48 18920 [Note] Shutting down plugin 'INNODB_SYS_TABLESPACES'
2020-10-27 09:16:48 18920 [Note] Shutting down plugin 'INNODB_SYS_FOREIGN_COLS'
2020-10-27 09:16:48 18920 [Note] Shutting down plugin 'INNODB_SYS_FOREIGN'
2020-10-27 09:16:48 18920 [Note] Shutting down plugin 'INNODB_SYS_FIELDS'
2020-10-27 09:16:48 18920 [Note] Shutting down plugin 'INNODB_SYS_COLUMNS'
2020-10-27 09:16:48 18920 [Note] Shutting down plugin 'INNODB_SYS_INDEXES'
2020-10-27 09:16:48 18920 [Note] Shutting down plugin 'INNODB_SYS_TABLESTATS'
2020-10-27 09:16:48 18920 [Note] Shutting down plugin 'INNODB_SYS_TABLES'
2020-10-27 09:16:48 18920 [Note] Shutting down plugin 'INNODB_FT_INDEX_TABLE'
2020-10-27 09:16:48 18920 [Note] Shutting down plugin 'INNODB_FT_INDEX_CACHE'
2020-10-27 09:16:48 18920 [Note] Shutting down plugin 'INNODB_FT_CONFIG'
2020-10-27 09:16:48 18920 [Note] Shutting down plugin 'INNODB_FT_BEING_DELETED'
2020-10-27 09:16:48 18920 [Note] Shutting down plugin 'INNODB_FT_DELETED'
2020-10-27 09:16:48 18920 [Note] Shutting down plugin 'INNODB_FT_DEFAULT_STOPWORD'
2020-10-27 09:16:48 18920 [Note] Shutting down plugin 'INNODB_METRICS'
2020-10-27 09:16:48 18920 [Note] Shutting down plugin 'INNODB_BUFFER_POOL_STATS'
2020-10-27 09:16:48 18920 [Note] Shutting down plugin 'INNODB_BUFFER_PAGE_LRU'
2020-10-27 09:16:48 18920 [Note] Shutting down plugin 'INNODB_BUFFER_PAGE'
2020-10-27 09:16:48 18920 [Note] Shutting down plugin 'INNODB_CMP_PER_INDEX_RESET'
2020-10-27 09:16:48 18920 [Note] Shutting down plugin 'INNODB_CMP_PER_INDEX'
2020-10-27 09:16:48 18920 [Note] Shutting down plugin 'INNODB_CMPMEM_RESET'
2020-10-27 09:16:48 18920 [Note] Shutting down plugin 'INNODB_CMPMEM'
2020-10-27 09:16:48 18920 [Note] Shutting down plugin 'INNODB_CMP_RESET'
2020-10-27 09:16:48 18920 [Note] Shutting down plugin 'INNODB_CMP'
2020-10-27 09:16:48 18920 [Note] Shutting down plugin 'INNODB_LOCK_WAITS'
2020-10-27 09:16:48 18920 [Note] Shutting down plugin 'INNODB_LOCKS'
2020-10-27 09:16:48 18920 [Note] Shutting down plugin 'INNODB_TRX'
2020-10-27 09:16:48 18920 [Note] Shutting down plugin 'BLACKHOLE'
2020-10-27 09:16:48 18920 [Note] Shutting down plugin 'ARCHIVE'
2020-10-27 09:16:48 18920 [Note] Shutting down plugin 'MRG_MYISAM'
2020-10-27 09:16:48 18920 [Note] Shutting down plugin 'MyISAM'
2020-10-27 09:16:48 18920 [Note] Shutting down plugin 'MEMORY'
2020-10-27 09:16:48 18920 [Note] Shutting down plugin 'CSV'
2020-10-27 09:16:48 18920 [Note] Shutting down plugin 'sha256_password'
2020-10-27 09:16:48 18920 [Note] Shutting down plugin 'mysql_old_password'
2020-10-27 09:16:48 18920 [Note] Shutting down plugin 'mysql_native_password'
2020-10-27 09:16:48 18920 [Note] Shutting down plugin 'binlog'
2020-10-27 09:16:48 18920 [Note] D:\USBWebserver v8.6/mysql/bin/mysqld_usbwv8.exe: Shutdown complete

2020-10-27 09:43:30 20968 [Note] Plugin 'FEDERATED' is disabled.
2020-10-27 09:43:30 20968 [Note] InnoDB: The InnoDB memory heap is disabled
2020-10-27 09:43:30 20968 [Note] InnoDB: Mutexes and rw_locks use Windows interlocked functions
2020-10-27 09:43:30 20968 [Note] InnoDB: Compressed tables use zlib 1.2.3
2020-10-27 09:43:30 20968 [Note] InnoDB: Not using CPU crc32 instructions
2020-10-27 09:43:30 20968 [Note] InnoDB: Initializing buffer pool, size = 128.0M
2020-10-27 09:43:30 20968 [Note] InnoDB: Completed initialization of buffer pool
2020-10-27 09:43:30 20968 [ERROR] InnoDB: D:\USBWebserver v8.6\mysql\data\ibdata1 can't be opened in read-write mode
2020-10-27 09:43:30 20968 [ERROR] InnoDB: The system tablespace must be writable!
2020-10-27 09:43:30 20968 [ERROR] Plugin 'InnoDB' init function returned error.
2020-10-27 09:43:30 20968 [ERROR] Plugin 'InnoDB' registration as a STORAGE ENGINE failed.
2020-10-27 09:43:30 20968 [ERROR] Unknown/unsupported storage engine: InnoDB
2020-10-27 09:43:30 20968 [ERROR] Aborting

2020-10-27 09:43:30 20968 [Note] Binlog end
2020-10-27 09:43:30 20968 [Note] Shutting down plugin 'partition'
2020-10-27 09:43:30 20968 [Note] Shutting down plugin 'PERFORMANCE_SCHEMA'
2020-10-27 09:43:30 20968 [Note] Shutting down plugin 'INNODB_SYS_DATAFILES'
2020-10-27 09:43:30 20968 [Note] Shutting down plugin 'INNODB_SYS_TABLESPACES'
2020-10-27 09:43:30 20968 [Note] Shutting down plugin 'INNODB_SYS_FOREIGN_COLS'
2020-10-27 09:43:30 20968 [Note] Shutting down plugin 'INNODB_SYS_FOREIGN'
2020-10-27 09:43:30 20968 [Note] Shutting down plugin 'INNODB_SYS_FIELDS'
2020-10-27 09:43:30 20968 [Note] Shutting down plugin 'INNODB_SYS_COLUMNS'
2020-10-27 09:43:30 20968 [Note] Shutting down plugin 'INNODB_SYS_INDEXES'
2020-10-27 09:43:30 20968 [Note] Shutting down plugin 'INNODB_SYS_TABLESTATS'
2020-10-27 09:43:30 20968 [Note] Shutting down plugin 'INNODB_SYS_TABLES'
2020-10-27 09:43:30 20968 [Note] Shutting down plugin 'INNODB_FT_INDEX_TABLE'
2020-10-27 09:43:30 20968 [Note] Shutting down plugin 'INNODB_FT_INDEX_CACHE'
2020-10-27 09:43:30 20968 [Note] Shutting down plugin 'INNODB_FT_CONFIG'
2020-10-27 09:43:30 20968 [Note] Shutting down plugin 'INNODB_FT_BEING_DELETED'
2020-10-27 09:43:30 20968 [Note] Shutting down plugin 'INNODB_FT_DELETED'
2020-10-27 09:43:30 20968 [Note] Shutting down plugin 'INNODB_FT_DEFAULT_STOPWORD'
2020-10-27 09:43:30 20968 [Note] Shutting down plugin 'INNODB_METRICS'
2020-10-27 09:43:30 20968 [Note] Shutting down plugin 'INNODB_BUFFER_POOL_STATS'
2020-10-27 09:43:30 20968 [Note] Shutting down plugin 'INNODB_BUFFER_PAGE_LRU'
2020-10-27 09:43:30 20968 [Note] Shutting down plugin 'INNODB_BUFFER_PAGE'
2020-10-27 09:43:30 20968 [Note] Shutting down plugin 'INNODB_CMP_PER_INDEX_RESET'
2020-10-27 09:43:30 20968 [Note] Shutting down plugin 'INNODB_CMP_PER_INDEX'
2020-10-27 09:43:30 20968 [Note] Shutting down plugin 'INNODB_CMPMEM_RESET'
2020-10-27 09:43:30 20968 [Note] Shutting down plugin 'INNODB_CMPMEM'
2020-10-27 09:43:30 20968 [Note] Shutting down plugin 'INNODB_CMP_RESET'
2020-10-27 09:43:30 20968 [Note] Shutting down plugin 'INNODB_CMP'
2020-10-27 09:43:30 20968 [Note] Shutting down plugin 'INNODB_LOCK_WAITS'
2020-10-27 09:43:30 20968 [Note] Shutting down plugin 'INNODB_LOCKS'
2020-10-27 09:43:30 20968 [Note] Shutting down plugin 'INNODB_TRX'
2020-10-27 09:43:30 20968 [Note] Shutting down plugin 'BLACKHOLE'
2020-10-27 09:43:30 20968 [Note] Shutting down plugin 'ARCHIVE'
2020-10-27 09:43:30 20968 [Note] Shutting down plugin 'MRG_MYISAM'
2020-10-27 09:43:30 20968 [Note] Shutting down plugin 'MyISAM'
2020-10-27 09:43:30 20968 [Note] Shutting down plugin 'MEMORY'
2020-10-27 09:43:30 20968 [Note] Shutting down plugin 'CSV'
2020-10-27 09:43:30 20968 [Note] Shutting down plugin 'sha256_password'
2020-10-27 09:43:30 20968 [Note] Shutting down plugin 'mysql_old_password'
2020-10-27 09:43:30 20968 [Note] Shutting down plugin 'mysql_native_password'
2020-10-27 09:43:30 20968 [Note] Shutting down plugin 'binlog'
2020-10-27 09:43:30 20968 [Note] D:\USBWebserver v8.6/mysql/bin/mysqld_usbwv8.exe: Shutdown complete

2020-10-27 10:02:07 17856 [Note] Plugin 'FEDERATED' is disabled.
2020-10-27 10:02:07 17856 [Note] InnoDB: The InnoDB memory heap is disabled
2020-10-27 10:02:07 17856 [Note] InnoDB: Mutexes and rw_locks use Windows interlocked functions
2020-10-27 10:02:07 17856 [Note] InnoDB: Compressed tables use zlib 1.2.3
2020-10-27 10:02:07 17856 [Note] InnoDB: Not using CPU crc32 instructions
2020-10-27 10:02:07 17856 [Note] InnoDB: Initializing buffer pool, size = 128.0M
2020-10-27 10:02:07 17856 [Note] InnoDB: Completed initialization of buffer pool
2020-10-27 10:02:07 17856 [ERROR] InnoDB: D:\USBWebserver v8.6\mysql\data\ibdata1 can't be opened in read-write mode
2020-10-27 10:02:07 17856 [ERROR] InnoDB: The system tablespace must be writable!
2020-10-27 10:02:07 17856 [ERROR] Plugin 'InnoDB' init function returned error.
2020-10-27 10:02:07 17856 [ERROR] Plugin 'InnoDB' registration as a STORAGE ENGINE failed.
2020-10-27 10:02:07 17856 [ERROR] Unknown/unsupported storage engine: InnoDB
2020-10-27 10:02:07 17856 [ERROR] Aborting

2020-10-27 10:02:07 17856 [Note] Binlog end
2020-10-27 10:02:07 17856 [Note] Shutting down plugin 'partition'
2020-10-27 10:02:07 17856 [Note] Shutting down plugin 'PERFORMANCE_SCHEMA'
2020-10-27 10:02:07 17856 [Note] Shutting down plugin 'INNODB_SYS_DATAFILES'
2020-10-27 10:02:07 17856 [Note] Shutting down plugin 'INNODB_SYS_TABLESPACES'
2020-10-27 10:02:07 17856 [Note] Shutting down plugin 'INNODB_SYS_FOREIGN_COLS'
2020-10-27 10:02:07 17856 [Note] Shutting down plugin 'INNODB_SYS_FOREIGN'
2020-10-27 10:02:07 17856 [Note] Shutting down plugin 'INNODB_SYS_FIELDS'
2020-10-27 10:02:07 17856 [Note] Shutting down plugin 'INNODB_SYS_COLUMNS'
2020-10-27 10:02:07 17856 [Note] Shutting down plugin 'INNODB_SYS_INDEXES'
2020-10-27 10:02:07 17856 [Note] Shutting down plugin 'INNODB_SYS_TABLESTATS'
2020-10-27 10:02:07 17856 [Note] Shutting down plugin 'INNODB_SYS_TABLES'
2020-10-27 10:02:07 17856 [Note] Shutting down plugin 'INNODB_FT_INDEX_TABLE'
2020-10-27 10:02:07 17856 [Note] Shutting down plugin 'INNODB_FT_INDEX_CACHE'
2020-10-27 10:02:07 17856 [Note] Shutting down plugin 'INNODB_FT_CONFIG'
2020-10-27 10:02:07 17856 [Note] Shutting down plugin 'INNODB_FT_BEING_DELETED'
2020-10-27 10:02:07 17856 [Note] Shutting down plugin 'INNODB_FT_DELETED'
2020-10-27 10:02:07 17856 [Note] Shutting down plugin 'INNODB_FT_DEFAULT_STOPWORD'
2020-10-27 10:02:07 17856 [Note] Shutting down plugin 'INNODB_METRICS'
2020-10-27 10:02:07 17856 [Note] Shutting down plugin 'INNODB_BUFFER_POOL_STATS'
2020-10-27 10:02:07 17856 [Note] Shutting down plugin 'INNODB_BUFFER_PAGE_LRU'
2020-10-27 10:02:07 17856 [Note] Shutting down plugin 'INNODB_BUFFER_PAGE'
2020-10-27 10:02:07 17856 [Note] Shutting down plugin 'INNODB_CMP_PER_INDEX_RESET'
2020-10-27 10:02:07 17856 [Note] Shutting down plugin 'INNODB_CMP_PER_INDEX'
2020-10-27 10:02:07 17856 [Note] Shutting down plugin 'INNODB_CMPMEM_RESET'
2020-10-27 10:02:07 17856 [Note] Shutting down plugin 'INNODB_CMPMEM'
2020-10-27 10:02:07 17856 [Note] Shutting down plugin 'INNODB_CMP_RESET'
2020-10-27 10:02:07 17856 [Note] Shutting down plugin 'INNODB_CMP'
2020-10-27 10:02:07 17856 [Note] Shutting down plugin 'INNODB_LOCK_WAITS'
2020-10-27 10:02:07 17856 [Note] Shutting down plugin 'INNODB_LOCKS'
2020-10-27 10:02:07 17856 [Note] Shutting down plugin 'INNODB_TRX'
2020-10-27 10:02:07 17856 [Note] Shutting down plugin 'BLACKHOLE'
2020-10-27 10:02:07 17856 [Note] Shutting down plugin 'ARCHIVE'
2020-10-27 10:02:07 17856 [Note] Shutting down plugin 'MRG_MYISAM'
2020-10-27 10:02:07 17856 [Note] Shutting down plugin 'MyISAM'
2020-10-27 10:02:07 17856 [Note] Shutting down plugin 'MEMORY'
2020-10-27 10:02:07 17856 [Note] Shutting down plugin 'CSV'
2020-10-27 10:02:07 17856 [Note] Shutting down plugin 'sha256_password'
2020-10-27 10:02:07 17856 [Note] Shutting down plugin 'mysql_old_password'
2020-10-27 10:02:07 17856 [Note] Shutting down plugin 'mysql_native_password'
2020-10-27 10:02:07 17856 [Note] Shutting down plugin 'binlog'
2020-10-27 10:02:07 17856 [Note] D:\USBWebserver v8.6/mysql/bin/mysqld_usbwv8.exe: Shutdown complete

2020-10-27 10:34:20 18136 [Note] Plugin 'FEDERATED' is disabled.
2020-10-27 10:34:20 18136 [Note] InnoDB: The InnoDB memory heap is disabled
2020-10-27 10:34:20 18136 [Note] InnoDB: Mutexes and rw_locks use Windows interlocked functions
2020-10-27 10:34:20 18136 [Note] InnoDB: Compressed tables use zlib 1.2.3
2020-10-27 10:34:20 18136 [Note] InnoDB: Not using CPU crc32 instructions
2020-10-27 10:34:20 18136 [Note] InnoDB: Initializing buffer pool, size = 128.0M
2020-10-27 10:34:20 18136 [Note] InnoDB: Completed initialization of buffer pool
2020-10-27 10:34:20 18136 [ERROR] InnoDB: D:\USBWebserver v8.6\mysql\data\ibdata1 can't be opened in read-write mode
2020-10-27 10:34:20 18136 [ERROR] InnoDB: The system tablespace must be writable!
2020-10-27 10:34:20 18136 [ERROR] Plugin 'InnoDB' init function returned error.
2020-10-27 10:34:20 18136 [ERROR] Plugin 'InnoDB' registration as a STORAGE ENGINE failed.
2020-10-27 10:34:20 18136 [ERROR] Unknown/unsupported storage engine: InnoDB
2020-10-27 10:34:20 18136 [ERROR] Aborting

2020-10-27 10:34:20 18136 [Note] Binlog end
2020-10-27 10:34:20 18136 [Note] Shutting down plugin 'partition'
2020-10-27 10:34:20 18136 [Note] Shutting down plugin 'PERFORMANCE_SCHEMA'
2020-10-27 10:34:20 18136 [Note] Shutting down plugin 'INNODB_SYS_DATAFILES'
2020-10-27 10:34:20 18136 [Note] Shutting down plugin 'INNODB_SYS_TABLESPACES'
2020-10-27 10:34:20 18136 [Note] Shutting down plugin 'INNODB_SYS_FOREIGN_COLS'
2020-10-27 10:34:20 18136 [Note] Shutting down plugin 'INNODB_SYS_FOREIGN'
2020-10-27 10:34:20 18136 [Note] Shutting down plugin 'INNODB_SYS_FIELDS'
2020-10-27 10:34:20 18136 [Note] Shutting down plugin 'INNODB_SYS_COLUMNS'
2020-10-27 10:34:20 18136 [Note] Shutting down plugin 'INNODB_SYS_INDEXES'
2020-10-27 10:34:20 18136 [Note] Shutting down plugin 'INNODB_SYS_TABLESTATS'
2020-10-27 10:34:20 18136 [Note] Shutting down plugin 'INNODB_SYS_TABLES'
2020-10-27 10:34:20 18136 [Note] Shutting down plugin 'INNODB_FT_INDEX_TABLE'
2020-10-27 10:34:20 18136 [Note] Shutting down plugin 'INNODB_FT_INDEX_CACHE'
2020-10-27 10:34:20 18136 [Note] Shutting down plugin 'INNODB_FT_CONFIG'
2020-10-27 10:34:20 18136 [Note] Shutting down plugin 'INNODB_FT_BEING_DELETED'
2020-10-27 10:34:20 18136 [Note] Shutting down plugin 'INNODB_FT_DELETED'
2020-10-27 10:34:20 18136 [Note] Shutting down plugin 'INNODB_FT_DEFAULT_STOPWORD'
2020-10-27 10:34:20 18136 [Note] Shutting down plugin 'INNODB_METRICS'
2020-10-27 10:34:20 18136 [Note] Shutting down plugin 'INNODB_BUFFER_POOL_STATS'
2020-10-27 10:34:20 18136 [Note] Shutting down plugin 'INNODB_BUFFER_PAGE_LRU'
2020-10-27 10:34:20 18136 [Note] Shutting down plugin 'INNODB_BUFFER_PAGE'
2020-10-27 10:34:20 18136 [Note] Shutting down plugin 'INNODB_CMP_PER_INDEX_RESET'
2020-10-27 10:34:20 18136 [Note] Shutting down plugin 'INNODB_CMP_PER_INDEX'
2020-10-27 10:34:20 18136 [Note] Shutting down plugin 'INNODB_CMPMEM_RESET'
2020-10-27 10:34:20 18136 [Note] Shutting down plugin 'INNODB_CMPMEM'
2020-10-27 10:34:20 18136 [Note] Shutting down plugin 'INNODB_CMP_RESET'
2020-10-27 10:34:20 18136 [Note] Shutting down plugin 'INNODB_CMP'
2020-10-27 10:34:20 18136 [Note] Shutting down plugin 'INNODB_LOCK_WAITS'
2020-10-27 10:34:20 18136 [Note] Shutting down plugin 'INNODB_LOCKS'
2020-10-27 10:34:20 18136 [Note] Shutting down plugin 'INNODB_TRX'
2020-10-27 10:34:20 18136 [Note] Shutting down plugin 'BLACKHOLE'
2020-10-27 10:34:20 18136 [Note] Shutting down plugin 'ARCHIVE'
2020-10-27 10:34:20 18136 [Note] Shutting down plugin 'MRG_MYISAM'
2020-10-27 10:34:20 18136 [Note] Shutting down plugin 'MyISAM'
2020-10-27 10:34:20 18136 [Note] Shutting down plugin 'MEMORY'
2020-10-27 10:34:20 18136 [Note] Shutting down plugin 'CSV'
2020-10-27 10:34:20 18136 [Note] Shutting down plugin 'sha256_password'
2020-10-27 10:34:20 18136 [Note] Shutting down plugin 'mysql_old_password'
2020-10-27 10:34:20 18136 [Note] Shutting down plugin 'mysql_native_password'
2020-10-27 10:34:20 18136 [Note] Shutting down plugin 'binlog'
2020-10-27 10:34:20 18136 [Note] D:\USBWebserver v8.6/mysql/bin/mysqld_usbwv8.exe: Shutdown complete

2020-10-27 11:37:27 24352 [Note] Plugin 'FEDERATED' is disabled.
2020-10-27 11:37:27 24352 [Note] InnoDB: The InnoDB memory heap is disabled
2020-10-27 11:37:27 24352 [Note] InnoDB: Mutexes and rw_locks use Windows interlocked functions
2020-10-27 11:37:27 24352 [Note] InnoDB: Compressed tables use zlib 1.2.3
2020-10-27 11:37:27 24352 [Note] InnoDB: Not using CPU crc32 instructions
2020-10-27 11:37:27 24352 [Note] InnoDB: Initializing buffer pool, size = 128.0M
2020-10-27 11:37:27 24352 [Note] InnoDB: Completed initialization of buffer pool
2020-10-27 11:37:27 24352 [ERROR] InnoDB: D:\USBWebserver v8.6\mysql\data\ibdata1 can't be opened in read-write mode
2020-10-27 11:37:27 24352 [ERROR] InnoDB: The system tablespace must be writable!
2020-10-27 11:37:27 24352 [ERROR] Plugin 'InnoDB' init function returned error.
2020-10-27 11:37:27 24352 [ERROR] Plugin 'InnoDB' registration as a STORAGE ENGINE failed.
2020-10-27 11:37:27 24352 [ERROR] Unknown/unsupported storage engine: InnoDB
2020-10-27 11:37:27 24352 [ERROR] Aborting

2020-10-27 11:37:27 24352 [Note] Binlog end
2020-10-27 11:37:27 24352 [Note] Shutting down plugin 'partition'
2020-10-27 11:37:27 24352 [Note] Shutting down plugin 'PERFORMANCE_SCHEMA'
2020-10-27 11:37:27 24352 [Note] Shutting down plugin 'INNODB_SYS_DATAFILES'
2020-10-27 11:37:27 24352 [Note] Shutting down plugin 'INNODB_SYS_TABLESPACES'
2020-10-27 11:37:27 24352 [Note] Shutting down plugin 'INNODB_SYS_FOREIGN_COLS'
2020-10-27 11:37:27 24352 [Note] Shutting down plugin 'INNODB_SYS_FOREIGN'
2020-10-27 11:37:27 24352 [Note] Shutting down plugin 'INNODB_SYS_FIELDS'
2020-10-27 11:37:27 24352 [Note] Shutting down plugin 'INNODB_SYS_COLUMNS'
2020-10-27 11:37:27 24352 [Note] Shutting down plugin 'INNODB_SYS_INDEXES'
2020-10-27 11:37:27 24352 [Note] Shutting down plugin 'INNODB_SYS_TABLESTATS'
2020-10-27 11:37:27 24352 [Note] Shutting down plugin 'INNODB_SYS_TABLES'
2020-10-27 11:37:27 24352 [Note] Shutting down plugin 'INNODB_FT_INDEX_TABLE'
2020-10-27 11:37:27 24352 [Note] Shutting down plugin 'INNODB_FT_INDEX_CACHE'
2020-10-27 11:37:27 24352 [Note] Shutting down plugin 'INNODB_FT_CONFIG'
2020-10-27 11:37:27 24352 [Note] Shutting down plugin 'INNODB_FT_BEING_DELETED'
2020-10-27 11:37:27 24352 [Note] Shutting down plugin 'INNODB_FT_DELETED'
2020-10-27 11:37:27 24352 [Note] Shutting down plugin 'INNODB_FT_DEFAULT_STOPWORD'
2020-10-27 11:37:27 24352 [Note] Shutting down plugin 'INNODB_METRICS'
2020-10-27 11:37:27 24352 [Note] Shutting down plugin 'INNODB_BUFFER_POOL_STATS'
2020-10-27 11:37:27 24352 [Note] Shutting down plugin 'INNODB_BUFFER_PAGE_LRU'
2020-10-27 11:37:27 24352 [Note] Shutting down plugin 'INNODB_BUFFER_PAGE'
2020-10-27 11:37:27 24352 [Note] Shutting down plugin 'INNODB_CMP_PER_INDEX_RESET'
2020-10-27 11:37:27 24352 [Note] Shutting down plugin 'INNODB_CMP_PER_INDEX'
2020-10-27 11:37:27 24352 [Note] Shutting down plugin 'INNODB_CMPMEM_RESET'
2020-10-27 11:37:27 24352 [Note] Shutting down plugin 'INNODB_CMPMEM'
2020-10-27 11:37:27 24352 [Note] Shutting down plugin 'INNODB_CMP_RESET'
2020-10-27 11:37:27 24352 [Note] Shutting down plugin 'INNODB_CMP'
2020-10-27 11:37:27 24352 [Note] Shutting down plugin 'INNODB_LOCK_WAITS'
2020-10-27 11:37:27 24352 [Note] Shutting down plugin 'INNODB_LOCKS'
2020-10-27 11:37:27 24352 [Note] Shutting down plugin 'INNODB_TRX'
2020-10-27 11:37:27 24352 [Note] Shutting down plugin 'BLACKHOLE'
2020-10-27 11:37:27 24352 [Note] Shutting down plugin 'ARCHIVE'
2020-10-27 11:37:27 24352 [Note] Shutting down plugin 'MRG_MYISAM'
2020-10-27 11:37:27 24352 [Note] Shutting down plugin 'MyISAM'
2020-10-27 11:37:27 24352 [Note] Shutting down plugin 'MEMORY'
2020-10-27 11:37:27 24352 [Note] Shutting down plugin 'CSV'
2020-10-27 11:37:27 24352 [Note] Shutting down plugin 'sha256_password'
2020-10-27 11:37:27 24352 [Note] Shutting down plugin 'mysql_old_password'
2020-10-27 11:37:27 24352 [Note] Shutting down plugin 'mysql_native_password'
2020-10-27 11:37:27 24352 [Note] Shutting down plugin 'binlog'
2020-10-27 11:37:27 24352 [Note] D:\USBWebserver v8.6/mysql/bin/mysqld_usbwv8.exe: Shutdown complete

2020-10-27 11:52:55 18636 [Note] Plugin 'FEDERATED' is disabled.
2020-10-27 11:52:55 18636 [Note] InnoDB: The InnoDB memory heap is disabled
2020-10-27 11:52:55 18636 [Note] InnoDB: Mutexes and rw_locks use Windows interlocked functions
2020-10-27 11:52:55 18636 [Note] InnoDB: Compressed tables use zlib 1.2.3
2020-10-27 11:52:55 18636 [Note] InnoDB: Not using CPU crc32 instructions
2020-10-27 11:52:55 18636 [Note] InnoDB: Initializing buffer pool, size = 128.0M
2020-10-27 11:52:55 18636 [Note] InnoDB: Completed initialization of buffer pool
2020-10-27 11:52:55 18636 [ERROR] InnoDB: D:\USBWebserver v8.6\mysql\data\ibdata1 can't be opened in read-write mode
2020-10-27 11:52:55 18636 [ERROR] InnoDB: The system tablespace must be writable!
2020-10-27 11:52:55 18636 [ERROR] Plugin 'InnoDB' init function returned error.
2020-10-27 11:52:55 18636 [ERROR] Plugin 'InnoDB' registration as a STORAGE ENGINE failed.
2020-10-27 11:52:55 18636 [ERROR] Unknown/unsupported storage engine: InnoDB
2020-10-27 11:52:55 18636 [ERROR] Aborting

2020-10-27 11:52:55 18636 [Note] Binlog end
2020-10-27 11:52:55 18636 [Note] Shutting down plugin 'partition'
2020-10-27 11:52:55 18636 [Note] Shutting down plugin 'PERFORMANCE_SCHEMA'
2020-10-27 11:52:55 18636 [Note] Shutting down plugin 'INNODB_SYS_DATAFILES'
2020-10-27 11:52:55 18636 [Note] Shutting down plugin 'INNODB_SYS_TABLESPACES'
2020-10-27 11:52:55 18636 [Note] Shutting down plugin 'INNODB_SYS_FOREIGN_COLS'
2020-10-27 11:52:55 18636 [Note] Shutting down plugin 'INNODB_SYS_FOREIGN'
2020-10-27 11:52:55 18636 [Note] Shutting down plugin 'INNODB_SYS_FIELDS'
2020-10-27 11:52:55 18636 [Note] Shutting down plugin 'INNODB_SYS_COLUMNS'
2020-10-27 11:52:55 18636 [Note] Shutting down plugin 'INNODB_SYS_INDEXES'
2020-10-27 11:52:55 18636 [Note] Shutting down plugin 'INNODB_SYS_TABLESTATS'
2020-10-27 11:52:55 18636 [Note] Shutting down plugin 'INNODB_SYS_TABLES'
2020-10-27 11:52:55 18636 [Note] Shutting down plugin 'INNODB_FT_INDEX_TABLE'
2020-10-27 11:52:55 18636 [Note] Shutting down plugin 'INNODB_FT_INDEX_CACHE'
2020-10-27 11:52:55 18636 [Note] Shutting down plugin 'INNODB_FT_CONFIG'
2020-10-27 11:52:55 18636 [Note] Shutting down plugin 'INNODB_FT_BEING_DELETED'
2020-10-27 11:52:55 18636 [Note] Shutting down plugin 'INNODB_FT_DELETED'
2020-10-27 11:52:55 18636 [Note] Shutting down plugin 'INNODB_FT_DEFAULT_STOPWORD'
2020-10-27 11:52:55 18636 [Note] Shutting down plugin 'INNODB_METRICS'
2020-10-27 11:52:55 18636 [Note] Shutting down plugin 'INNODB_BUFFER_POOL_STATS'
2020-10-27 11:52:55 18636 [Note] Shutting down plugin 'INNODB_BUFFER_PAGE_LRU'
2020-10-27 11:52:55 18636 [Note] Shutting down plugin 'INNODB_BUFFER_PAGE'
2020-10-27 11:52:55 18636 [Note] Shutting down plugin 'INNODB_CMP_PER_INDEX_RESET'
2020-10-27 11:52:55 18636 [Note] Shutting down plugin 'INNODB_CMP_PER_INDEX'
2020-10-27 11:52:55 18636 [Note] Shutting down plugin 'INNODB_CMPMEM_RESET'
2020-10-27 11:52:55 18636 [Note] Shutting down plugin 'INNODB_CMPMEM'
2020-10-27 11:52:55 18636 [Note] Shutting down plugin 'INNODB_CMP_RESET'
2020-10-27 11:52:55 18636 [Note] Shutting down plugin 'INNODB_CMP'
2020-10-27 11:52:55 18636 [Note] Shutting down plugin 'INNODB_LOCK_WAITS'
2020-10-27 11:52:55 18636 [Note] Shutting down plugin 'INNODB_LOCKS'
2020-10-27 11:52:55 18636 [Note] Shutting down plugin 'INNODB_TRX'
2020-10-27 11:52:55 18636 [Note] Shutting down plugin 'BLACKHOLE'
2020-10-27 11:52:55 18636 [Note] Shutting down plugin 'ARCHIVE'
2020-10-27 11:52:55 18636 [Note] Shutting down plugin 'MRG_MYISAM'
2020-10-27 11:52:55 18636 [Note] Shutting down plugin 'MyISAM'
2020-10-27 11:52:55 18636 [Note] Shutting down plugin 'MEMORY'
2020-10-27 11:52:55 18636 [Note] Shutting down plugin 'CSV'
2020-10-27 11:52:55 18636 [Note] Shutting down plugin 'sha256_password'
2020-10-27 11:52:55 18636 [Note] Shutting down plugin 'mysql_old_password'
2020-10-27 11:52:55 18636 [Note] Shutting down plugin 'mysql_native_password'
2020-10-27 11:52:55 18636 [Note] Shutting down plugin 'binlog'
2020-10-27 11:52:55 18636 [Note] D:\USBWebserver v8.6/mysql/bin/mysqld_usbwv8.exe: Shutdown complete

2020-10-27 12:00:11 24452 [Note] Plugin 'FEDERATED' is disabled.
2020-10-27 12:00:11 24452 [Note] InnoDB: The InnoDB memory heap is disabled
2020-10-27 12:00:11 24452 [Note] InnoDB: Mutexes and rw_locks use Windows interlocked functions
2020-10-27 12:00:11 24452 [Note] InnoDB: Compressed tables use zlib 1.2.3
2020-10-27 12:00:11 24452 [Note] InnoDB: Not using CPU crc32 instructions
2020-10-27 12:00:11 24452 [Note] InnoDB: Initializing buffer pool, size = 128.0M
2020-10-27 12:00:11 24452 [Note] InnoDB: Completed initialization of buffer pool
2020-10-27 12:00:11 24452 [ERROR] InnoDB: D:\USBWebserver v8.6\mysql\data\ibdata1 can't be opened in read-write mode
2020-10-27 12:00:11 24452 [ERROR] InnoDB: The system tablespace must be writable!
2020-10-27 12:00:11 24452 [ERROR] Plugin 'InnoDB' init function returned error.
2020-10-27 12:00:11 24452 [ERROR] Plugin 'InnoDB' registration as a STORAGE ENGINE failed.
2020-10-27 12:00:11 24452 [ERROR] Unknown/unsupported storage engine: InnoDB
2020-10-27 12:00:11 24452 [ERROR] Aborting

2020-10-27 12:00:11 24452 [Note] Binlog end
2020-10-27 12:00:11 24452 [Note] Shutting down plugin 'partition'
2020-10-27 12:00:11 24452 [Note] Shutting down plugin 'PERFORMANCE_SCHEMA'
2020-10-27 12:00:11 24452 [Note] Shutting down plugin 'INNODB_SYS_DATAFILES'
2020-10-27 12:00:11 24452 [Note] Shutting down plugin 'INNODB_SYS_TABLESPACES'
2020-10-27 12:00:11 24452 [Note] Shutting down plugin 'INNODB_SYS_FOREIGN_COLS'
2020-10-27 12:00:11 24452 [Note] Shutting down plugin 'INNODB_SYS_FOREIGN'
2020-10-27 12:00:11 24452 [Note] Shutting down plugin 'INNODB_SYS_FIELDS'
2020-10-27 12:00:11 24452 [Note] Shutting down plugin 'INNODB_SYS_COLUMNS'
2020-10-27 12:00:11 24452 [Note] Shutting down plugin 'INNODB_SYS_INDEXES'
2020-10-27 12:00:11 24452 [Note] Shutting down plugin 'INNODB_SYS_TABLESTATS'
2020-10-27 12:00:11 24452 [Note] Shutting down plugin 'INNODB_SYS_TABLES'
2020-10-27 12:00:11 24452 [Note] Shutting down plugin 'INNODB_FT_INDEX_TABLE'
2020-10-27 12:00:11 24452 [Note] Shutting down plugin 'INNODB_FT_INDEX_CACHE'
2020-10-27 12:00:11 24452 [Note] Shutting down plugin 'INNODB_FT_CONFIG'
2020-10-27 12:00:11 24452 [Note] Shutting down plugin 'INNODB_FT_BEING_DELETED'
2020-10-27 12:00:11 24452 [Note] Shutting down plugin 'INNODB_FT_DELETED'
2020-10-27 12:00:11 24452 [Note] Shutting down plugin 'INNODB_FT_DEFAULT_STOPWORD'
2020-10-27 12:00:11 24452 [Note] Shutting down plugin 'INNODB_METRICS'
2020-10-27 12:00:11 24452 [Note] Shutting down plugin 'INNODB_BUFFER_POOL_STATS'
2020-10-27 12:00:11 24452 [Note] Shutting down plugin 'INNODB_BUFFER_PAGE_LRU'
2020-10-27 12:00:11 24452 [Note] Shutting down plugin 'INNODB_BUFFER_PAGE'
2020-10-27 12:00:11 24452 [Note] Shutting down plugin 'INNODB_CMP_PER_INDEX_RESET'
2020-10-27 12:00:11 24452 [Note] Shutting down plugin 'INNODB_CMP_PER_INDEX'
2020-10-27 12:00:11 24452 [Note] Shutting down plugin 'INNODB_CMPMEM_RESET'
2020-10-27 12:00:11 24452 [Note] Shutting down plugin 'INNODB_CMPMEM'
2020-10-27 12:00:11 24452 [Note] Shutting down plugin 'INNODB_CMP_RESET'
2020-10-27 12:00:11 24452 [Note] Shutting down plugin 'INNODB_CMP'
2020-10-27 12:00:11 24452 [Note] Shutting down plugin 'INNODB_LOCK_WAITS'
2020-10-27 12:00:11 24452 [Note] Shutting down plugin 'INNODB_LOCKS'
2020-10-27 12:00:11 24452 [Note] Shutting down plugin 'INNODB_TRX'
2020-10-27 12:00:11 24452 [Note] Shutting down plugin 'BLACKHOLE'
2020-10-27 12:00:11 24452 [Note] Shutting down plugin 'ARCHIVE'
2020-10-27 12:00:11 24452 [Note] Shutting down plugin 'MRG_MYISAM'
2020-10-27 12:00:11 24452 [Note] Shutting down plugin 'MyISAM'
2020-10-27 12:00:11 24452 [Note] Shutting down plugin 'MEMORY'
2020-10-27 12:00:11 24452 [Note] Shutting down plugin 'CSV'
2020-10-27 12:00:11 24452 [Note] Shutting down plugin 'sha256_password'
2020-10-27 12:00:11 24452 [Note] Shutting down plugin 'mysql_old_password'
2020-10-27 12:00:11 24452 [Note] Shutting down plugin 'mysql_native_password'
2020-10-27 12:00:11 24452 [Note] Shutting down plugin 'binlog'
2020-10-27 12:00:11 24452 [Note] D:\USBWebserver v8.6/mysql/bin/mysqld_usbwv8.exe: Shutdown complete

2020-11-02 19:17:50 26968 [Note] Plugin 'FEDERATED' is disabled.
2020-11-02 19:17:50 26968 [Note] InnoDB: The InnoDB memory heap is disabled
2020-11-02 19:17:50 26968 [Note] InnoDB: Mutexes and rw_locks use Windows interlocked functions
2020-11-02 19:17:50 26968 [Note] InnoDB: Compressed tables use zlib 1.2.3
2020-11-02 19:17:50 26968 [Note] InnoDB: Not using CPU crc32 instructions
2020-11-02 19:17:50 26968 [Note] InnoDB: Initializing buffer pool, size = 128.0M
2020-11-02 19:17:50 26968 [Note] InnoDB: Completed initialization of buffer pool
2020-11-02 19:17:50 26968 [Note] InnoDB: Highest supported file format is Barracuda.
2020-11-02 19:17:50 26968 [Note] InnoDB: The log sequence numbers 1626134 and 1626134 in ibdata files do not match the log sequence number 1677612 in the ib_logfiles!
2020-11-02 19:17:50 26968 [Note] InnoDB: Database was not shutdown normally!
2020-11-02 19:17:50 26968 [Note] InnoDB: Starting crash recovery.
2020-11-02 19:17:50 26968 [Note] InnoDB: Reading tablespace information from the .ibd files...
2020-11-02 19:17:50 26968 [Note] InnoDB: Restoring possible half-written data pages 
2020-11-02 19:17:50 26968 [Note] InnoDB: from the doublewrite buffer...
2020-11-02 19:17:50 26968 [Note] InnoDB: 128 rollback segment(s) are active.
2020-11-02 19:17:50 26968 [Note] InnoDB: Waiting for purge to start
2020-11-02 19:17:50 26968 [Note] InnoDB: 5.6.13 started; log sequence number 1677612
2020-11-02 19:17:50 26968 [Note] Server hostname (bind-address): '*'; port: 3307
2020-11-02 19:17:50 26968 [Note] IPv6 is available.
2020-11-02 19:17:50 26968 [Note]   - '::' resolves to '::';
2020-11-02 19:17:50 26968 [Note] Server socket created on IP: '::'.
2020-11-02 19:17:50 26968 [Note] Event Scheduler: Loaded 0 events
2020-11-02 19:17:50 26968 [Note] D:\USBWebserver v8.6/mysql/bin/mysqld_usbwv8.exe: ready for connections.
Version: '5.6.13'  socket: ''  port: 3307  MySQL Community Server (GPL)
2020-11-02 19:23:52 10420 [Note] Plugin 'FEDERATED' is disabled.
2020-11-02 19:23:52 10420 [Note] InnoDB: The InnoDB memory heap is disabled
2020-11-02 19:23:52 10420 [Note] InnoDB: Mutexes and rw_locks use Windows interlocked functions
2020-11-02 19:23:52 10420 [Note] InnoDB: Compressed tables use zlib 1.2.3
2020-11-02 19:23:52 10420 [Note] InnoDB: Not using CPU crc32 instructions
2020-11-02 19:23:52 10420 [Note] InnoDB: Initializing buffer pool, size = 128.0M
2020-11-02 19:23:52 10420 [Note] InnoDB: Completed initialization of buffer pool
2020-11-02 19:23:52 10420 [ERROR] InnoDB: D:\USBWebserver v8.6\mysql\data\ibdata1 can't be opened in read-write mode
2020-11-02 19:23:52 10420 [ERROR] InnoDB: The system tablespace must be writable!
2020-11-02 19:23:52 10420 [ERROR] Plugin 'InnoDB' init function returned error.
2020-11-02 19:23:52 10420 [ERROR] Plugin 'InnoDB' registration as a STORAGE ENGINE failed.
2020-11-02 19:23:52 10420 [ERROR] Unknown/unsupported storage engine: InnoDB
2020-11-02 19:23:52 10420 [ERROR] Aborting

2020-11-02 19:23:52 10420 [Note] Binlog end
2020-11-02 19:23:52 10420 [Note] Shutting down plugin 'partition'
2020-11-02 19:23:52 10420 [Note] Shutting down plugin 'PERFORMANCE_SCHEMA'
2020-11-02 19:23:52 10420 [Note] Shutting down plugin 'INNODB_SYS_DATAFILES'
2020-11-02 19:23:52 10420 [Note] Shutting down plugin 'INNODB_SYS_TABLESPACES'
2020-11-02 19:23:52 10420 [Note] Shutting down plugin 'INNODB_SYS_FOREIGN_COLS'
2020-11-02 19:23:52 10420 [Note] Shutting down plugin 'INNODB_SYS_FOREIGN'
2020-11-02 19:23:52 10420 [Note] Shutting down plugin 'INNODB_SYS_FIELDS'
2020-11-02 19:23:52 10420 [Note] Shutting down plugin 'INNODB_SYS_COLUMNS'
2020-11-02 19:23:52 10420 [Note] Shutting down plugin 'INNODB_SYS_INDEXES'
2020-11-02 19:23:52 10420 [Note] Shutting down plugin 'INNODB_SYS_TABLESTATS'
2020-11-02 19:23:52 10420 [Note] Shutting down plugin 'INNODB_SYS_TABLES'
2020-11-02 19:23:52 10420 [Note] Shutting down plugin 'INNODB_FT_INDEX_TABLE'
2020-11-02 19:23:52 10420 [Note] Shutting down plugin 'INNODB_FT_INDEX_CACHE'
2020-11-02 19:23:52 10420 [Note] Shutting down plugin 'INNODB_FT_CONFIG'
2020-11-02 19:23:52 10420 [Note] Shutting down plugin 'INNODB_FT_BEING_DELETED'
2020-11-02 19:23:52 10420 [Note] Shutting down plugin 'INNODB_FT_DELETED'
2020-11-02 19:23:52 10420 [Note] Shutting down plugin 'INNODB_FT_DEFAULT_STOPWORD'
2020-11-02 19:23:52 10420 [Note] Shutting down plugin 'INNODB_METRICS'
2020-11-02 19:23:52 10420 [Note] Shutting down plugin 'INNODB_BUFFER_POOL_STATS'
2020-11-02 19:23:52 10420 [Note] Shutting down plugin 'INNODB_BUFFER_PAGE_LRU'
2020-11-02 19:23:52 10420 [Note] Shutting down plugin 'INNODB_BUFFER_PAGE'
2020-11-02 19:23:52 10420 [Note] Shutting down plugin 'INNODB_CMP_PER_INDEX_RESET'
2020-11-02 19:23:52 10420 [Note] Shutting down plugin 'INNODB_CMP_PER_INDEX'
2020-11-02 19:23:52 10420 [Note] Shutting down plugin 'INNODB_CMPMEM_RESET'
2020-11-02 19:23:52 10420 [Note] Shutting down plugin 'INNODB_CMPMEM'
2020-11-02 19:23:52 10420 [Note] Shutting down plugin 'INNODB_CMP_RESET'
2020-11-02 19:23:52 10420 [Note] Shutting down plugin 'INNODB_CMP'
2020-11-02 19:23:52 10420 [Note] Shutting down plugin 'INNODB_LOCK_WAITS'
2020-11-02 19:23:52 10420 [Note] Shutting down plugin 'INNODB_LOCKS'
2020-11-02 19:23:52 10420 [Note] Shutting down plugin 'INNODB_TRX'
2020-11-02 19:23:52 10420 [Note] Shutting down plugin 'BLACKHOLE'
2020-11-02 19:23:52 10420 [Note] Shutting down plugin 'ARCHIVE'
2020-11-02 19:23:52 10420 [Note] Shutting down plugin 'MRG_MYISAM'
2020-11-02 19:23:52 10420 [Note] Shutting down plugin 'MyISAM'
2020-11-02 19:23:52 10420 [Note] Shutting down plugin 'MEMORY'
2020-11-02 19:23:52 10420 [Note] Shutting down plugin 'CSV'
2020-11-02 19:23:52 10420 [Note] Shutting down plugin 'sha256_password'
2020-11-02 19:23:52 10420 [Note] Shutting down plugin 'mysql_old_password'
2020-11-02 19:23:52 10420 [Note] Shutting down plugin 'mysql_native_password'
2020-11-02 19:23:52 10420 [Note] Shutting down plugin 'binlog'
2020-11-02 19:23:52 10420 [Note] D:\USBWebserver v8.6/mysql/bin/mysqld_usbwv8.exe: Shutdown complete

2020-11-06 15:39:22 35408 [Note] Plugin 'FEDERATED' is disabled.
2020-11-06 15:39:22 35408 [Note] InnoDB: The InnoDB memory heap is disabled
2020-11-06 15:39:22 35408 [Note] InnoDB: Mutexes and rw_locks use Windows interlocked functions
2020-11-06 15:39:22 35408 [Note] InnoDB: Compressed tables use zlib 1.2.3
2020-11-06 15:39:22 35408 [Note] InnoDB: Not using CPU crc32 instructions
2020-11-06 15:39:23 35408 [Note] InnoDB: Initializing buffer pool, size = 128.0M
2020-11-06 15:39:23 35408 [Note] InnoDB: Completed initialization of buffer pool
2020-11-06 15:39:23 35408 [Note] InnoDB: Highest supported file format is Barracuda.
2020-11-06 15:39:23 35408 [Note] InnoDB: The log sequence numbers 1626134 and 1626134 in ibdata files do not match the log sequence number 1769540 in the ib_logfiles!
2020-11-06 15:39:23 35408 [Note] InnoDB: Database was not shutdown normally!
2020-11-06 15:39:23 35408 [Note] InnoDB: Starting crash recovery.
2020-11-06 15:39:23 35408 [Note] InnoDB: Reading tablespace information from the .ibd files...
2020-11-06 15:39:23 35408 [Note] InnoDB: Restoring possible half-written data pages 
2020-11-06 15:39:23 35408 [Note] InnoDB: from the doublewrite buffer...
2020-11-06 15:39:24 35408 [Note] InnoDB: 128 rollback segment(s) are active.
2020-11-06 15:39:24 35408 [Note] InnoDB: Waiting for purge to start
2020-11-06 15:39:24 35408 [Note] InnoDB: 5.6.13 started; log sequence number 1769540
2020-11-06 15:39:24 35408 [Note] Server hostname (bind-address): '*'; port: 3307
2020-11-06 15:39:24 35408 [Note] IPv6 is available.
2020-11-06 15:39:24 35408 [Note]   - '::' resolves to '::';
2020-11-06 15:39:24 35408 [Note] Server socket created on IP: '::'.
2020-11-06 15:39:24 35408 [ERROR] Can't start server: Bind on TCP/IP port: No such file or directory
2020-11-06 15:39:24 35408 [ERROR] Do you already have another mysqld server running on port: 3307 ?
2020-11-06 15:39:24 35408 [ERROR] Aborting

2020-11-06 15:39:24 35408 [Note] Binlog end
2020-11-06 15:39:24 35408 [Note] Shutting down plugin 'partition'
2020-11-06 15:39:24 35408 [Note] Shutting down plugin 'PERFORMANCE_SCHEMA'
2020-11-06 15:39:24 35408 [Note] Shutting down plugin 'INNODB_SYS_DATAFILES'
2020-11-06 15:39:24 35408 [Note] Shutting down plugin 'INNODB_SYS_TABLESPACES'
2020-11-06 15:39:24 35408 [Note] Shutting down plugin 'INNODB_SYS_FOREIGN_COLS'
2020-11-06 15:39:24 35408 [Note] Shutting down plugin 'INNODB_SYS_FOREIGN'
2020-11-06 15:39:24 35408 [Note] Shutting down plugin 'INNODB_SYS_FIELDS'
2020-11-06 15:39:24 35408 [Note] Shutting down plugin 'INNODB_SYS_COLUMNS'
2020-11-06 15:39:24 35408 [Note] Shutting down plugin 'INNODB_SYS_INDEXES'
2020-11-06 15:39:24 35408 [Note] Shutting down plugin 'INNODB_SYS_TABLESTATS'
2020-11-06 15:39:24 35408 [Note] Shutting down plugin 'INNODB_SYS_TABLES'
2020-11-06 15:39:24 35408 [Note] Shutting down plugin 'INNODB_FT_INDEX_TABLE'
2020-11-06 15:39:24 35408 [Note] Shutting down plugin 'INNODB_FT_INDEX_CACHE'
2020-11-06 15:39:24 35408 [Note] Shutting down plugin 'INNODB_FT_CONFIG'
2020-11-06 15:39:24 35408 [Note] Shutting down plugin 'INNODB_FT_BEING_DELETED'
2020-11-06 15:39:24 35408 [Note] Shutting down plugin 'INNODB_FT_DELETED'
2020-11-06 15:39:24 35408 [Note] Shutting down plugin 'INNODB_FT_DEFAULT_STOPWORD'
2020-11-06 15:39:24 35408 [Note] Shutting down plugin 'INNODB_METRICS'
2020-11-06 15:39:24 35408 [Note] Shutting down plugin 'INNODB_BUFFER_POOL_STATS'
2020-11-06 15:39:24 35408 [Note] Shutting down plugin 'INNODB_BUFFER_PAGE_LRU'
2020-11-06 15:39:24 35408 [Note] Shutting down plugin 'INNODB_BUFFER_PAGE'
2020-11-06 15:39:24 35408 [Note] Shutting down plugin 'INNODB_CMP_PER_INDEX_RESET'
2020-11-06 15:39:24 35408 [Note] Shutting down plugin 'INNODB_CMP_PER_INDEX'
2020-11-06 15:39:24 35408 [Note] Shutting down plugin 'INNODB_CMPMEM_RESET'
2020-11-06 15:39:24 35408 [Note] Shutting down plugin 'INNODB_CMPMEM'
2020-11-06 15:39:24 35408 [Note] Shutting down plugin 'INNODB_CMP_RESET'
2020-11-06 15:39:24 35408 [Note] Shutting down plugin 'INNODB_CMP'
2020-11-06 15:39:24 35408 [Note] Shutting down plugin 'INNODB_LOCK_WAITS'
2020-11-06 15:39:24 35408 [Note] Shutting down plugin 'INNODB_LOCKS'
2020-11-06 15:39:24 35408 [Note] Shutting down plugin 'INNODB_TRX'
2020-11-06 15:39:24 35408 [Note] Shutting down plugin 'InnoDB'
2020-11-06 15:39:24 35408 [Note] InnoDB: FTS optimize thread exiting.
2020-11-06 15:39:24 35408 [Note] InnoDB: Starting shutdown...
2020-11-06 15:39:26 35408 [Note] InnoDB: Shutdown completed; log sequence number 1769550
2020-11-06 15:39:26 35408 [Note] Shutting down plugin 'BLACKHOLE'
2020-11-06 15:39:26 35408 [Note] Shutting down plugin 'ARCHIVE'
2020-11-06 15:39:26 35408 [Note] Shutting down plugin 'MRG_MYISAM'
2020-11-06 15:39:26 35408 [Note] Shutting down plugin 'MyISAM'
2020-11-06 15:39:26 35408 [Note] Shutting down plugin 'MEMORY'
2020-11-06 15:39:26 35408 [Note] Shutting down plugin 'CSV'
2020-11-06 15:39:26 35408 [Note] Shutting down plugin 'sha256_password'
2020-11-06 15:39:26 35408 [Note] Shutting down plugin 'mysql_old_password'
2020-11-06 15:39:26 35408 [Note] Shutting down plugin 'mysql_native_password'
2020-11-06 15:39:26 35408 [Note] Shutting down plugin 'binlog'
2020-11-06 15:39:26 35408 [Note] D:\USBWebserver v8.6/mysql/bin/mysqld_usbwv8.exe: Shutdown complete

2020-11-06 15:41:08 13912 [Note] Plugin 'FEDERATED' is disabled.
2020-11-06 15:41:08 13912 [Note] InnoDB: The InnoDB memory heap is disabled
2020-11-06 15:41:08 13912 [Note] InnoDB: Mutexes and rw_locks use Windows interlocked functions
2020-11-06 15:41:08 13912 [Note] InnoDB: Compressed tables use zlib 1.2.3
2020-11-06 15:41:08 13912 [Note] InnoDB: Not using CPU crc32 instructions
2020-11-06 15:41:08 13912 [Note] InnoDB: Initializing buffer pool, size = 128.0M
2020-11-06 15:41:08 13912 [Note] InnoDB: Completed initialization of buffer pool
2020-11-06 15:41:08 13912 [Note] InnoDB: Highest supported file format is Barracuda.
2020-11-06 15:41:09 13912 [Note] InnoDB: 128 rollback segment(s) are active.
2020-11-06 15:41:09 13912 [Note] InnoDB: Waiting for purge to start
2020-11-06 15:41:09 13912 [Note] InnoDB: 5.6.13 started; log sequence number 1769550
2020-11-06 15:41:09 13912 [Note] Server hostname (bind-address): '*'; port: 3307
2020-11-06 15:41:09 13912 [Note] IPv6 is available.
2020-11-06 15:41:09 13912 [Note]   - '::' resolves to '::';
2020-11-06 15:41:09 13912 [Note] Server socket created on IP: '::'.
2020-11-08 20:14:56 14400 [Note] Plugin 'FEDERATED' is disabled.
2020-11-08 20:14:56 14400 [Note] InnoDB: The InnoDB memory heap is disabled
2020-11-08 20:14:56 14400 [Note] InnoDB: Mutexes and rw_locks use Windows interlocked functions
2020-11-08 20:14:56 14400 [Note] InnoDB: Compressed tables use zlib 1.2.3
2020-11-08 20:14:56 14400 [Note] InnoDB: Not using CPU crc32 instructions
2020-11-08 20:14:56 14400 [Note] InnoDB: Initializing buffer pool, size = 128.0M
2020-11-08 20:14:56 14400 [Note] InnoDB: Completed initialization of buffer pool
2020-11-08 20:14:56 14400 [Note] InnoDB: Highest supported file format is Barracuda.
2020-11-08 20:14:56 14400 [Note] InnoDB: The log sequence numbers 1769550 and 1769550 in ibdata files do not match the log sequence number 1769560 in the ib_logfiles!
2020-11-08 20:14:56 14400 [Note] InnoDB: Database was not shutdown normally!
2020-11-08 20:14:56 14400 [Note] InnoDB: Starting crash recovery.
2020-11-08 20:14:56 14400 [Note] InnoDB: Reading tablespace information from the .ibd files...
2020-11-08 20:14:56 14400 [Note] InnoDB: Restoring possible half-written data pages 
2020-11-08 20:14:56 14400 [Note] InnoDB: from the doublewrite buffer...
2020-11-08 20:14:56 14400 [Note] InnoDB: 128 rollback segment(s) are active.
2020-11-08 20:14:56 14400 [Note] InnoDB: Waiting for purge to start
2020-11-08 20:14:56 14400 [Note] InnoDB: 5.6.13 started; log sequence number 1769560
2020-11-08 20:14:56 14400 [Note] Server hostname (bind-address): '*'; port: 3307
2020-11-08 20:14:56 14400 [Note] IPv6 is available.
2020-11-08 20:14:56 14400 [Note]   - '::' resolves to '::';
2020-11-08 20:14:56 14400 [Note] Server socket created on IP: '::'.
2020-11-08 20:14:56 14400 [Note] Event Scheduler: Loaded 0 events
2020-11-08 20:14:56 14400 [Note] D:\USBWebserver v8.6/mysql/bin/mysqld_usbwv8.exe: ready for connections.
Version: '5.6.13'  socket: ''  port: 3307  MySQL Community Server (GPL)
2020-11-08 20:19:32 13644 [Note] Plugin 'FEDERATED' is disabled.
2020-11-08 20:19:32 13644 [Note] InnoDB: The InnoDB memory heap is disabled
2020-11-08 20:19:32 13644 [Note] InnoDB: Mutexes and rw_locks use Windows interlocked functions
2020-11-08 20:19:32 13644 [Note] InnoDB: Compressed tables use zlib 1.2.3
2020-11-08 20:19:32 13644 [Note] InnoDB: Not using CPU crc32 instructions
2020-11-08 20:19:32 13644 [Note] InnoDB: Initializing buffer pool, size = 128.0M
2020-11-08 20:19:32 13644 [Note] InnoDB: Completed initialization of buffer pool
2020-11-08 20:19:32 13644 [Note] InnoDB: Highest supported file format is Barracuda.
2020-11-08 20:19:32 13644 [Note] InnoDB: The log sequence numbers 1769550 and 1769550 in ibdata files do not match the log sequence number 1769570 in the ib_logfiles!
2020-11-08 20:19:32 13644 [Note] InnoDB: Database was not shutdown normally!
2020-11-08 20:19:32 13644 [Note] InnoDB: Starting crash recovery.
2020-11-08 20:19:32 13644 [Note] InnoDB: Reading tablespace information from the .ibd files...
2020-11-08 20:19:32 13644 [Note] InnoDB: Restoring possible half-written data pages 
2020-11-08 20:19:32 13644 [Note] InnoDB: from the doublewrite buffer...
2020-11-08 20:19:33 13644 [Note] InnoDB: 128 rollback segment(s) are active.
2020-11-08 20:19:33 13644 [Note] InnoDB: Waiting for purge to start
2020-11-08 20:19:33 13644 [Note] InnoDB: 5.6.13 started; log sequence number 1769570
2020-11-08 20:19:33 13644 [Note] Server hostname (bind-address): '*'; port: 3307
2020-11-08 20:19:33 13644 [Note] IPv6 is available.
2020-11-08 20:19:33 13644 [Note]   - '::' resolves to '::';
2020-11-08 20:19:33 13644 [Note] Server socket created on IP: '::'.
