2019-12-03 16:04:45 14792 [Note] Plugin 'FEDERATED' is disabled.
2019-12-03 16:04:45 14792 [Note] InnoDB: The InnoDB memory heap is disabled
2019-12-03 16:04:45 14792 [Note] InnoDB: Mutexes and rw_locks use Windows interlocked functions
2019-12-03 16:04:45 14792 [Note] InnoDB: Compressed tables use zlib 1.2.3
2019-12-03 16:04:45 14792 [Note] InnoDB: Not using CPU crc32 instructions
2019-12-03 16:04:45 14792 [Note] InnoDB: Initializing buffer pool, size = 128.0M
2019-12-03 16:04:45 14792 [Note] InnoDB: Completed initialization of buffer pool
2019-12-03 16:04:47 14792 [Note] InnoDB: Highest supported file format is Barracuda.
2019-12-03 16:04:48 14792 [Note] InnoDB: The log sequence numbers 1626134 and 1626134 in ibdata files do not match the log sequence number 1626686 in the ib_logfiles!
2019-12-03 16:04:48 14792 [Note] InnoDB: Database was not shutdown normally!
2019-12-03 16:04:48 14792 [Note] InnoDB: Starting crash recovery.
2019-12-03 16:04:48 14792 [Note] InnoDB: Reading tablespace information from the .ibd files...
2019-12-03 16:04:50 14792 [Note] InnoDB: Restoring possible half-written data pages 
2019-12-03 16:04:50 14792 [Note] InnoDB: from the doublewrite buffer...
2019-12-03 16:04:50 14792 [Note] InnoDB: 128 rollback segment(s) are active.
2019-12-03 16:04:50 14792 [Note] InnoDB: Waiting for purge to start
2019-12-03 16:04:50 14792 [Note] InnoDB: 5.6.13 started; log sequence number 1626686
2019-12-03 16:04:50 14792 [Note] Server hostname (bind-address): '*'; port: 3307
2019-12-03 16:04:50 14792 [Note] IPv6 is available.
2019-12-03 16:04:50 14792 [Note]   - '::' resolves to '::';
2019-12-03 16:04:50 14792 [Note] Server socket created on IP: '::'.
2019-12-03 16:08:17 12856 [Note] Plugin 'FEDERATED' is disabled.
2019-12-03 16:08:17 12856 [Note] InnoDB: The InnoDB memory heap is disabled
2019-12-03 16:08:17 12856 [Note] InnoDB: Mutexes and rw_locks use Windows interlocked functions
2019-12-03 16:08:17 12856 [Note] InnoDB: Compressed tables use zlib 1.2.3
2019-12-03 16:08:17 12856 [Note] InnoDB: Not using CPU crc32 instructions
2019-12-03 16:08:17 12856 [Note] InnoDB: Initializing buffer pool, size = 128.0M
2019-12-03 16:08:17 12856 [Note] InnoDB: Completed initialization of buffer pool
2019-12-03 16:08:17 12856 [ERROR] InnoDB: C:\Users\JStrahan\OneDrive - Belfast Metropolitan College\Office 365 database\USBWebserver v8.6\mysql\data\ibdata1 can't be opened in read-write mode
2019-12-03 16:08:17 12856 [ERROR] InnoDB: The system tablespace must be writable!
2019-12-03 16:08:17 12856 [ERROR] Plugin 'InnoDB' init function returned error.
2019-12-03 16:08:17 12856 [ERROR] Plugin 'InnoDB' registration as a STORAGE ENGINE failed.
2019-12-03 16:08:17 12856 [ERROR] Unknown/unsupported storage engine: InnoDB
2019-12-03 16:08:17 12856 [ERROR] Aborting

2019-12-03 16:08:17 12856 [Note] Binlog end
2019-12-03 16:08:17 12856 [Note] Shutting down plugin 'partition'
2019-12-03 16:08:17 12856 [Note] Shutting down plugin 'PERFORMANCE_SCHEMA'
2019-12-03 16:08:17 12856 [Note] Shutting down plugin 'INNODB_SYS_DATAFILES'
2019-12-03 16:08:17 12856 [Note] Shutting down plugin 'INNODB_SYS_TABLESPACES'
2019-12-03 16:08:17 12856 [Note] Shutting down plugin 'INNODB_SYS_FOREIGN_COLS'
2019-12-03 16:08:17 12856 [Note] Shutting down plugin 'INNODB_SYS_FOREIGN'
2019-12-03 16:08:17 12856 [Note] Shutting down plugin 'INNODB_SYS_FIELDS'
2019-12-03 16:08:17 12856 [Note] Shutting down plugin 'INNODB_SYS_COLUMNS'
2019-12-03 16:08:17 12856 [Note] Shutting down plugin 'INNODB_SYS_INDEXES'
2019-12-03 16:08:17 12856 [Note] Shutting down plugin 'INNODB_SYS_TABLESTATS'
2019-12-03 16:08:17 12856 [Note] Shutting down plugin 'INNODB_SYS_TABLES'
2019-12-03 16:08:17 12856 [Note] Shutting down plugin 'INNODB_FT_INDEX_TABLE'
2019-12-03 16:08:17 12856 [Note] Shutting down plugin 'INNODB_FT_INDEX_CACHE'
2019-12-03 16:08:17 12856 [Note] Shutting down plugin 'INNODB_FT_CONFIG'
2019-12-03 16:08:17 12856 [Note] Shutting down plugin 'INNODB_FT_BEING_DELETED'
2019-12-03 16:08:17 12856 [Note] Shutting down plugin 'INNODB_FT_DELETED'
2019-12-03 16:08:17 12856 [Note] Shutting down plugin 'INNODB_FT_DEFAULT_STOPWORD'
2019-12-03 16:08:17 12856 [Note] Shutting down plugin 'INNODB_METRICS'
2019-12-03 16:08:17 12856 [Note] Shutting down plugin 'INNODB_BUFFER_POOL_STATS'
2019-12-03 16:08:17 12856 [Note] Shutting down plugin 'INNODB_BUFFER_PAGE_LRU'
2019-12-03 16:08:17 12856 [Note] Shutting down plugin 'INNODB_BUFFER_PAGE'
2019-12-03 16:08:17 12856 [Note] Shutting down plugin 'INNODB_CMP_PER_INDEX_RESET'
2019-12-03 16:08:17 12856 [Note] Shutting down plugin 'INNODB_CMP_PER_INDEX'
2019-12-03 16:08:17 12856 [Note] Shutting down plugin 'INNODB_CMPMEM_RESET'
2019-12-03 16:08:17 12856 [Note] Shutting down plugin 'INNODB_CMPMEM'
2019-12-03 16:08:17 12856 [Note] Shutting down plugin 'INNODB_CMP_RESET'
2019-12-03 16:08:17 12856 [Note] Shutting down plugin 'INNODB_CMP'
2019-12-03 16:08:17 12856 [Note] Shutting down plugin 'INNODB_LOCK_WAITS'
2019-12-03 16:08:17 12856 [Note] Shutting down plugin 'INNODB_LOCKS'
2019-12-03 16:08:17 12856 [Note] Shutting down plugin 'INNODB_TRX'
2019-12-03 16:08:17 12856 [Note] Shutting down plugin 'BLACKHOLE'
2019-12-03 16:08:17 12856 [Note] Shutting down plugin 'ARCHIVE'
2019-12-03 16:08:17 12856 [Note] Shutting down plugin 'MRG_MYISAM'
2019-12-03 16:08:17 12856 [Note] Shutting down plugin 'MyISAM'
2019-12-03 16:08:17 12856 [Note] Shutting down plugin 'MEMORY'
2019-12-03 16:08:17 12856 [Note] Shutting down plugin 'CSV'
2019-12-03 16:08:17 12856 [Note] Shutting down plugin 'sha256_password'
2019-12-03 16:08:17 12856 [Note] Shutting down plugin 'mysql_old_password'
2019-12-03 16:08:17 12856 [Note] Shutting down plugin 'mysql_native_password'
2019-12-03 16:08:17 12856 [Note] Shutting down plugin 'binlog'
2019-12-03 16:08:17 12856 [Note] C:\Users\JStrahan\OneDrive - Belfast Metropolitan College\Office 365 database\USBWebserver v8.6/mysql/bin/mysqld_usbwv8.exe: Shutdown complete

2019-12-03 16:09:06 14344 [Note] Plugin 'FEDERATED' is disabled.
2019-12-03 16:09:06 14344 [Note] InnoDB: The InnoDB memory heap is disabled
2019-12-03 16:09:06 14344 [Note] InnoDB: Mutexes and rw_locks use Windows interlocked functions
2019-12-03 16:09:06 14344 [Note] InnoDB: Compressed tables use zlib 1.2.3
2019-12-03 16:09:06 14344 [Note] InnoDB: Not using CPU crc32 instructions
2019-12-03 16:09:06 14344 [Note] InnoDB: Initializing buffer pool, size = 128.0M
2019-12-03 16:09:06 14344 [Note] InnoDB: Completed initialization of buffer pool
2019-12-03 16:09:06 14344 [ERROR] InnoDB: C:\Users\JStrahan\OneDrive - Belfast Metropolitan College\Office 365 database\USBWebserver v8.6\mysql\data\ibdata1 can't be opened in read-write mode
2019-12-03 16:09:06 14344 [ERROR] InnoDB: The system tablespace must be writable!
2019-12-03 16:09:06 14344 [ERROR] Plugin 'InnoDB' init function returned error.
2019-12-03 16:09:06 14344 [ERROR] Plugin 'InnoDB' registration as a STORAGE ENGINE failed.
2019-12-03 16:09:06 14344 [ERROR] Unknown/unsupported storage engine: InnoDB
2019-12-03 16:09:06 14344 [ERROR] Aborting

2019-12-03 16:09:06 14344 [Note] Binlog end
2019-12-03 16:09:06 14344 [Note] Shutting down plugin 'partition'
2019-12-03 16:09:06 14344 [Note] Shutting down plugin 'PERFORMANCE_SCHEMA'
2019-12-03 16:09:06 14344 [Note] Shutting down plugin 'INNODB_SYS_DATAFILES'
2019-12-03 16:09:06 14344 [Note] Shutting down plugin 'INNODB_SYS_TABLESPACES'
2019-12-03 16:09:06 14344 [Note] Shutting down plugin 'INNODB_SYS_FOREIGN_COLS'
2019-12-03 16:09:06 14344 [Note] Shutting down plugin 'INNODB_SYS_FOREIGN'
2019-12-03 16:09:06 14344 [Note] Shutting down plugin 'INNODB_SYS_FIELDS'
2019-12-03 16:09:06 14344 [Note] Shutting down plugin 'INNODB_SYS_COLUMNS'
2019-12-03 16:09:06 14344 [Note] Shutting down plugin 'INNODB_SYS_INDEXES'
2019-12-03 16:09:06 14344 [Note] Shutting down plugin 'INNODB_SYS_TABLESTATS'
2019-12-03 16:09:06 14344 [Note] Shutting down plugin 'INNODB_SYS_TABLES'
2019-12-03 16:09:06 14344 [Note] Shutting down plugin 'INNODB_FT_INDEX_TABLE'
2019-12-03 16:09:06 14344 [Note] Shutting down plugin 'INNODB_FT_INDEX_CACHE'
2019-12-03 16:09:06 14344 [Note] Shutting down plugin 'INNODB_FT_CONFIG'
2019-12-03 16:09:06 14344 [Note] Shutting down plugin 'INNODB_FT_BEING_DELETED'
2019-12-03 16:09:06 14344 [Note] Shutting down plugin 'INNODB_FT_DELETED'
2019-12-03 16:09:06 14344 [Note] Shutting down plugin 'INNODB_FT_DEFAULT_STOPWORD'
2019-12-03 16:09:06 14344 [Note] Shutting down plugin 'INNODB_METRICS'
2019-12-03 16:09:06 14344 [Note] Shutting down plugin 'INNODB_BUFFER_POOL_STATS'
2019-12-03 16:09:06 14344 [Note] Shutting down plugin 'INNODB_BUFFER_PAGE_LRU'
2019-12-03 16:09:06 14344 [Note] Shutting down plugin 'INNODB_BUFFER_PAGE'
2019-12-03 16:09:06 14344 [Note] Shutting down plugin 'INNODB_CMP_PER_INDEX_RESET'
2019-12-03 16:09:06 14344 [Note] Shutting down plugin 'INNODB_CMP_PER_INDEX'
2019-12-03 16:09:06 14344 [Note] Shutting down plugin 'INNODB_CMPMEM_RESET'
2019-12-03 16:09:06 14344 [Note] Shutting down plugin 'INNODB_CMPMEM'
2019-12-03 16:09:06 14344 [Note] Shutting down plugin 'INNODB_CMP_RESET'
2019-12-03 16:09:06 14344 [Note] Shutting down plugin 'INNODB_CMP'
2019-12-03 16:09:07 14344 [Note] Shutting down plugin 'INNODB_LOCK_WAITS'
2019-12-03 16:09:07 14344 [Note] Shutting down plugin 'INNODB_LOCKS'
2019-12-03 16:09:07 14344 [Note] Shutting down plugin 'INNODB_TRX'
2019-12-03 16:09:07 14344 [Note] Shutting down plugin 'BLACKHOLE'
2019-12-03 16:09:07 14344 [Note] Shutting down plugin 'ARCHIVE'
2019-12-03 16:09:07 14344 [Note] Shutting down plugin 'MRG_MYISAM'
2019-12-03 16:09:07 14344 [Note] Shutting down plugin 'MyISAM'
2019-12-03 16:09:07 14344 [Note] Shutting down plugin 'MEMORY'
2019-12-03 16:09:07 14344 [Note] Shutting down plugin 'CSV'
2019-12-03 16:09:07 14344 [Note] Shutting down plugin 'sha256_password'
2019-12-03 16:09:07 14344 [Note] Shutting down plugin 'mysql_old_password'
2019-12-03 16:09:07 14344 [Note] Shutting down plugin 'mysql_native_password'
2019-12-03 16:09:07 14344 [Note] Shutting down plugin 'binlog'
2019-12-03 16:09:07 14344 [Note] C:\Users\JStrahan\OneDrive - Belfast Metropolitan College\Office 365 database\USBWebserver v8.6/mysql/bin/mysqld_usbwv8.exe: Shutdown complete

2019-12-03 17:18:07 304 [Note] Plugin 'FEDERATED' is disabled.
2019-12-03 17:18:07 304 [Note] InnoDB: The InnoDB memory heap is disabled
2019-12-03 17:18:07 304 [Note] InnoDB: Mutexes and rw_locks use Windows interlocked functions
2019-12-03 17:18:07 304 [Note] InnoDB: Compressed tables use zlib 1.2.3
2019-12-03 17:18:07 304 [Note] InnoDB: Not using CPU crc32 instructions
2019-12-03 17:18:07 304 [Note] InnoDB: Initializing buffer pool, size = 128.0M
2019-12-03 17:18:07 304 [Note] InnoDB: Completed initialization of buffer pool
2019-12-03 17:18:07 304 [Note] InnoDB: Highest supported file format is Barracuda.
2019-12-03 17:18:07 304 [Note] InnoDB: The log sequence numbers 1626134 and 1626134 in ibdata files do not match the log sequence number 1626696 in the ib_logfiles!
2019-12-03 17:18:07 304 [Note] InnoDB: Database was not shutdown normally!
2019-12-03 17:18:07 304 [Note] InnoDB: Starting crash recovery.
2019-12-03 17:18:07 304 [Note] InnoDB: Reading tablespace information from the .ibd files...
2019-12-03 17:18:07 304 [Note] InnoDB: Restoring possible half-written data pages 
2019-12-03 17:18:07 304 [Note] InnoDB: from the doublewrite buffer...
2019-12-03 17:18:08 304 [Note] InnoDB: 128 rollback segment(s) are active.
2019-12-03 17:18:08 304 [Note] InnoDB: Waiting for purge to start
2019-12-03 17:18:08 304 [Note] InnoDB: 5.6.13 started; log sequence number 1626696
2019-12-03 17:18:08 304 [Note] Server hostname (bind-address): '*'; port: 3307
2019-12-03 17:18:08 304 [Note] IPv6 is available.
2019-12-03 17:18:08 304 [Note]   - '::' resolves to '::';
2019-12-03 17:18:08 304 [Note] Server socket created on IP: '::'.
2019-12-03 17:19:38 11068 [Note] Plugin 'FEDERATED' is disabled.
2019-12-03 17:19:38 11068 [Note] InnoDB: The InnoDB memory heap is disabled
2019-12-03 17:19:38 11068 [Note] InnoDB: Mutexes and rw_locks use Windows interlocked functions
2019-12-03 17:19:38 11068 [Note] InnoDB: Compressed tables use zlib 1.2.3
2019-12-03 17:19:38 11068 [Note] InnoDB: Not using CPU crc32 instructions
2019-12-03 17:19:38 11068 [Note] InnoDB: Initializing buffer pool, size = 128.0M
2019-12-03 17:19:38 11068 [Note] InnoDB: Completed initialization of buffer pool
2019-12-03 17:19:38 11068 [ERROR] InnoDB: C:\Users\JStrahan\OneDrive - Belfast Metropolitan College\Office 365 database\USBWebserver v8.6\mysql\data\ibdata1 can't be opened in read-write mode
2019-12-03 17:19:38 11068 [ERROR] InnoDB: The system tablespace must be writable!
2019-12-03 17:19:38 11068 [ERROR] Plugin 'InnoDB' init function returned error.
2019-12-03 17:19:38 11068 [ERROR] Plugin 'InnoDB' registration as a STORAGE ENGINE failed.
2019-12-03 17:19:38 11068 [ERROR] Unknown/unsupported storage engine: InnoDB
2019-12-03 17:19:38 11068 [ERROR] Aborting

2019-12-03 17:19:38 11068 [Note] Binlog end
2019-12-03 17:19:38 11068 [Note] Shutting down plugin 'partition'
2019-12-03 17:19:38 11068 [Note] Shutting down plugin 'PERFORMANCE_SCHEMA'
2019-12-03 17:19:38 11068 [Note] Shutting down plugin 'INNODB_SYS_DATAFILES'
2019-12-03 17:19:38 11068 [Note] Shutting down plugin 'INNODB_SYS_TABLESPACES'
2019-12-03 17:19:38 11068 [Note] Shutting down plugin 'INNODB_SYS_FOREIGN_COLS'
2019-12-03 17:19:38 11068 [Note] Shutting down plugin 'INNODB_SYS_FOREIGN'
2019-12-03 17:19:38 11068 [Note] Shutting down plugin 'INNODB_SYS_FIELDS'
2019-12-03 17:19:38 11068 [Note] Shutting down plugin 'INNODB_SYS_COLUMNS'
2019-12-03 17:19:38 11068 [Note] Shutting down plugin 'INNODB_SYS_INDEXES'
2019-12-03 17:19:38 11068 [Note] Shutting down plugin 'INNODB_SYS_TABLESTATS'
2019-12-03 17:19:38 11068 [Note] Shutting down plugin 'INNODB_SYS_TABLES'
2019-12-03 17:19:38 11068 [Note] Shutting down plugin 'INNODB_FT_INDEX_TABLE'
2019-12-03 17:19:38 11068 [Note] Shutting down plugin 'INNODB_FT_INDEX_CACHE'
2019-12-03 17:19:38 11068 [Note] Shutting down plugin 'INNODB_FT_CONFIG'
2019-12-03 17:19:38 11068 [Note] Shutting down plugin 'INNODB_FT_BEING_DELETED'
2019-12-03 17:19:38 11068 [Note] Shutting down plugin 'INNODB_FT_DELETED'
2019-12-03 17:19:38 11068 [Note] Shutting down plugin 'INNODB_FT_DEFAULT_STOPWORD'
2019-12-03 17:19:38 11068 [Note] Shutting down plugin 'INNODB_METRICS'
2019-12-03 17:19:38 11068 [Note] Shutting down plugin 'INNODB_BUFFER_POOL_STATS'
2019-12-03 17:19:38 11068 [Note] Shutting down plugin 'INNODB_BUFFER_PAGE_LRU'
2019-12-03 17:19:38 11068 [Note] Shutting down plugin 'INNODB_BUFFER_PAGE'
2019-12-03 17:19:38 11068 [Note] Shutting down plugin 'INNODB_CMP_PER_INDEX_RESET'
2019-12-03 17:19:38 11068 [Note] Shutting down plugin 'INNODB_CMP_PER_INDEX'
2019-12-03 17:19:38 11068 [Note] Shutting down plugin 'INNODB_CMPMEM_RESET'
2019-12-03 17:19:38 11068 [Note] Shutting down plugin 'INNODB_CMPMEM'
2019-12-03 17:19:38 11068 [Note] Shutting down plugin 'INNODB_CMP_RESET'
2019-12-03 17:19:38 11068 [Note] Shutting down plugin 'INNODB_CMP'
2019-12-03 17:19:38 11068 [Note] Shutting down plugin 'INNODB_LOCK_WAITS'
2019-12-03 17:19:38 11068 [Note] Shutting down plugin 'INNODB_LOCKS'
2019-12-03 17:19:38 11068 [Note] Shutting down plugin 'INNODB_TRX'
2019-12-03 17:19:38 11068 [Note] Shutting down plugin 'BLACKHOLE'
2019-12-03 17:19:38 11068 [Note] Shutting down plugin 'ARCHIVE'
2019-12-03 17:19:38 11068 [Note] Shutting down plugin 'MRG_MYISAM'
2019-12-03 17:19:38 11068 [Note] Shutting down plugin 'MyISAM'
2019-12-03 17:19:38 11068 [Note] Shutting down plugin 'MEMORY'
2019-12-03 17:19:38 11068 [Note] Shutting down plugin 'CSV'
2019-12-03 17:19:38 11068 [Note] Shutting down plugin 'sha256_password'
2019-12-03 17:19:38 11068 [Note] Shutting down plugin 'mysql_old_password'
2019-12-03 17:19:38 11068 [Note] Shutting down plugin 'mysql_native_password'
2019-12-03 17:19:38 11068 [Note] Shutting down plugin 'binlog'
2019-12-03 17:19:38 11068 [Note] C:\Users\JStrahan\OneDrive - Belfast Metropolitan College\Office 365 database\USBWebserver v8.6/mysql/bin/mysqld_usbwv8.exe: Shutdown complete

