2023-12-14 10:42:04 17428 [Note] Plugin 'FEDERATED' is disabled.
2023-12-14 10:42:04 17428 [Note] InnoDB: The InnoDB memory heap is disabled
2023-12-14 10:42:04 17428 [Note] InnoDB: Mutexes and rw_locks use Windows interlocked functions
2023-12-14 10:42:04 17428 [Note] InnoDB: Compressed tables use zlib 1.2.3
2023-12-14 10:42:04 17428 [Note] InnoDB: Not using CPU crc32 instructions
2023-12-14 10:42:04 17428 [Note] InnoDB: Initializing buffer pool, size = 128.0M
2023-12-14 10:42:04 17428 [Note] InnoDB: Completed initialization of buffer pool
2023-12-14 10:42:04 17428 [Note] InnoDB: Highest supported file format is Barracuda.
2023-12-14 10:42:04 17428 [Note] InnoDB: The log sequence numbers 1769590 and 1769590 in ibdata files do not match the log sequence number 1769650 in the ib_logfiles!
2023-12-14 10:42:04 17428 [Note] InnoDB: Database was not shutdown normally!
2023-12-14 10:42:04 17428 [Note] InnoDB: Starting crash recovery.
2023-12-14 10:42:04 17428 [Note] InnoDB: Reading tablespace information from the .ibd files...
2023-12-14 10:42:04 17428 [Note] InnoDB: Restoring possible half-written data pages 
2023-12-14 10:42:04 17428 [Note] InnoDB: from the doublewrite buffer...
2023-12-14 10:42:04 17428 [Note] InnoDB: 128 rollback segment(s) are active.
2023-12-14 10:42:04 17428 [Note] InnoDB: Waiting for purge to start
2023-12-14 10:42:04 17428 [Note] InnoDB: 5.6.13 started; log sequence number 1769650
2023-12-14 10:42:04 17428 [Note] Server hostname (bind-address): '*'; port: 3307
2023-12-14 10:42:04 17428 [Note] IPv6 is available.
2023-12-14 10:42:04 17428 [Note]   - '::' resolves to '::';
2023-12-14 10:42:04 17428 [Note] Server socket created on IP: '::'.
2023-12-14 10:42:04 17428 [ERROR] Can't start server: Bind on TCP/IP port: No such file or directory
2023-12-14 10:42:04 17428 [ERROR] Do you already have another mysqld server running on port: 3307 ?
2023-12-14 10:42:04 17428 [ERROR] Aborting

2023-12-14 10:42:04 17428 [Note] Binlog end
2023-12-14 10:42:04 17428 [Note] Shutting down plugin 'partition'
2023-12-14 10:42:04 17428 [Note] Shutting down plugin 'PERFORMANCE_SCHEMA'
2023-12-14 10:42:04 17428 [Note] Shutting down plugin 'INNODB_SYS_DATAFILES'
2023-12-14 10:42:04 17428 [Note] Shutting down plugin 'INNODB_SYS_TABLESPACES'
2023-12-14 10:42:04 17428 [Note] Shutting down plugin 'INNODB_SYS_FOREIGN_COLS'
2023-12-14 10:42:04 17428 [Note] Shutting down plugin 'INNODB_SYS_FOREIGN'
2023-12-14 10:42:04 17428 [Note] Shutting down plugin 'INNODB_SYS_FIELDS'
2023-12-14 10:42:04 17428 [Note] Shutting down plugin 'INNODB_SYS_COLUMNS'
2023-12-14 10:42:04 17428 [Note] Shutting down plugin 'INNODB_SYS_INDEXES'
2023-12-14 10:42:04 17428 [Note] Shutting down plugin 'INNODB_SYS_TABLESTATS'
2023-12-14 10:42:04 17428 [Note] Shutting down plugin 'INNODB_SYS_TABLES'
2023-12-14 10:42:04 17428 [Note] Shutting down plugin 'INNODB_FT_INDEX_TABLE'
2023-12-14 10:42:04 17428 [Note] Shutting down plugin 'INNODB_FT_INDEX_CACHE'
2023-12-14 10:42:04 17428 [Note] Shutting down plugin 'INNODB_FT_CONFIG'
2023-12-14 10:42:04 17428 [Note] Shutting down plugin 'INNODB_FT_BEING_DELETED'
2023-12-14 10:42:04 17428 [Note] Shutting down plugin 'INNODB_FT_DELETED'
2023-12-14 10:42:04 17428 [Note] Shutting down plugin 'INNODB_FT_DEFAULT_STOPWORD'
2023-12-14 10:42:04 17428 [Note] Shutting down plugin 'INNODB_METRICS'
2023-12-14 10:42:04 17428 [Note] Shutting down plugin 'INNODB_BUFFER_POOL_STATS'
2023-12-14 10:42:04 17428 [Note] Shutting down plugin 'INNODB_BUFFER_PAGE_LRU'
2023-12-14 10:42:04 17428 [Note] Shutting down plugin 'INNODB_BUFFER_PAGE'
2023-12-14 10:42:04 17428 [Note] Shutting down plugin 'INNODB_CMP_PER_INDEX_RESET'
2023-12-14 10:42:04 17428 [Note] Shutting down plugin 'INNODB_CMP_PER_INDEX'
2023-12-14 10:42:04 17428 [Note] Shutting down plugin 'INNODB_CMPMEM_RESET'
2023-12-14 10:42:04 17428 [Note] Shutting down plugin 'INNODB_CMPMEM'
2023-12-14 10:42:04 17428 [Note] Shutting down plugin 'INNODB_CMP_RESET'
2023-12-14 10:42:04 17428 [Note] Shutting down plugin 'INNODB_CMP'
2023-12-14 10:42:04 17428 [Note] Shutting down plugin 'INNODB_LOCK_WAITS'
2023-12-14 10:42:04 17428 [Note] Shutting down plugin 'INNODB_LOCKS'
2023-12-14 10:42:04 17428 [Note] Shutting down plugin 'INNODB_TRX'
2023-12-14 10:42:04 17428 [Note] Shutting down plugin 'InnoDB'
2023-12-14 10:42:04 17428 [Note] InnoDB: FTS optimize thread exiting.
2023-12-14 10:42:04 17428 [Note] InnoDB: Starting shutdown...
2023-12-14 10:42:05 17428 [Note] InnoDB: Shutdown completed; log sequence number 1769660
2023-12-14 10:42:05 17428 [Note] Shutting down plugin 'BLACKHOLE'
2023-12-14 10:42:05 17428 [Note] Shutting down plugin 'ARCHIVE'
2023-12-14 10:42:05 17428 [Note] Shutting down plugin 'MRG_MYISAM'
2023-12-14 10:42:05 17428 [Note] Shutting down plugin 'MyISAM'
2023-12-14 10:42:05 17428 [Note] Shutting down plugin 'MEMORY'
2023-12-14 10:42:05 17428 [Note] Shutting down plugin 'CSV'
2023-12-14 10:42:05 17428 [Note] Shutting down plugin 'sha256_password'
2023-12-14 10:42:05 17428 [Note] Shutting down plugin 'mysql_old_password'
2023-12-14 10:42:05 17428 [Note] Shutting down plugin 'mysql_native_password'
2023-12-14 10:42:05 17428 [Note] Shutting down plugin 'binlog'
2023-12-14 10:42:05 17428 [Note] C:\Users\50037667\Downloads\USBWebserver v8.7\USBWebserver v8.7/mysql/bin/mysqld_usbwv8.exe: Shutdown complete

2023-12-14 10:45:31 20116 [Note] Plugin 'FEDERATED' is disabled.
2023-12-14 10:45:31 20116 [Note] InnoDB: The InnoDB memory heap is disabled
2023-12-14 10:45:31 20116 [Note] InnoDB: Mutexes and rw_locks use Windows interlocked functions
2023-12-14 10:45:31 20116 [Note] InnoDB: Compressed tables use zlib 1.2.3
2023-12-14 10:45:31 20116 [Note] InnoDB: Not using CPU crc32 instructions
2023-12-14 10:45:31 20116 [Note] InnoDB: Initializing buffer pool, size = 128.0M
2023-12-14 10:45:31 20116 [Note] InnoDB: Completed initialization of buffer pool
2023-12-14 10:45:31 20116 [Note] InnoDB: Highest supported file format is Barracuda.
2023-12-14 10:45:31 20116 [Note] InnoDB: 128 rollback segment(s) are active.
2023-12-14 10:45:31 20116 [Note] InnoDB: Waiting for purge to start
2023-12-14 10:45:31 20116 [Note] InnoDB: 5.6.13 started; log sequence number 1769660
2023-12-14 10:45:31 20116 [Note] Server hostname (bind-address): '*'; port: 3307
2023-12-14 10:45:31 20116 [Note] IPv6 is available.
2023-12-14 10:45:31 20116 [Note]   - '::' resolves to '::';
2023-12-14 10:45:31 20116 [Note] Server socket created on IP: '::'.
2023-12-14 11:20:06 4348 [Note] Plugin 'FEDERATED' is disabled.
2023-12-14 11:20:06 4348 [Note] InnoDB: The InnoDB memory heap is disabled
2023-12-14 11:20:06 4348 [Note] InnoDB: Mutexes and rw_locks use Windows interlocked functions
2023-12-14 11:20:06 4348 [Note] InnoDB: Compressed tables use zlib 1.2.3
2023-12-14 11:20:06 4348 [Note] InnoDB: Not using CPU crc32 instructions
2023-12-14 11:20:06 4348 [Note] InnoDB: Initializing buffer pool, size = 128.0M
2023-12-14 11:20:06 4348 [Note] InnoDB: Completed initialization of buffer pool
2023-12-14 11:20:06 4348 [ERROR] InnoDB: C:\Users\50037667\Downloads\USBWebserver v8.7\USBWebserver v8.7\mysql\data\ibdata1 can't be opened in read-write mode
2023-12-14 11:20:06 4348 [ERROR] InnoDB: The system tablespace must be writable!
2023-12-14 11:20:06 4348 [ERROR] Plugin 'InnoDB' init function returned error.
2023-12-14 11:20:06 4348 [ERROR] Plugin 'InnoDB' registration as a STORAGE ENGINE failed.
2023-12-14 11:20:06 4348 [ERROR] Unknown/unsupported storage engine: InnoDB
2023-12-14 11:20:06 4348 [ERROR] Aborting

2023-12-14 11:20:06 4348 [Note] Binlog end
2023-12-14 11:20:06 4348 [Note] Shutting down plugin 'partition'
2023-12-14 11:20:06 4348 [Note] Shutting down plugin 'PERFORMANCE_SCHEMA'
2023-12-14 11:20:06 4348 [Note] Shutting down plugin 'INNODB_SYS_DATAFILES'
2023-12-14 11:20:06 4348 [Note] Shutting down plugin 'INNODB_SYS_TABLESPACES'
2023-12-14 11:20:06 4348 [Note] Shutting down plugin 'INNODB_SYS_FOREIGN_COLS'
2023-12-14 11:20:06 4348 [Note] Shutting down plugin 'INNODB_SYS_FOREIGN'
2023-12-14 11:20:06 4348 [Note] Shutting down plugin 'INNODB_SYS_FIELDS'
2023-12-14 11:20:06 4348 [Note] Shutting down plugin 'INNODB_SYS_COLUMNS'
2023-12-14 11:20:06 4348 [Note] Shutting down plugin 'INNODB_SYS_INDEXES'
2023-12-14 11:20:06 4348 [Note] Shutting down plugin 'INNODB_SYS_TABLESTATS'
2023-12-14 11:20:06 4348 [Note] Shutting down plugin 'INNODB_SYS_TABLES'
2023-12-14 11:20:06 4348 [Note] Shutting down plugin 'INNODB_FT_INDEX_TABLE'
2023-12-14 11:20:06 4348 [Note] Shutting down plugin 'INNODB_FT_INDEX_CACHE'
2023-12-14 11:20:06 4348 [Note] Shutting down plugin 'INNODB_FT_CONFIG'
2023-12-14 11:20:06 4348 [Note] Shutting down plugin 'INNODB_FT_BEING_DELETED'
2023-12-14 11:20:06 4348 [Note] Shutting down plugin 'INNODB_FT_DELETED'
2023-12-14 11:20:06 4348 [Note] Shutting down plugin 'INNODB_FT_DEFAULT_STOPWORD'
2023-12-14 11:20:06 4348 [Note] Shutting down plugin 'INNODB_METRICS'
2023-12-14 11:20:06 4348 [Note] Shutting down plugin 'INNODB_BUFFER_POOL_STATS'
2023-12-14 11:20:06 4348 [Note] Shutting down plugin 'INNODB_BUFFER_PAGE_LRU'
2023-12-14 11:20:06 4348 [Note] Shutting down plugin 'INNODB_BUFFER_PAGE'
2023-12-14 11:20:06 4348 [Note] Shutting down plugin 'INNODB_CMP_PER_INDEX_RESET'
2023-12-14 11:20:06 4348 [Note] Shutting down plugin 'INNODB_CMP_PER_INDEX'
2023-12-14 11:20:06 4348 [Note] Shutting down plugin 'INNODB_CMPMEM_RESET'
2023-12-14 11:20:06 4348 [Note] Shutting down plugin 'INNODB_CMPMEM'
2023-12-14 11:20:06 4348 [Note] Shutting down plugin 'INNODB_CMP_RESET'
2023-12-14 11:20:06 4348 [Note] Shutting down plugin 'INNODB_CMP'
2023-12-14 11:20:06 4348 [Note] Shutting down plugin 'INNODB_LOCK_WAITS'
2023-12-14 11:20:06 4348 [Note] Shutting down plugin 'INNODB_LOCKS'
2023-12-14 11:20:06 4348 [Note] Shutting down plugin 'INNODB_TRX'
2023-12-14 11:20:06 4348 [Note] Shutting down plugin 'BLACKHOLE'
2023-12-14 11:20:06 4348 [Note] Shutting down plugin 'ARCHIVE'
2023-12-14 11:20:06 4348 [Note] Shutting down plugin 'MRG_MYISAM'
2023-12-14 11:20:06 4348 [Note] Shutting down plugin 'MyISAM'
2023-12-14 11:20:06 4348 [Note] Shutting down plugin 'MEMORY'
2023-12-14 11:20:06 4348 [Note] Shutting down plugin 'CSV'
2023-12-14 11:20:06 4348 [Note] Shutting down plugin 'sha256_password'
2023-12-14 11:20:06 4348 [Note] Shutting down plugin 'mysql_old_password'
2023-12-14 11:20:06 4348 [Note] Shutting down plugin 'mysql_native_password'
2023-12-14 11:20:06 4348 [Note] Shutting down plugin 'binlog'
2023-12-14 11:20:06 4348 [Note] C:\Users\50037667\Downloads\USBWebserver v8.7\USBWebserver v8.7/mysql/bin/mysqld_usbwv8.exe: Shutdown complete

2023-12-14 11:20:23 22376 [Note] Plugin 'FEDERATED' is disabled.
2023-12-14 11:20:23 22376 [Note] InnoDB: The InnoDB memory heap is disabled
2023-12-14 11:20:23 22376 [Note] InnoDB: Mutexes and rw_locks use Windows interlocked functions
2023-12-14 11:20:23 22376 [Note] InnoDB: Compressed tables use zlib 1.2.3
2023-12-14 11:20:23 22376 [Note] InnoDB: Not using CPU crc32 instructions
2023-12-14 11:20:23 22376 [Note] InnoDB: Initializing buffer pool, size = 128.0M
2023-12-14 11:20:23 22376 [Note] InnoDB: Completed initialization of buffer pool
2023-12-14 11:20:23 22376 [Note] InnoDB: Highest supported file format is Barracuda.
2023-12-14 11:20:23 22376 [Note] InnoDB: The log sequence numbers 1769660 and 1769660 in ibdata files do not match the log sequence number 1769670 in the ib_logfiles!
2023-12-14 11:20:23 22376 [Note] InnoDB: Database was not shutdown normally!
2023-12-14 11:20:23 22376 [Note] InnoDB: Starting crash recovery.
2023-12-14 11:20:23 22376 [Note] InnoDB: Reading tablespace information from the .ibd files...
2023-12-14 11:20:23 22376 [Note] InnoDB: Restoring possible half-written data pages 
2023-12-14 11:20:23 22376 [Note] InnoDB: from the doublewrite buffer...
2023-12-14 11:20:23 22376 [Note] InnoDB: 128 rollback segment(s) are active.
2023-12-14 11:20:23 22376 [Note] InnoDB: Waiting for purge to start
2023-12-14 11:20:24 22376 [Note] InnoDB: 5.6.13 started; log sequence number 1769670
2023-12-14 11:20:24 22376 [Note] Server hostname (bind-address): '*'; port: 3307
2023-12-14 11:20:24 22376 [Note] IPv6 is available.
2023-12-14 11:20:24 22376 [Note]   - '::' resolves to '::';
2023-12-14 11:20:24 22376 [Note] Server socket created on IP: '::'.
2023-12-18 13:40:46 12644 [Note] Plugin 'FEDERATED' is disabled.
2023-12-18 13:40:46 12644 [Note] InnoDB: The InnoDB memory heap is disabled
2023-12-18 13:40:46 12644 [Note] InnoDB: Mutexes and rw_locks use Windows interlocked functions
2023-12-18 13:40:46 12644 [Note] InnoDB: Compressed tables use zlib 1.2.3
2023-12-18 13:40:46 12644 [Note] InnoDB: Not using CPU crc32 instructions
2023-12-18 13:40:46 12644 [Note] InnoDB: Initializing buffer pool, size = 128.0M
2023-12-18 13:40:46 12644 [Note] InnoDB: Completed initialization of buffer pool
2023-12-18 13:40:46 12644 [Note] InnoDB: Highest supported file format is Barracuda.
2023-12-18 13:40:46 12644 [Note] InnoDB: The log sequence numbers 1769660 and 1769660 in ibdata files do not match the log sequence number 1786025 in the ib_logfiles!
2023-12-18 13:40:46 12644 [Note] InnoDB: Database was not shutdown normally!
2023-12-18 13:40:46 12644 [Note] InnoDB: Starting crash recovery.
2023-12-18 13:40:46 12644 [Note] InnoDB: Reading tablespace information from the .ibd files...
2023-12-18 13:40:46 12644 [Note] InnoDB: Restoring possible half-written data pages 
2023-12-18 13:40:46 12644 [Note] InnoDB: from the doublewrite buffer...
2023-12-18 13:40:46 12644 [Note] InnoDB: 128 rollback segment(s) are active.
2023-12-18 13:40:46 12644 [Note] InnoDB: Waiting for purge to start
2023-12-18 13:40:46 12644 [Note] InnoDB: 5.6.13 started; log sequence number 1786025
2023-12-18 13:40:46 12644 [Note] Server hostname (bind-address): '*'; port: 3307
2023-12-18 13:40:46 12644 [Note] IPv6 is available.
2023-12-18 13:40:46 12644 [Note]   - '::' resolves to '::';
2023-12-18 13:40:46 12644 [Note] Server socket created on IP: '::'.
2023-12-18 14:11:13 14876 [Note] Plugin 'FEDERATED' is disabled.
2023-12-18 14:11:13 14876 [Note] InnoDB: The InnoDB memory heap is disabled
2023-12-18 14:11:13 14876 [Note] InnoDB: Mutexes and rw_locks use Windows interlocked functions
2023-12-18 14:11:13 14876 [Note] InnoDB: Compressed tables use zlib 1.2.3
2023-12-18 14:11:13 14876 [Note] InnoDB: Not using CPU crc32 instructions
2023-12-18 14:11:13 14876 [Note] InnoDB: Initializing buffer pool, size = 128.0M
2023-12-18 14:11:13 14876 [Note] InnoDB: Completed initialization of buffer pool
2023-12-18 14:11:13 14876 [Note] InnoDB: Highest supported file format is Barracuda.
2023-12-18 14:11:13 14876 [Note] InnoDB: The log sequence numbers 1769660 and 1769660 in ibdata files do not match the log sequence number 1786035 in the ib_logfiles!
2023-12-18 14:11:13 14876 [Note] InnoDB: Database was not shutdown normally!
2023-12-18 14:11:13 14876 [Note] InnoDB: Starting crash recovery.
2023-12-18 14:11:13 14876 [Note] InnoDB: Reading tablespace information from the .ibd files...
2023-12-18 14:11:13 14876 [Note] InnoDB: Restoring possible half-written data pages 
2023-12-18 14:11:13 14876 [Note] InnoDB: from the doublewrite buffer...
2023-12-18 14:11:13 14876 [Note] InnoDB: 128 rollback segment(s) are active.
2023-12-18 14:11:13 14876 [Note] InnoDB: Waiting for purge to start
2023-12-18 14:11:13 14876 [Note] InnoDB: 5.6.13 started; log sequence number 1786035
2023-12-18 14:11:13 14876 [Note] Server hostname (bind-address): '*'; port: 3307
2023-12-18 14:11:13 14876 [Note] IPv6 is available.
2023-12-18 14:11:13 14876 [Note]   - '::' resolves to '::';
2023-12-18 14:11:13 14876 [Note] Server socket created on IP: '::'.
2023-12-18 15:34:10 18332 [Note] Plugin 'FEDERATED' is disabled.
2023-12-18 15:34:10 18332 [Note] InnoDB: The InnoDB memory heap is disabled
2023-12-18 15:34:10 18332 [Note] InnoDB: Mutexes and rw_locks use Windows interlocked functions
2023-12-18 15:34:10 18332 [Note] InnoDB: Compressed tables use zlib 1.2.3
2023-12-18 15:34:10 18332 [Note] InnoDB: Not using CPU crc32 instructions
2023-12-18 15:34:10 18332 [Note] InnoDB: Initializing buffer pool, size = 128.0M
2023-12-18 15:34:10 18332 [Note] InnoDB: Completed initialization of buffer pool
2023-12-18 15:34:10 18332 [Note] InnoDB: Highest supported file format is Barracuda.
2023-12-18 15:34:10 18332 [Note] InnoDB: The log sequence numbers 1769660 and 1769660 in ibdata files do not match the log sequence number 1794713 in the ib_logfiles!
2023-12-18 15:34:10 18332 [Note] InnoDB: Database was not shutdown normally!
2023-12-18 15:34:10 18332 [Note] InnoDB: Starting crash recovery.
2023-12-18 15:34:10 18332 [Note] InnoDB: Reading tablespace information from the .ibd files...
2023-12-18 15:34:10 18332 [Note] InnoDB: Restoring possible half-written data pages 
2023-12-18 15:34:10 18332 [Note] InnoDB: from the doublewrite buffer...
2023-12-18 15:34:10 18332 [Note] InnoDB: 128 rollback segment(s) are active.
2023-12-18 15:34:10 18332 [Note] InnoDB: Waiting for purge to start
2023-12-18 15:34:10 18332 [Note] InnoDB: 5.6.13 started; log sequence number 1794713
2023-12-18 15:34:10 18332 [Note] Server hostname (bind-address): '*'; port: 3307
2023-12-18 15:34:10 18332 [Note] IPv6 is available.
2023-12-18 15:34:10 18332 [Note]   - '::' resolves to '::';
2023-12-18 15:34:10 18332 [Note] Server socket created on IP: '::'.
2023-12-18 15:34:24 22468 [Note] Plugin 'FEDERATED' is disabled.
2023-12-18 15:34:24 22468 [Note] InnoDB: The InnoDB memory heap is disabled
2023-12-18 15:34:24 22468 [Note] InnoDB: Mutexes and rw_locks use Windows interlocked functions
2023-12-18 15:34:24 22468 [Note] InnoDB: Compressed tables use zlib 1.2.3
2023-12-18 15:34:24 22468 [Note] InnoDB: Not using CPU crc32 instructions
2023-12-18 15:34:24 22468 [Note] InnoDB: Initializing buffer pool, size = 128.0M
2023-12-18 15:34:24 22468 [Note] InnoDB: Completed initialization of buffer pool
2023-12-18 15:34:24 22468 [Note] InnoDB: Highest supported file format is Barracuda.
2023-12-18 15:34:24 22468 [Note] InnoDB: The log sequence numbers 1769660 and 1769660 in ibdata files do not match the log sequence number 1794723 in the ib_logfiles!
2023-12-18 15:34:24 22468 [Note] InnoDB: Database was not shutdown normally!
2023-12-18 15:34:24 22468 [Note] InnoDB: Starting crash recovery.
2023-12-18 15:34:24 22468 [Note] InnoDB: Reading tablespace information from the .ibd files...
2023-12-18 15:34:24 22468 [Note] InnoDB: Restoring possible half-written data pages 
2023-12-18 15:34:24 22468 [Note] InnoDB: from the doublewrite buffer...
2023-12-18 15:34:24 22468 [Note] InnoDB: 128 rollback segment(s) are active.
2023-12-18 15:34:24 22468 [Note] InnoDB: Waiting for purge to start
2023-12-18 15:34:24 22468 [Note] InnoDB: 5.6.13 started; log sequence number 1794723
2023-12-18 15:34:24 22468 [Note] Server hostname (bind-address): '*'; port: 3307
2023-12-18 15:34:24 22468 [Note] IPv6 is available.
2023-12-18 15:34:24 22468 [Note]   - '::' resolves to '::';
2023-12-18 15:34:24 22468 [Note] Server socket created on IP: '::'.
2023-12-18 15:36:16 21212 [Note] Plugin 'FEDERATED' is disabled.
2023-12-18 15:36:16 21212 [Note] InnoDB: The InnoDB memory heap is disabled
2023-12-18 15:36:16 21212 [Note] InnoDB: Mutexes and rw_locks use Windows interlocked functions
2023-12-18 15:36:16 21212 [Note] InnoDB: Compressed tables use zlib 1.2.3
2023-12-18 15:36:16 21212 [Note] InnoDB: Not using CPU crc32 instructions
2023-12-18 15:36:16 21212 [Note] InnoDB: Initializing buffer pool, size = 128.0M
2023-12-18 15:36:16 21212 [Note] InnoDB: Completed initialization of buffer pool
2023-12-18 15:36:16 21212 [Note] InnoDB: Highest supported file format is Barracuda.
2023-12-18 15:36:16 21212 [Note] InnoDB: The log sequence numbers 1769660 and 1769660 in ibdata files do not match the log sequence number 1794733 in the ib_logfiles!
2023-12-18 15:36:16 21212 [Note] InnoDB: Database was not shutdown normally!
2023-12-18 15:36:16 21212 [Note] InnoDB: Starting crash recovery.
2023-12-18 15:36:16 21212 [Note] InnoDB: Reading tablespace information from the .ibd files...
2023-12-18 15:36:16 21212 [Note] InnoDB: Restoring possible half-written data pages 
2023-12-18 15:36:16 21212 [Note] InnoDB: from the doublewrite buffer...
2023-12-18 15:36:16 21212 [Note] InnoDB: 128 rollback segment(s) are active.
2023-12-18 15:36:16 21212 [Note] InnoDB: Waiting for purge to start
2023-12-18 15:36:16 21212 [Note] InnoDB: 5.6.13 started; log sequence number 1794733
2023-12-18 15:36:16 21212 [Note] Server hostname (bind-address): '*'; port: 3307
2023-12-18 15:36:16 21212 [Note] IPv6 is available.
2023-12-18 15:36:16 21212 [Note]   - '::' resolves to '::';
2023-12-18 15:36:16 21212 [Note] Server socket created on IP: '::'.
2023-12-18 15:36:40 21480 [Note] Plugin 'FEDERATED' is disabled.
2023-12-18 15:36:40 21480 [Note] InnoDB: The InnoDB memory heap is disabled
2023-12-18 15:36:40 21480 [Note] InnoDB: Mutexes and rw_locks use Windows interlocked functions
2023-12-18 15:36:40 21480 [Note] InnoDB: Compressed tables use zlib 1.2.3
2023-12-18 15:36:40 21480 [Note] InnoDB: Not using CPU crc32 instructions
2023-12-18 15:36:40 21480 [Note] InnoDB: Initializing buffer pool, size = 128.0M
2023-12-18 15:36:40 21480 [Note] InnoDB: Completed initialization of buffer pool
2023-12-18 15:36:40 21480 [Note] InnoDB: Highest supported file format is Barracuda.
2023-12-18 15:36:40 21480 [Note] InnoDB: The log sequence numbers 1769660 and 1769660 in ibdata files do not match the log sequence number 1794743 in the ib_logfiles!
2023-12-18 15:36:40 21480 [Note] InnoDB: Database was not shutdown normally!
2023-12-18 15:36:40 21480 [Note] InnoDB: Starting crash recovery.
2023-12-18 15:36:40 21480 [Note] InnoDB: Reading tablespace information from the .ibd files...
2023-12-18 15:36:40 21480 [Note] InnoDB: Restoring possible half-written data pages 
2023-12-18 15:36:40 21480 [Note] InnoDB: from the doublewrite buffer...
2023-12-18 15:36:41 21480 [Note] InnoDB: 128 rollback segment(s) are active.
2023-12-18 15:36:41 21480 [Note] InnoDB: Waiting for purge to start
2023-12-18 15:36:41 21480 [Note] InnoDB: 5.6.13 started; log sequence number 1794743
2023-12-18 15:36:41 21480 [Note] Server hostname (bind-address): '*'; port: 3307
2023-12-18 15:36:41 21480 [Note] IPv6 is available.
2023-12-18 15:36:41 21480 [Note]   - '::' resolves to '::';
2023-12-18 15:36:41 21480 [Note] Server socket created on IP: '::'.
2023-12-18 15:36:58 9660 [Note] Plugin 'FEDERATED' is disabled.
2023-12-18 15:36:58 9660 [Note] InnoDB: The InnoDB memory heap is disabled
2023-12-18 15:36:58 9660 [Note] InnoDB: Mutexes and rw_locks use Windows interlocked functions
2023-12-18 15:36:58 9660 [Note] InnoDB: Compressed tables use zlib 1.2.3
2023-12-18 15:36:58 9660 [Note] InnoDB: Not using CPU crc32 instructions
2023-12-18 15:36:58 9660 [Note] InnoDB: Initializing buffer pool, size = 128.0M
2023-12-18 15:36:58 9660 [Note] InnoDB: Completed initialization of buffer pool
2023-12-18 15:36:58 9660 [Note] InnoDB: Highest supported file format is Barracuda.
2023-12-18 15:36:58 9660 [Note] InnoDB: The log sequence numbers 1769660 and 1769660 in ibdata files do not match the log sequence number 1794753 in the ib_logfiles!
2023-12-18 15:36:58 9660 [Note] InnoDB: Database was not shutdown normally!
2023-12-18 15:36:58 9660 [Note] InnoDB: Starting crash recovery.
2023-12-18 15:36:58 9660 [Note] InnoDB: Reading tablespace information from the .ibd files...
2023-12-18 15:36:58 9660 [Note] InnoDB: Restoring possible half-written data pages 
2023-12-18 15:36:58 9660 [Note] InnoDB: from the doublewrite buffer...
2023-12-18 15:36:58 9660 [Note] InnoDB: 128 rollback segment(s) are active.
2023-12-18 15:36:58 9660 [Note] InnoDB: Waiting for purge to start
2023-12-18 15:36:58 9660 [Note] InnoDB: 5.6.13 started; log sequence number 1794753
2023-12-18 15:36:58 9660 [Note] Server hostname (bind-address): '*'; port: 3307
2023-12-18 15:36:58 9660 [Note] IPv6 is available.
2023-12-18 15:36:58 9660 [Note]   - '::' resolves to '::';
2023-12-18 15:36:58 9660 [Note] Server socket created on IP: '::'.
2023-12-18 15:37:03 21664 [Note] Plugin 'FEDERATED' is disabled.
2023-12-18 15:37:03 21664 [Note] InnoDB: The InnoDB memory heap is disabled
2023-12-18 15:37:03 21664 [Note] InnoDB: Mutexes and rw_locks use Windows interlocked functions
2023-12-18 15:37:03 21664 [Note] InnoDB: Compressed tables use zlib 1.2.3
2023-12-18 15:37:03 21664 [Note] InnoDB: Not using CPU crc32 instructions
2023-12-18 15:37:03 21664 [Note] InnoDB: Initializing buffer pool, size = 128.0M
2023-12-18 15:37:03 21664 [Note] InnoDB: Completed initialization of buffer pool
2023-12-18 15:37:04 21664 [Note] InnoDB: Highest supported file format is Barracuda.
2023-12-18 15:37:04 21664 [Note] InnoDB: The log sequence numbers 1769660 and 1769660 in ibdata files do not match the log sequence number 1794763 in the ib_logfiles!
2023-12-18 15:37:04 21664 [Note] InnoDB: Database was not shutdown normally!
2023-12-18 15:37:04 21664 [Note] InnoDB: Starting crash recovery.
2023-12-18 15:37:04 21664 [Note] InnoDB: Reading tablespace information from the .ibd files...
2023-12-18 15:37:04 21664 [Note] InnoDB: Restoring possible half-written data pages 
2023-12-18 15:37:04 21664 [Note] InnoDB: from the doublewrite buffer...
2023-12-18 15:37:04 21664 [Note] InnoDB: 128 rollback segment(s) are active.
2023-12-18 15:37:04 21664 [Note] InnoDB: Waiting for purge to start
2023-12-18 15:37:04 21664 [Note] InnoDB: 5.6.13 started; log sequence number 1794763
2023-12-18 15:37:04 21664 [Note] Server hostname (bind-address): '*'; port: 3307
2023-12-18 15:37:04 21664 [Note] IPv6 is available.
2023-12-18 15:37:04 21664 [Note]   - '::' resolves to '::';
2023-12-18 15:37:04 21664 [Note] Server socket created on IP: '::'.
2023-12-18 15:37:18 17872 [Note] Plugin 'FEDERATED' is disabled.
2023-12-18 15:37:18 17872 [Note] InnoDB: The InnoDB memory heap is disabled
2023-12-18 15:37:18 17872 [Note] InnoDB: Mutexes and rw_locks use Windows interlocked functions
2023-12-18 15:37:18 17872 [Note] InnoDB: Compressed tables use zlib 1.2.3
2023-12-18 15:37:18 17872 [Note] InnoDB: Not using CPU crc32 instructions
2023-12-18 15:37:18 17872 [Note] InnoDB: Initializing buffer pool, size = 128.0M
2023-12-18 15:37:18 17872 [Note] InnoDB: Completed initialization of buffer pool
2023-12-18 15:37:18 17872 [Note] InnoDB: Highest supported file format is Barracuda.
2023-12-18 15:37:18 17872 [Note] InnoDB: The log sequence numbers 1769660 and 1769660 in ibdata files do not match the log sequence number 1794773 in the ib_logfiles!
2023-12-18 15:37:18 17872 [Note] InnoDB: Database was not shutdown normally!
2023-12-18 15:37:18 17872 [Note] InnoDB: Starting crash recovery.
2023-12-18 15:37:18 17872 [Note] InnoDB: Reading tablespace information from the .ibd files...
2023-12-18 15:37:18 17872 [Note] InnoDB: Restoring possible half-written data pages 
2023-12-18 15:37:18 17872 [Note] InnoDB: from the doublewrite buffer...
2023-12-18 15:37:18 17872 [Note] InnoDB: 128 rollback segment(s) are active.
2023-12-18 15:37:18 17872 [Note] InnoDB: Waiting for purge to start
2023-12-18 15:37:19 17872 [Note] InnoDB: 5.6.13 started; log sequence number 1794773
2023-12-18 15:37:19 17872 [Note] Server hostname (bind-address): '*'; port: 3307
2023-12-18 15:37:19 17872 [Note] IPv6 is available.
2023-12-18 15:37:19 17872 [Note]   - '::' resolves to '::';
2023-12-18 15:37:19 17872 [Note] Server socket created on IP: '::'.
2023-12-18 15:38:01 8480 [Note] Plugin 'FEDERATED' is disabled.
2023-12-18 15:38:01 8480 [Note] InnoDB: The InnoDB memory heap is disabled
2023-12-18 15:38:01 8480 [Note] InnoDB: Mutexes and rw_locks use Windows interlocked functions
2023-12-18 15:38:01 8480 [Note] InnoDB: Compressed tables use zlib 1.2.3
2023-12-18 15:38:01 8480 [Note] InnoDB: Not using CPU crc32 instructions
2023-12-18 15:38:01 8480 [Note] InnoDB: Initializing buffer pool, size = 128.0M
2023-12-18 15:38:01 8480 [Note] InnoDB: Completed initialization of buffer pool
2023-12-18 15:38:01 8480 [Note] InnoDB: Highest supported file format is Barracuda.
2023-12-18 15:38:01 8480 [Note] InnoDB: The log sequence numbers 1769660 and 1769660 in ibdata files do not match the log sequence number 1794783 in the ib_logfiles!
2023-12-18 15:38:01 8480 [Note] InnoDB: Database was not shutdown normally!
2023-12-18 15:38:01 8480 [Note] InnoDB: Starting crash recovery.
2023-12-18 15:38:01 8480 [Note] InnoDB: Reading tablespace information from the .ibd files...
2023-12-18 15:38:01 8480 [Note] InnoDB: Restoring possible half-written data pages 
2023-12-18 15:38:01 8480 [Note] InnoDB: from the doublewrite buffer...
2023-12-18 15:38:01 8480 [Note] InnoDB: 128 rollback segment(s) are active.
2023-12-18 15:38:01 8480 [Note] InnoDB: Waiting for purge to start
2023-12-18 15:38:01 8480 [Note] InnoDB: 5.6.13 started; log sequence number 1794783
2023-12-18 15:38:01 8480 [Note] Server hostname (bind-address): '*'; port: 3307
2023-12-18 15:38:01 8480 [Note] IPv6 is available.
2023-12-18 15:38:01 8480 [Note]   - '::' resolves to '::';
2023-12-18 15:38:01 8480 [Note] Server socket created on IP: '::'.
