2019-12-17 18:15:45 16320 [Note] Plugin 'FEDERATED' is disabled.
2019-12-17 18:15:45 16320 [Note] InnoDB: The InnoDB memory heap is disabled
2019-12-17 18:15:45 16320 [Note] InnoDB: Mutexes and rw_locks use Windows interlocked functions
2019-12-17 18:15:45 16320 [Note] InnoDB: Compressed tables use zlib 1.2.3
2019-12-17 18:15:45 16320 [Note] InnoDB: Not using CPU crc32 instructions
2019-12-17 18:15:45 16320 [Note] InnoDB: Initializing buffer pool, size = 128.0M
2019-12-17 18:15:45 16320 [Note] InnoDB: Completed initialization of buffer pool
2019-12-17 18:15:45 16320 [Note] InnoDB: Highest supported file format is Barracuda.
2019-12-17 18:15:45 16320 [Note] InnoDB: The log sequence numbers 1626134 and 1626134 in ibdata files do not match the log sequence number 1642075 in the ib_logfiles!
2019-12-17 18:15:45 16320 [Note] InnoDB: Database was not shutdown normally!
2019-12-17 18:15:45 16320 [Note] InnoDB: Starting crash recovery.
2019-12-17 18:15:45 16320 [Note] InnoDB: Reading tablespace information from the .ibd files...
2019-12-17 18:15:45 16320 [Note] InnoDB: Restoring possible half-written data pages 
2019-12-17 18:15:45 16320 [Note] InnoDB: from the doublewrite buffer...
2019-12-17 18:15:45 16320 [Note] InnoDB: 128 rollback segment(s) are active.
2019-12-17 18:15:45 16320 [Note] InnoDB: Waiting for purge to start
2019-12-17 18:15:45 16320 [Note] InnoDB: 5.6.13 started; log sequence number 1642075
2019-12-17 18:15:45 16320 [Note] Server hostname (bind-address): '*'; port: 3307
2019-12-17 18:15:45 16320 [Note] IPv6 is available.
2019-12-17 18:15:45 16320 [Note]   - '::' resolves to '::';
2019-12-17 18:15:45 16320 [Note] Server socket created on IP: '::'.
2019-12-17 18:15:48 16320 [Note] Event Scheduler: Loaded 0 events
2019-12-17 18:15:48 16320 [Note] E:\USBWebserver v8.6/mysql/bin/mysqld_usbwv8.exe: ready for connections.
Version: '5.6.13'  socket: ''  port: 3307  MySQL Community Server (GPL)
2023-11-30 10:00:32 12824 [Note] Plugin 'FEDERATED' is disabled.
2023-11-30 10:00:32 12824 [Note] InnoDB: The InnoDB memory heap is disabled
2023-11-30 10:00:32 12824 [Note] InnoDB: Mutexes and rw_locks use Windows interlocked functions
2023-11-30 10:00:32 12824 [Note] InnoDB: Compressed tables use zlib 1.2.3
2023-11-30 10:00:32 12824 [Note] InnoDB: Not using CPU crc32 instructions
2023-11-30 10:00:32 12824 [Note] InnoDB: Initializing buffer pool, size = 128.0M
2023-11-30 10:00:32 12824 [Note] InnoDB: Completed initialization of buffer pool
2023-11-30 10:00:32 12824 [Note] InnoDB: Highest supported file format is Barracuda.
2023-11-30 10:00:32 12824 [Note] InnoDB: The log sequence numbers 1769590 and 1769590 in ibdata files do not match the log sequence number 1769640 in the ib_logfiles!
2023-11-30 10:00:32 12824 [Note] InnoDB: Database was not shutdown normally!
2023-11-30 10:00:32 12824 [Note] InnoDB: Starting crash recovery.
2023-11-30 10:00:32 12824 [Note] InnoDB: Reading tablespace information from the .ibd files...
2023-11-30 10:00:32 12824 [Note] InnoDB: Restoring possible half-written data pages 
2023-11-30 10:00:32 12824 [Note] InnoDB: from the doublewrite buffer...
2023-11-30 10:00:32 12824 [Note] InnoDB: 128 rollback segment(s) are active.
2023-11-30 10:00:32 12824 [Note] InnoDB: Waiting for purge to start
2023-11-30 10:00:32 12824 [Note] InnoDB: 5.6.13 started; log sequence number 1769640
2023-11-30 10:00:32 12824 [Note] Server hostname (bind-address): '*'; port: 3307
2023-11-30 10:00:32 12824 [Note] IPv6 is available.
2023-11-30 10:00:32 12824 [Note]   - '::' resolves to '::';
2023-11-30 10:00:32 12824 [Note] Server socket created on IP: '::'.
