2019-12-03 19:48:51 16488 [Note] Plugin 'FEDERATED' is disabled.
2019-12-03 19:48:52 16488 [Note] InnoDB: The InnoDB memory heap is disabled
2019-12-03 19:48:52 16488 [Note] InnoDB: Mutexes and rw_locks use Windows interlocked functions
2019-12-03 19:48:52 16488 [Note] InnoDB: Compressed tables use zlib 1.2.3
2019-12-03 19:48:52 16488 [Note] InnoDB: Not using CPU crc32 instructions
2019-12-03 19:48:52 16488 [Note] InnoDB: Initializing buffer pool, size = 128.0M
2019-12-03 19:48:52 16488 [Note] InnoDB: Completed initialization of buffer pool
2019-12-03 19:48:53 16488 [Note] InnoDB: Highest supported file format is Barracuda.
2019-12-03 19:48:54 16488 [Note] InnoDB: The log sequence numbers 1626134 and 1626134 in ibdata files do not match the log sequence number 1626686 in the ib_logfiles!
2019-12-03 19:48:54 16488 [Note] InnoDB: Database was not shutdown normally!
2019-12-03 19:48:54 16488 [Note] InnoDB: Starting crash recovery.
2019-12-03 19:48:54 16488 [Note] InnoDB: Reading tablespace information from the .ibd files...
2019-12-03 19:48:55 16488 [Note] InnoDB: Restoring possible half-written data pages 
2019-12-03 19:48:55 16488 [Note] InnoDB: from the doublewrite buffer...
2019-12-03 19:48:56 16488 [Note] InnoDB: 128 rollback segment(s) are active.
2019-12-03 19:48:56 16488 [Note] InnoDB: Waiting for purge to start
2019-12-03 19:48:56 16488 [Note] InnoDB: 5.6.13 started; log sequence number 1626686
2019-12-03 19:48:56 16488 [Note] Server hostname (bind-address): '*'; port: 3307
2019-12-03 19:48:56 16488 [Note] IPv6 is available.
2019-12-03 19:48:56 16488 [Note]   - '::' resolves to '::';
2019-12-03 19:48:56 16488 [Note] Server socket created on IP: '::'.
2019-12-05 09:31:37 12428 [Note] Plugin 'FEDERATED' is disabled.
2019-12-05 09:31:37 12428 [Note] InnoDB: The InnoDB memory heap is disabled
2019-12-05 09:31:37 12428 [Note] InnoDB: Mutexes and rw_locks use Windows interlocked functions
2019-12-05 09:31:37 12428 [Note] InnoDB: Compressed tables use zlib 1.2.3
2019-12-05 09:31:37 12428 [Note] InnoDB: Not using CPU crc32 instructions
2019-12-05 09:31:37 12428 [Note] InnoDB: Initializing buffer pool, size = 128.0M
2019-12-05 09:31:37 12428 [Note] InnoDB: Completed initialization of buffer pool
2019-12-05 09:31:37 12428 [Note] InnoDB: Highest supported file format is Barracuda.
2019-12-05 09:31:37 12428 [Note] InnoDB: The log sequence numbers 1626134 and 1626134 in ibdata files do not match the log sequence number 1626696 in the ib_logfiles!
2019-12-05 09:31:37 12428 [Note] InnoDB: Database was not shutdown normally!
2019-12-05 09:31:37 12428 [Note] InnoDB: Starting crash recovery.
2019-12-05 09:31:37 12428 [Note] InnoDB: Reading tablespace information from the .ibd files...
2019-12-05 09:31:37 12428 [Note] InnoDB: Restoring possible half-written data pages 
2019-12-05 09:31:37 12428 [Note] InnoDB: from the doublewrite buffer...
2019-12-05 09:31:37 12428 [Note] InnoDB: 128 rollback segment(s) are active.
2019-12-05 09:31:37 12428 [Note] InnoDB: Waiting for purge to start
2019-12-05 09:31:37 12428 [Note] InnoDB: 5.6.13 started; log sequence number 1626696
2019-12-05 09:31:37 12428 [Note] Server hostname (bind-address): '*'; port: 3307
2019-12-05 09:31:37 12428 [Note] IPv6 is available.
2019-12-05 09:31:37 12428 [Note]   - '::' resolves to '::';
2019-12-05 09:31:37 12428 [Note] Server socket created on IP: '::'.
