2019-11-20 09:39:42 9232 [Note] Plugin 'FEDERATED' is disabled.
2019-11-20 09:39:42 9232 [Note] InnoDB: The InnoDB memory heap is disabled
2019-11-20 09:39:42 9232 [Note] InnoDB: Mutexes and rw_locks use Windows interlocked functions
2019-11-20 09:39:42 9232 [Note] InnoDB: Compressed tables use zlib 1.2.3
2019-11-20 09:39:42 9232 [Note] InnoDB: Not using CPU crc32 instructions
2019-11-20 09:39:42 9232 [Note] InnoDB: Initializing buffer pool, size = 128.0M
2019-11-20 09:39:42 9232 [Note] InnoDB: Completed initialization of buffer pool
2019-11-20 09:39:42 9232 [Note] InnoDB: Setting log file C:\Users\JStrahan\OneDrive - Belfast Metropolitan College\Office 365 database\USBWebserver v8.6\mysql\data\ib_logfile101 size to 5 MB
2019-11-20 09:39:42 9232 [Note] InnoDB: Setting log file C:\Users\JStrahan\OneDrive - Belfast Metropolitan College\Office 365 database\USBWebserver v8.6\mysql\data\ib_logfile1 size to 5 MB
2019-11-20 09:39:42 9232 [Note] InnoDB: Renaming log file C:\Users\JStrahan\OneDrive - Belfast Metropolitan College\Office 365 database\USBWebserver v8.6\mysql\data\ib_logfile101 to C:\Users\JStrahan\OneDrive - Belfast Metropolitan College\Office 365 database\USBWebserver v8.6\mysql\data\ib_logfile0
2019-11-20 09:39:42 9232 [Warning] InnoDB: New log files created, LSN=1626134
2019-11-20 09:39:42 9232 [Note] InnoDB: Highest supported file format is Barracuda.
2019-11-20 09:39:42 9232 [Note] InnoDB: 128 rollback segment(s) are active.
2019-11-20 09:39:42 9232 [Note] InnoDB: Waiting for purge to start
2019-11-20 09:39:42 9232 [Note] InnoDB: 5.6.13 started; log sequence number 1626636
2019-11-20 09:39:42 9232 [Warning] No existing UUID has been found, so we assume that this is the first time that this server has been started. Generating a new UUID: ae29656c-0b79-11ea-b304-186024afc4a6.
2019-11-20 09:39:42 9232 [Note] Server hostname (bind-address): '*'; port: 3307
2019-11-20 09:39:42 9232 [Note] IPv6 is available.
2019-11-20 09:39:42 9232 [Note]   - '::' resolves to '::';
2019-11-20 09:39:42 9232 [Note] Server socket created on IP: '::'.
2019-11-20 09:42:26 12292 [Note] Plugin 'FEDERATED' is disabled.
2019-11-20 09:42:26 12292 [Note] InnoDB: The InnoDB memory heap is disabled
2019-11-20 09:42:26 12292 [Note] InnoDB: Mutexes and rw_locks use Windows interlocked functions
2019-11-20 09:42:26 12292 [Note] InnoDB: Compressed tables use zlib 1.2.3
2019-11-20 09:42:26 12292 [Note] InnoDB: Not using CPU crc32 instructions
2019-11-20 09:42:26 12292 [Note] InnoDB: Initializing buffer pool, size = 128.0M
2019-11-20 09:42:26 12292 [Note] InnoDB: Completed initialization of buffer pool
2019-11-20 09:42:26 12292 [Note] InnoDB: Highest supported file format is Barracuda.
2019-11-20 09:42:26 12292 [Note] InnoDB: The log sequence numbers 1626134 and 1626134 in ibdata files do not match the log sequence number 1626646 in the ib_logfiles!
2019-11-20 09:42:26 12292 [Note] InnoDB: Database was not shutdown normally!
2019-11-20 09:42:26 12292 [Note] InnoDB: Starting crash recovery.
2019-11-20 09:42:26 12292 [Note] InnoDB: Reading tablespace information from the .ibd files...
2019-11-20 09:42:26 12292 [Note] InnoDB: Restoring possible half-written data pages 
2019-11-20 09:42:26 12292 [Note] InnoDB: from the doublewrite buffer...
2019-11-20 09:42:26 12292 [Note] InnoDB: 128 rollback segment(s) are active.
2019-11-20 09:42:26 12292 [Note] InnoDB: Waiting for purge to start
2019-11-20 09:42:27 12292 [Note] InnoDB: 5.6.13 started; log sequence number 1626646
2019-11-20 09:42:27 12292 [Note] Server hostname (bind-address): '*'; port: 3307
2019-11-20 09:42:27 12292 [Note] IPv6 is available.
2019-11-20 09:42:27 12292 [Note]   - '::' resolves to '::';
2019-11-20 09:42:27 12292 [Note] Server socket created on IP: '::'.
2019-11-20 09:42:43 12436 [Note] Plugin 'FEDERATED' is disabled.
2019-11-20 09:42:43 12436 [Note] InnoDB: The InnoDB memory heap is disabled
2019-11-20 09:42:43 12436 [Note] InnoDB: Mutexes and rw_locks use Windows interlocked functions
2019-11-20 09:42:43 12436 [Note] InnoDB: Compressed tables use zlib 1.2.3
2019-11-20 09:42:43 12436 [Note] InnoDB: Not using CPU crc32 instructions
2019-11-20 09:42:43 12436 [Note] InnoDB: Initializing buffer pool, size = 128.0M
2019-11-20 09:42:43 12436 [Note] InnoDB: Completed initialization of buffer pool
2019-11-20 09:42:43 12436 [Note] InnoDB: Highest supported file format is Barracuda.
2019-11-20 09:42:43 12436 [Note] InnoDB: The log sequence numbers 1626134 and 1626134 in ibdata files do not match the log sequence number 1626656 in the ib_logfiles!
2019-11-20 09:42:43 12436 [Note] InnoDB: Database was not shutdown normally!
2019-11-20 09:42:43 12436 [Note] InnoDB: Starting crash recovery.
2019-11-20 09:42:43 12436 [Note] InnoDB: Reading tablespace information from the .ibd files...
2019-11-20 09:42:43 12436 [Note] InnoDB: Restoring possible half-written data pages 
2019-11-20 09:42:43 12436 [Note] InnoDB: from the doublewrite buffer...
2019-11-20 09:42:43 12436 [Note] InnoDB: 128 rollback segment(s) are active.
2019-11-20 09:42:43 12436 [Note] InnoDB: Waiting for purge to start
2019-11-20 09:42:43 12436 [Note] InnoDB: 5.6.13 started; log sequence number 1626656
2019-11-20 09:42:43 12436 [Note] Server hostname (bind-address): '*'; port: 3307
2019-11-20 09:42:43 12436 [Note] IPv6 is available.
2019-11-20 09:42:43 12436 [Note]   - '::' resolves to '::';
2019-11-20 09:42:43 12436 [Note] Server socket created on IP: '::'.
2019-11-20 09:43:43 14592 [Note] Plugin 'FEDERATED' is disabled.
2019-11-20 09:43:43 14592 [Note] InnoDB: The InnoDB memory heap is disabled
2019-11-20 09:43:43 14592 [Note] InnoDB: Mutexes and rw_locks use Windows interlocked functions
2019-11-20 09:43:43 14592 [Note] InnoDB: Compressed tables use zlib 1.2.3
2019-11-20 09:43:43 14592 [Note] InnoDB: Not using CPU crc32 instructions
2019-11-20 09:43:43 14592 [Note] InnoDB: Initializing buffer pool, size = 128.0M
2019-11-20 09:43:43 14592 [Note] InnoDB: Completed initialization of buffer pool
2019-11-20 09:43:43 14592 [Note] InnoDB: Highest supported file format is Barracuda.
2019-11-20 09:43:43 14592 [Note] InnoDB: The log sequence numbers 1626134 and 1626134 in ibdata files do not match the log sequence number 1626666 in the ib_logfiles!
2019-11-20 09:43:43 14592 [Note] InnoDB: Database was not shutdown normally!
2019-11-20 09:43:43 14592 [Note] InnoDB: Starting crash recovery.
2019-11-20 09:43:43 14592 [Note] InnoDB: Reading tablespace information from the .ibd files...
2019-11-20 09:43:43 14592 [Note] InnoDB: Restoring possible half-written data pages 
2019-11-20 09:43:43 14592 [Note] InnoDB: from the doublewrite buffer...
2019-11-20 09:43:44 14592 [Note] InnoDB: 128 rollback segment(s) are active.
2019-11-20 09:43:44 14592 [Note] InnoDB: Waiting for purge to start
2019-11-20 09:43:44 14592 [Note] InnoDB: 5.6.13 started; log sequence number 1626666
2019-11-20 09:43:44 14592 [Note] Server hostname (bind-address): '*'; port: 3307
2019-11-20 09:43:44 14592 [Note] IPv6 is available.
2019-11-20 09:43:44 14592 [Note]   - '::' resolves to '::';
2019-11-20 09:43:44 14592 [Note] Server socket created on IP: '::'.
2019-11-20 09:44:11 4840 [Note] Plugin 'FEDERATED' is disabled.
2019-11-20 09:44:11 4840 [Note] InnoDB: The InnoDB memory heap is disabled
2019-11-20 09:44:11 4840 [Note] InnoDB: Mutexes and rw_locks use Windows interlocked functions
2019-11-20 09:44:11 4840 [Note] InnoDB: Compressed tables use zlib 1.2.3
2019-11-20 09:44:11 4840 [Note] InnoDB: Not using CPU crc32 instructions
2019-11-20 09:44:11 4840 [Note] InnoDB: Initializing buffer pool, size = 128.0M
2019-11-20 09:44:11 4840 [Note] InnoDB: Completed initialization of buffer pool
2019-11-20 09:44:11 4840 [Note] InnoDB: Highest supported file format is Barracuda.
2019-11-20 09:44:11 4840 [Note] InnoDB: The log sequence numbers 1626134 and 1626134 in ibdata files do not match the log sequence number 1626676 in the ib_logfiles!
2019-11-20 09:44:11 4840 [Note] InnoDB: Database was not shutdown normally!
2019-11-20 09:44:11 4840 [Note] InnoDB: Starting crash recovery.
2019-11-20 09:44:11 4840 [Note] InnoDB: Reading tablespace information from the .ibd files...
2019-11-20 09:44:11 4840 [Note] InnoDB: Restoring possible half-written data pages 
2019-11-20 09:44:11 4840 [Note] InnoDB: from the doublewrite buffer...
2019-11-20 09:44:11 4840 [Note] InnoDB: 128 rollback segment(s) are active.
2019-11-20 09:44:11 4840 [Note] InnoDB: Waiting for purge to start
2019-11-20 09:44:11 4840 [Note] InnoDB: 5.6.13 started; log sequence number 1626676
2019-11-20 09:44:11 4840 [Note] Server hostname (bind-address): '*'; port: 3307
2019-11-20 09:44:11 4840 [Note] IPv6 is available.
2019-11-20 09:44:11 4840 [Note]   - '::' resolves to '::';
2019-11-20 09:44:11 4840 [Note] Server socket created on IP: '::'.
2019-12-04 09:38:26 10252 [Note] Plugin 'FEDERATED' is disabled.
2019-12-04 09:38:26 10252 [Note] InnoDB: The InnoDB memory heap is disabled
2019-12-04 09:38:26 10252 [Note] InnoDB: Mutexes and rw_locks use Windows interlocked functions
2019-12-04 09:38:26 10252 [Note] InnoDB: Compressed tables use zlib 1.2.3
2019-12-04 09:38:26 10252 [Note] InnoDB: Not using CPU crc32 instructions
2019-12-04 09:38:26 10252 [Note] InnoDB: Initializing buffer pool, size = 128.0M
2019-12-04 09:38:26 10252 [Note] InnoDB: Completed initialization of buffer pool
2019-12-04 09:38:26 10252 [Note] InnoDB: Highest supported file format is Barracuda.
2019-12-04 09:38:26 10252 [Note] InnoDB: The log sequence numbers 1626134 and 1626134 in ibdata files do not match the log sequence number 1626696 in the ib_logfiles!
2019-12-04 09:38:26 10252 [Note] InnoDB: Database was not shutdown normally!
2019-12-04 09:38:26 10252 [Note] InnoDB: Starting crash recovery.
2019-12-04 09:38:26 10252 [Note] InnoDB: Reading tablespace information from the .ibd files...
2019-12-04 09:38:26 10252 [Note] InnoDB: Restoring possible half-written data pages 
2019-12-04 09:38:26 10252 [Note] InnoDB: from the doublewrite buffer...
2019-12-04 09:38:27 10252 [Note] InnoDB: 128 rollback segment(s) are active.
2019-12-04 09:38:27 10252 [Note] InnoDB: Waiting for purge to start
2019-12-04 09:38:27 10252 [Note] InnoDB: 5.6.13 started; log sequence number 1626696
2019-12-04 09:38:27 10252 [Note] Server hostname (bind-address): '*'; port: 3307
2019-12-04 09:38:27 10252 [Note] IPv6 is available.
2019-12-04 09:38:27 10252 [Note]   - '::' resolves to '::';
2019-12-04 09:38:27 10252 [Note] Server socket created on IP: '::'.
2019-12-04 13:09:08 20656 [Note] Plugin 'FEDERATED' is disabled.
2019-12-04 13:09:08 20656 [Note] InnoDB: The InnoDB memory heap is disabled
2019-12-04 13:09:08 20656 [Note] InnoDB: Mutexes and rw_locks use Windows interlocked functions
2019-12-04 13:09:08 20656 [Note] InnoDB: Compressed tables use zlib 1.2.3
2019-12-04 13:09:08 20656 [Note] InnoDB: Not using CPU crc32 instructions
2019-12-04 13:09:08 20656 [Note] InnoDB: Initializing buffer pool, size = 128.0M
2019-12-04 13:09:08 20656 [Note] InnoDB: Completed initialization of buffer pool
2019-12-04 13:09:08 20656 [ERROR] InnoDB: C:\Users\JStrahan\OneDrive - Belfast Metropolitan College\Office 365 database\USBWebserver v8.6\mysql\data\ibdata1 can't be opened in read-write mode
2019-12-04 13:09:08 20656 [ERROR] InnoDB: The system tablespace must be writable!
2019-12-04 13:09:08 20656 [ERROR] Plugin 'InnoDB' init function returned error.
2019-12-04 13:09:08 20656 [ERROR] Plugin 'InnoDB' registration as a STORAGE ENGINE failed.
2019-12-04 13:09:08 20656 [ERROR] Unknown/unsupported storage engine: InnoDB
2019-12-04 13:09:08 20656 [ERROR] Aborting

2019-12-04 13:09:08 20656 [Note] Binlog end
2019-12-04 13:09:08 20656 [Note] Shutting down plugin 'partition'
2019-12-04 13:09:08 20656 [Note] Shutting down plugin 'PERFORMANCE_SCHEMA'
2019-12-04 13:09:08 20656 [Note] Shutting down plugin 'INNODB_SYS_DATAFILES'
2019-12-04 13:09:08 20656 [Note] Shutting down plugin 'INNODB_SYS_TABLESPACES'
2019-12-04 13:09:08 20656 [Note] Shutting down plugin 'INNODB_SYS_FOREIGN_COLS'
2019-12-04 13:09:08 20656 [Note] Shutting down plugin 'INNODB_SYS_FOREIGN'
2019-12-04 13:09:08 20656 [Note] Shutting down plugin 'INNODB_SYS_FIELDS'
2019-12-04 13:09:08 20656 [Note] Shutting down plugin 'INNODB_SYS_COLUMNS'
2019-12-04 13:09:08 20656 [Note] Shutting down plugin 'INNODB_SYS_INDEXES'
2019-12-04 13:09:08 20656 [Note] Shutting down plugin 'INNODB_SYS_TABLESTATS'
2019-12-04 13:09:08 20656 [Note] Shutting down plugin 'INNODB_SYS_TABLES'
2019-12-04 13:09:08 20656 [Note] Shutting down plugin 'INNODB_FT_INDEX_TABLE'
2019-12-04 13:09:08 20656 [Note] Shutting down plugin 'INNODB_FT_INDEX_CACHE'
2019-12-04 13:09:08 20656 [Note] Shutting down plugin 'INNODB_FT_CONFIG'
2019-12-04 13:09:08 20656 [Note] Shutting down plugin 'INNODB_FT_BEING_DELETED'
2019-12-04 13:09:08 20656 [Note] Shutting down plugin 'INNODB_FT_DELETED'
2019-12-04 13:09:08 20656 [Note] Shutting down plugin 'INNODB_FT_DEFAULT_STOPWORD'
2019-12-04 13:09:08 20656 [Note] Shutting down plugin 'INNODB_METRICS'
2019-12-04 13:09:08 20656 [Note] Shutting down plugin 'INNODB_BUFFER_POOL_STATS'
2019-12-04 13:09:08 20656 [Note] Shutting down plugin 'INNODB_BUFFER_PAGE_LRU'
2019-12-04 13:09:08 20656 [Note] Shutting down plugin 'INNODB_BUFFER_PAGE'
2019-12-04 13:09:08 20656 [Note] Shutting down plugin 'INNODB_CMP_PER_INDEX_RESET'
2019-12-04 13:09:08 20656 [Note] Shutting down plugin 'INNODB_CMP_PER_INDEX'
2019-12-04 13:09:08 20656 [Note] Shutting down plugin 'INNODB_CMPMEM_RESET'
2019-12-04 13:09:08 20656 [Note] Shutting down plugin 'INNODB_CMPMEM'
2019-12-04 13:09:08 20656 [Note] Shutting down plugin 'INNODB_CMP_RESET'
2019-12-04 13:09:08 20656 [Note] Shutting down plugin 'INNODB_CMP'
2019-12-04 13:09:08 20656 [Note] Shutting down plugin 'INNODB_LOCK_WAITS'
2019-12-04 13:09:08 20656 [Note] Shutting down plugin 'INNODB_LOCKS'
2019-12-04 13:09:08 20656 [Note] Shutting down plugin 'INNODB_TRX'
2019-12-04 13:09:08 20656 [Note] Shutting down plugin 'BLACKHOLE'
2019-12-04 13:09:08 20656 [Note] Shutting down plugin 'ARCHIVE'
2019-12-04 13:09:08 20656 [Note] Shutting down plugin 'MRG_MYISAM'
2019-12-04 13:09:08 20656 [Note] Shutting down plugin 'MyISAM'
2019-12-04 13:09:08 20656 [Note] Shutting down plugin 'MEMORY'
2019-12-04 13:09:08 20656 [Note] Shutting down plugin 'CSV'
2019-12-04 13:09:08 20656 [Note] Shutting down plugin 'sha256_password'
2019-12-04 13:09:08 20656 [Note] Shutting down plugin 'mysql_old_password'
2019-12-04 13:09:08 20656 [Note] Shutting down plugin 'mysql_native_password'
2019-12-04 13:09:08 20656 [Note] Shutting down plugin 'binlog'
2019-12-04 13:09:08 20656 [Note] C:\Users\JStrahan\OneDrive - Belfast Metropolitan College\Office 365 database\USBWebserver v8.6/mysql/bin/mysqld_usbwv8.exe: Shutdown complete

2019-12-18 08:54:39 1180 [Note] Plugin 'FEDERATED' is disabled.
2019-12-18 08:54:40 1180 [Note] InnoDB: The InnoDB memory heap is disabled
2019-12-18 08:54:40 1180 [Note] InnoDB: Mutexes and rw_locks use Windows interlocked functions
2019-12-18 08:54:40 1180 [Note] InnoDB: Compressed tables use zlib 1.2.3
2019-12-18 08:54:40 1180 [Note] InnoDB: Not using CPU crc32 instructions
2019-12-18 08:54:40 1180 [Note] InnoDB: Initializing buffer pool, size = 128.0M
2019-12-18 08:54:40 1180 [Note] InnoDB: Completed initialization of buffer pool
2019-12-18 08:54:43 1180 [Note] InnoDB: Highest supported file format is Barracuda.
2019-12-18 08:54:43 1180 [Note] InnoDB: The log sequence numbers 1626134 and 1626134 in ibdata files do not match the log sequence number 1646614 in the ib_logfiles!
2019-12-18 08:54:43 1180 [Note] InnoDB: Database was not shutdown normally!
2019-12-18 08:54:43 1180 [Note] InnoDB: Starting crash recovery.
2019-12-18 08:54:43 1180 [Note] InnoDB: Reading tablespace information from the .ibd files...
2019-12-18 08:54:44 1180 [Note] InnoDB: Restoring possible half-written data pages 
2019-12-18 08:54:44 1180 [Note] InnoDB: from the doublewrite buffer...
2019-12-18 08:54:45 1180 [Note] InnoDB: 128 rollback segment(s) are active.
2019-12-18 08:54:45 1180 [Note] InnoDB: Waiting for purge to start
2019-12-18 08:54:45 1180 [Note] InnoDB: 5.6.13 started; log sequence number 1646614
2019-12-18 08:54:46 1180 [Note] Server hostname (bind-address): '*'; port: 3307
2019-12-18 08:54:46 1180 [Note] IPv6 is available.
2019-12-18 08:54:46 1180 [Note]   - '::' resolves to '::';
2019-12-18 08:54:46 1180 [Note] Server socket created on IP: '::'.
2019-12-18 08:54:50 1180 [Note] Event Scheduler: Loaded 0 events
2019-12-18 08:54:50 1180 [Note] E:\USBWebserver v8.6/mysql/bin/mysqld_usbwv8.exe: ready for connections.
Version: '5.6.13'  socket: ''  port: 3307  MySQL Community Server (GPL)
