\BOOKMARK [1][-]{section.1}{\376\377\000P\0003\000\040\000C\000r\000e\000a\000t\000e\000\040\000a\000\040\000d\000e\000s\000i\000g\000n\000\040\000f\000o\000r\000\040\000a\000n\000\040\000i\000d\000e\000n\000t\000i\000f\000i\000e\000d\000\040\000g\000a\000m\000e\000\040\000c\000o\000n\000c\000e\000p\000t}{}% 1
\BOOKMARK [2][-]{subsection.1.1}{\376\377\000G\000a\000m\000e\000\040\000e\000l\000e\000m\000e\000n\000t}{section.1}% 2
\BOOKMARK [3][-]{subsubsection.1.1.1}{\376\377\000n\000a\000v\000i\000g\000a\000t\000i\000o\000n}{subsection.1.1}% 3
\BOOKMARK [3][-]{subsubsection.1.1.2}{\376\377\000s\000c\000o\000r\000i\000n\000g}{subsection.1.1}% 4
\BOOKMARK [3][-]{subsubsection.1.1.3}{\376\377\000m\000o\000v\000e\000m\000e\000n\000t}{subsection.1.1}% 5
\BOOKMARK [3][-]{subsubsection.1.1.4}{\376\377\000i\000n\000t\000e\000r\000a\000c\000t\000i\000o\000n\000/\000c\000o\000n\000t\000r\000o\000l\000s}{subsection.1.1}% 6
\BOOKMARK [3][-]{subsubsection.1.1.5}{\376\377\000c\000o\000n\000v\000e\000y\000i\000n\000g\000\040\000i\000n\000f\000o\000r\000m\000a\000t\000i\000o\000n}{subsection.1.1}% 7
\BOOKMARK [3][-]{subsubsection.1.1.6}{\376\377\000s\000o\000u\000n\000d}{subsection.1.1}% 8
\BOOKMARK [3][-]{subsubsection.1.1.7}{\376\377\000l\000e\000v\000e\000l\000s}{subsection.1.1}% 9
\BOOKMARK [3][-]{subsubsection.1.1.8}{\376\377\000e\000n\000e\000m\000i\000e\000s}{subsection.1.1}% 10
\BOOKMARK [3][-]{subsubsection.1.1.9}{\376\377\000p\000r\000o\000b\000l\000e\000m\000\040\000s\000o\000l\000v\000i\000n\000g}{subsection.1.1}% 11
\BOOKMARK [2][-]{subsection.1.2}{\376\377\000I\000n\000t\000e\000r\000f\000a\000c\000e\000\040\000d\000e\000s\000i\000g\000n}{section.1}% 12
\BOOKMARK [3][-]{subsubsection.1.2.1}{\376\377\000l\000a\000y\000o\000u\000t}{subsection.1.2}% 13
\BOOKMARK [3][-]{subsubsection.1.2.2}{\376\377\000c\000o\000l\000o\000u\000r\000\040\000p\000a\000l\000e\000t\000t\000e}{subsection.1.2}% 14
\BOOKMARK [3][-]{subsubsection.1.2.3}{\376\377\000t\000e\000x\000t\000\040\000s\000t\000y\000l\000e\000s}{subsection.1.2}% 15
\BOOKMARK [3][-]{subsubsection.1.2.4}{\376\377\000s\000o\000u\000n\000d}{subsection.1.2}% 16
\BOOKMARK [3][-]{subsubsection.1.2.5}{\376\377\000s\000t\000a\000g\000e\000/\000s\000c\000e\000n\000e}{subsection.1.2}% 17
\BOOKMARK [3][-]{subsubsection.1.2.6}{\376\377\000a\000c\000t\000i\000o\000n\000s}{subsection.1.2}% 18
\BOOKMARK [2][-]{subsection.1.3}{\376\377\000C\000h\000a\000r\000a\000c\000t\000e\000r\000\040\000g\000e\000n\000e\000r\000a\000t\000i\000o\000n}{section.1}% 19
\BOOKMARK [3][-]{subsubsection.1.3.1}{\376\377\000b\000i\000t\000m\000a\000p\000s}{subsection.1.3}% 20
\BOOKMARK [3][-]{subsubsection.1.3.2}{\376\377\000w\000i\000r\000e\000\040\000f\000r\000a\000m\000e}{subsection.1.3}% 21
\BOOKMARK [1][-]{section.2}{\376\377\000P\0004\000\040\000P\000r\000o\000d\000u\000c\000e\000\040\000a\000\040\000l\000o\000g\000i\000c\000\040\000s\000t\000r\000u\000c\000t\000u\000r\000e\000\040\000f\000o\000r\000\040\000t\000h\000e\000\040\000i\000d\000e\000n\000t\000i\000f\000i\000e\000d\000\040\000g\000a\000m\000e\000\040\000c\000o\000n\000c\000e\000p\000t}{}% 22
\BOOKMARK [1][-]{section.3}{\376\377\000M\0002\000\040\000P\000r\000e\000p\000a\000r\000e\000\040\000a\000l\000t\000e\000r\000n\000a\000t\000i\000v\000e\000\040\000i\000n\000t\000e\000r\000f\000a\000c\000e\000\040\000d\000e\000s\000i\000g\000n\000s\000\040\000f\000o\000r\000\040\000t\000h\000e\000\040\000i\000d\000e\000n\000t\000i\000f\000i\000e\000d\000\040\000g\000a\000m\000e\000\040\000c\000o\000n\000c\000e\000p\000t}{}% 23
\BOOKMARK [1][-]{section.4}{\376\377\000D\0001\000\040\000J\000u\000s\000t\000i\000f\000y\000\040\000t\000h\000e\000\040\000d\000e\000s\000i\000g\000n\000\040\000r\000a\000t\000i\000o\000n\000a\000l\000\040\000f\000o\000r\000\040\000t\000h\000e\000\040\000i\000d\000e\000n\000t\000i\000f\000i\000e\000d\000\040\000g\000a\000m\000e\000\040\000c\000o\000n\000c\000e\000p\000t}{}% 24
