[Mon Jan 15 12:50:09.124955 2024] [mpm_winnt:notice] [pid 19960:tid 512] AH00455: Apache/2.4.54 (Win32) PHP/8.1.7 configured -- resuming normal operations
[Mon Jan 15 12:50:09.124955 2024] [mpm_winnt:notice] [pid 19960:tid 512] AH00456: Apache Lounge VS16 Server built: Jun 22 2022 09:31:11
[Mon Jan 15 12:50:09.124955 2024] [core:notice] [pid 19960:tid 512] AH00094: Command line: 'C:\\Users\\50037667\\Documents\\School Work\\Task 4\\Website/apache2/bin/httpd_usbwv8.exe -d C:/Users/50037667/Documents/School Work/Task 4/Website/Apache2'
[Mon Jan 15 12:50:09.130951 2024] [mpm_winnt:notice] [pid 19960:tid 512] AH00418: Parent: Created child process 18580
[Mon Jan 15 12:50:09.833971 2024] [mpm_winnt:notice] [pid 18580:tid 516] AH00354: Child: Starting 64 worker threads.
[Mon Jan 15 12:50:26.116474 2024] [mpm_winnt:notice] [pid 19960:tid 512] AH00428: Parent: child process 18580 exited with status 3221226356 -- Restarting.
[Mon Jan 15 12:50:26.214472 2024] [mpm_winnt:notice] [pid 19960:tid 512] AH00455: Apache/2.4.54 (Win32) PHP/8.1.7 configured -- resuming normal operations
[Mon Jan 15 12:50:26.215471 2024] [mpm_winnt:notice] [pid 19960:tid 512] AH00456: Apache Lounge VS16 Server built: Jun 22 2022 09:31:11
[Mon Jan 15 12:50:26.215471 2024] [core:notice] [pid 19960:tid 512] AH00094: Command line: 'C:\\Users\\50037667\\Documents\\School Work\\Task 4\\Website/apache2/bin/httpd_usbwv8.exe -d C:/Users/50037667/Documents/School Work/Task 4/Website/Apache2'
[Mon Jan 15 12:50:26.221468 2024] [mpm_winnt:notice] [pid 19960:tid 512] AH00418: Parent: Created child process 5016
[Mon Jan 15 12:50:26.974484 2024] [mpm_winnt:notice] [pid 5016:tid 548] AH00354: Child: Starting 64 worker threads.
[Mon Jan 15 12:50:28.913295 2024] [mpm_winnt:notice] [pid 19960:tid 512] AH00428: Parent: child process 5016 exited with status 3221226356 -- Restarting.
[Mon Jan 15 12:50:29.008162 2024] [mpm_winnt:notice] [pid 19960:tid 512] AH00455: Apache/2.4.54 (Win32) PHP/8.1.7 configured -- resuming normal operations
[Mon Jan 15 12:50:29.008162 2024] [mpm_winnt:notice] [pid 19960:tid 512] AH00456: Apache Lounge VS16 Server built: Jun 22 2022 09:31:11
[Mon Jan 15 12:50:29.008162 2024] [core:notice] [pid 19960:tid 512] AH00094: Command line: 'C:\\Users\\50037667\\Documents\\School Work\\Task 4\\Website/apache2/bin/httpd_usbwv8.exe -d C:/Users/50037667/Documents/School Work/Task 4/Website/Apache2'
[Mon Jan 15 12:50:29.013169 2024] [mpm_winnt:notice] [pid 19960:tid 512] AH00418: Parent: Created child process 19036
[Mon Jan 15 12:50:29.710935 2024] [mpm_winnt:notice] [pid 19036:tid 516] AH00354: Child: Starting 64 worker threads.
[Mon Jan 15 12:50:31.522445 2024] [mpm_winnt:notice] [pid 19960:tid 512] AH00428: Parent: child process 19036 exited with status 3221226356 -- Restarting.
[Mon Jan 15 12:50:31.603456 2024] [mpm_winnt:notice] [pid 19960:tid 512] AH00455: Apache/2.4.54 (Win32) PHP/8.1.7 configured -- resuming normal operations
[Mon Jan 15 12:50:31.603456 2024] [mpm_winnt:notice] [pid 19960:tid 512] AH00456: Apache Lounge VS16 Server built: Jun 22 2022 09:31:11
[Mon Jan 15 12:50:31.603456 2024] [core:notice] [pid 19960:tid 512] AH00094: Command line: 'C:\\Users\\50037667\\Documents\\School Work\\Task 4\\Website/apache2/bin/httpd_usbwv8.exe -d C:/Users/50037667/Documents/School Work/Task 4/Website/Apache2'
[Mon Jan 15 12:50:31.609459 2024] [mpm_winnt:notice] [pid 19960:tid 512] AH00418: Parent: Created child process 14900
[Mon Jan 15 12:50:32.277125 2024] [mpm_winnt:notice] [pid 14900:tid 528] AH00354: Child: Starting 64 worker threads.
[Mon Jan 15 12:50:34.376069 2024] [mpm_winnt:notice] [pid 19960:tid 512] AH00428: Parent: child process 14900 exited with status 3221226356 -- Restarting.
[Mon Jan 15 12:50:34.474069 2024] [mpm_winnt:notice] [pid 19960:tid 512] AH00455: Apache/2.4.54 (Win32) PHP/8.1.7 configured -- resuming normal operations
[Mon Jan 15 12:50:34.474069 2024] [mpm_winnt:notice] [pid 19960:tid 512] AH00456: Apache Lounge VS16 Server built: Jun 22 2022 09:31:11
[Mon Jan 15 12:50:34.474069 2024] [core:notice] [pid 19960:tid 512] AH00094: Command line: 'C:\\Users\\50037667\\Documents\\School Work\\Task 4\\Website/apache2/bin/httpd_usbwv8.exe -d C:/Users/50037667/Documents/School Work/Task 4/Website/Apache2'
[Mon Jan 15 12:50:34.480070 2024] [mpm_winnt:notice] [pid 19960:tid 512] AH00418: Parent: Created child process 19356
[Mon Jan 15 12:50:35.229086 2024] [mpm_winnt:notice] [pid 19356:tid 516] AH00354: Child: Starting 64 worker threads.
[Mon Jan 15 12:51:25.179345 2024] [php:notice] [pid 19356:tid 1184] [client 127.0.0.1:57624] PHP Notice:  session_start(): Ignoring session_start() because a session is already active in C:\\Users\\50037667\\Documents\\School Work\\Task 4\\Website\\root\\UAM.php on line 55, referer: http://localhost:8080/login.php
[Mon Jan 15 12:51:25.181348 2024] [php:error] [pid 19356:tid 1184] [client 127.0.0.1:57624] PHP Fatal error:  Uncaught mysqli_sql_exception: Access denied for user 'root'@'localhost' (using password: NO) in C:\\Users\\50037667\\Documents\\School Work\\Task 4\\Website\\root\\UAM.php:65\nStack trace:\n#0 C:\\Users\\50037667\\Documents\\School Work\\Task 4\\Website\\root\\UAM.php(65): mysqli_connect('localhost', 'root', '', 'phplogin')\n#1 {main}\n  thrown in C:\\Users\\50037667\\Documents\\School Work\\Task 4\\Website\\root\\UAM.php on line 65, referer: http://localhost:8080/login.php
[Mon Jan 15 12:54:04.512921 2024] [php:notice] [pid 19356:tid 1172] [client 127.0.0.1:57650] PHP Notice:  session_start(): Ignoring session_start() because a session is already active in C:\\Users\\50037667\\Documents\\School Work\\Task 4\\Website\\root\\UAM.php on line 55, referer: http://localhost:8080/login.php
[Mon Jan 15 12:54:04.514921 2024] [php:error] [pid 19356:tid 1172] [client 127.0.0.1:57650] PHP Fatal error:  Uncaught mysqli_sql_exception: Access denied for user 'root'@'localhost' (using password: NO) in C:\\Users\\50037667\\Documents\\School Work\\Task 4\\Website\\root\\UAM.php:65\nStack trace:\n#0 C:\\Users\\50037667\\Documents\\School Work\\Task 4\\Website\\root\\UAM.php(65): mysqli_connect('localhost', 'root', '', 'phplogin')\n#1 {main}\n  thrown in C:\\Users\\50037667\\Documents\\School Work\\Task 4\\Website\\root\\UAM.php on line 65, referer: http://localhost:8080/login.php
